{"/home/faleryo/user/wg-fux/api-service/src/middleware/auth.js": {"path":"/home/faleryo/user/wg-fux/api-service/src/middleware/auth.js","statementMap":{"0":{"start":{"line":1,"column":12},"end":{"line":1,"column":35}},"1":{"start":{"line":2,"column":12},"end":{"line":2,"column":41}},"2":{"start":{"line":4,"column":6},"end":{"line":6,"column":null}},"3":{"start":{"line":8,"column":13},"end":{"line":52,"column":null}},"4":{"start":{"line":9,"column":2},"end":{"line":11,"column":null}},"5":{"start":{"line":10,"column":4},"end":{"line":10,"column":null}},"6":{"start":{"line":11,"column":4},"end":{"line":11,"column":null}},"7":{"start":{"line":14,"column":16},"end":{"line":14,"column":null}},"8":{"start":{"line":15,"column":2},"end":{"line":15,"column":null}},"9":{"start":{"line":15,"column":14},"end":{"line":15,"column":null}},"10":{"start":{"line":18,"column":8},"end":{"line":18,"column":86}},"11":{"start":{"line":19,"column":8},"end":{"line":19,"column":65}},"12":{"start":{"line":21,"column":2},"end":{"line":26,"column":null}},"13":{"start":{"line":22,"column":4},"end":{"line":23,"column":null}},"14":{"start":{"line":23,"column":6},"end":{"line":23,"column":null}},"15":{"start":{"line":25,"column":4},"end":{"line":25,"column":null}},"16":{"start":{"line":26,"column":4},"end":{"line":26,"column":null}},"17":{"start":{"line":30,"column":2},"end":{"line":39,"column":null}},"18":{"start":{"line":36,"column":4},"end":{"line":39,"column":null}},"19":{"start":{"line":42,"column":2},"end":{"line":52,"column":null}},"20":{"start":{"line":43,"column":10},"end":{"line":43,"column":80}},"21":{"start":{"line":44,"column":4},"end":{"line":46,"column":null}},"22":{"start":{"line":45,"column":6},"end":{"line":45,"column":null}},"23":{"start":{"line":46,"column":6},"end":{"line":46,"column":null}},"24":{"start":{"line":48,"column":20},"end":{"line":48,"column":48}},"25":{"start":{"line":49,"column":4},"end":{"line":49,"column":null}},"26":{"start":{"line":50,"column":4},"end":{"line":50,"column":null}},"27":{"start":{"line":52,"column":4},"end":{"line":52,"column":null}},"28":{"start":{"line":56,"column":6},"end":{"line":58,"column":null}},"29":{"start":{"line":57,"column":2},"end":{"line":57,"column":null}},"30":{"start":{"line":57,"column":62},"end":{"line":57,"column":null}},"31":{"start":{"line":58,"column":2},"end":{"line":58,"column":null}},"32":{"start":{"line":61,"column":6},"end":{"line":64,"column":null}},"33":{"start":{"line":62,"column":2},"end":{"line":63,"column":null}},"34":{"start":{"line":63,"column":4},"end":{"line":63,"column":null}},"35":{"start":{"line":64,"column":2},"end":{"line":64,"column":null}},"36":{"start":{"line":67,"column":6},"end":{"line":69,"column":null}},"37":{"start":{"line":68,"column":2},"end":{"line":68,"column":null}},"38":{"start":{"line":68,"column":31},"end":{"line":68,"column":null}},"39":{"start":{"line":69,"column":2},"end":{"line":69,"column":null}},"40":{"start":{"line":72,"column":0},"end":{"line":79,"column":null}}},"fnMap":{"0":{"name":"(anonymous_0)","decl":{"start":{"line":4,"column":6},"end":{"line":4,"column":null}},"loc":{"start":{"line":4,"column":6},"end":{"line":6,"column":null}},"line":4},"1":{"name":"(anonymous_1)","decl":{"start":{"line":8,"column":13},"end":{"line":8,"column":20}},"loc":{"start":{"line":8,"column":39},"end":{"line":52,"column":null}},"line":8},"2":{"name":"(anonymous_2)","decl":{"start":{"line":56,"column":6},"end":{"line":56,"column":22}},"loc":{"start":{"line":56,"column":41},"end":{"line":58,"column":null}},"line":56},"3":{"name":"(anonymous_3)","decl":{"start":{"line":61,"column":6},"end":{"line":61,"column":24}},"loc":{"start":{"line":61,"column":43},"end":{"line":64,"column":null}},"line":61},"4":{"name":"(anonymous_4)","decl":{"start":{"line":67,"column":6},"end":{"line":67,"column":23}},"loc":{"start":{"line":67,"column":42},"end":{"line":69,"column":null}},"line":67},"5":{"name":"(anonymous_5)","decl":{"start":{"line":77,"column":2},"end":{"line":77,"column":29}},"loc":{"start":{"line":77,"column":29},"end":{"line":77,"column":null}},"line":77},"6":{"name":"(anonymous_6)","decl":{"start":{"line":78,"column":2},"end":{"line":78,"column":24}},"loc":{"start":{"line":78,"column":24},"end":{"line":78,"column":null}},"line":78}},"branchMap":{"0":{"loc":{"start":{"line":4,"column":6},"end":{"line":6,"column":null}},"type":"binary-expr","locations":[{"start":{"line":4,"column":6},"end":{"line":5,"column":null}},{"start":{"line":6,"column":3},"end":{"line":6,"column":61}},{"start":{"line":6,"column":26},"end":{"line":6,"column":null}}],"line":4},"1":{"loc":{"start":{"line":9,"column":2},"end":{"line":11,"column":null}},"type":"if","locations":[{"start":{"line":9,"column":2},"end":{"line":11,"column":null}},{"start":{},"end":{}}],"line":9},"2":{"loc":{"start":{"line":15,"column":2},"end":{"line":15,"column":null}},"type":"if","locations":[{"start":{"line":15,"column":2},"end":{"line":15,"column":null}},{"start":{},"end":{}}],"line":15},"3":{"loc":{"start":{"line":18,"column":25},"end":{"line":18,"column":59}},"type":"binary-expr","locations":[{"start":{"line":18,"column":25},"end":{"line":18,"column":55}},{"start":{"line":18,"column":55},"end":{"line":18,"column":59}}],"line":18},"4":{"loc":{"start":{"line":19,"column":25},"end":{"line":19,"column":38}},"type":"binary-expr","locations":[{"start":{"line":19,"column":25},"end":{"line":19,"column":34}},{"start":{"line":19,"column":34},"end":{"line":19,"column":38}}],"line":19},"5":{"loc":{"start":{"line":21,"column":2},"end":{"line":26,"column":null}},"type":"if","locations":[{"start":{"line":21,"column":2},"end":{"line":26,"column":null}},{"start":{},"end":{}}],"line":21},"6":{"loc":{"start":{"line":21,"column":6},"end":{"line":21,"column":56}},"type":"binary-expr","locations":[{"start":{"line":21,"column":6},"end":{"line":21,"column":23}},{"start":{"line":21,"column":23},"end":{"line":21,"column":56}}],"line":21},"7":{"loc":{"start":{"line":22,"column":4},"end":{"line":23,"column":null}},"type":"if","locations":[{"start":{"line":22,"column":4},"end":{"line":23,"column":null}},{"start":{},"end":{}}],"line":22},"8":{"loc":{"start":{"line":30,"column":2},"end":{"line":39,"column":null}},"type":"if","locations":[{"start":{"line":30,"column":2},"end":{"line":39,"column":null}},{"start":{},"end":{}}],"line":30},"9":{"loc":{"start":{"line":31,"column":4},"end":{"line":34,"column":null}},"type":"binary-expr","locations":[{"start":{"line":31,"column":4},"end":{"line":31,"column":null}},{"start":{"line":32,"column":4},"end":{"line":32,"column":37}},{"start":{"line":33,"column":4},"end":{"line":33,"column":null}},{"start":{"line":34,"column":4},"end":{"line":34,"column":null}}],"line":31},"10":{"loc":{"start":{"line":43,"column":23},"end":{"line":43,"column":53}},"type":"binary-expr","locations":[{"start":{"line":43,"column":23},"end":{"line":43,"column":49}},{"start":{"line":43,"column":49},"end":{"line":43,"column":53}}],"line":43},"11":{"loc":{"start":{"line":44,"column":4},"end":{"line":46,"column":null}},"type":"if","locations":[{"start":{"line":44,"column":4},"end":{"line":46,"column":null}},{"start":{},"end":{}}],"line":44},"12":{"loc":{"start":{"line":57,"column":2},"end":{"line":57,"column":null}},"type":"if","locations":[{"start":{"line":57,"column":2},"end":{"line":57,"column":null}},{"start":{},"end":{}}],"line":57},"13":{"loc":{"start":{"line":57,"column":6},"end":{"line":57,"column":62}},"type":"binary-expr","locations":[{"start":{"line":57,"column":6},"end":{"line":57,"column":17}},{"start":{"line":57,"column":22},"end":{"line":57,"column":34}},{"start":{"line":57,"column":34},"end":{"line":57,"column":62}}],"line":57},"14":{"loc":{"start":{"line":62,"column":2},"end":{"line":63,"column":null}},"type":"if","locations":[{"start":{"line":62,"column":2},"end":{"line":63,"column":null}},{"start":{},"end":{}}],"line":62},"15":{"loc":{"start":{"line":62,"column":6},"end":{"line":62,"column":null}},"type":"binary-expr","locations":[{"start":{"line":62,"column":6},"end":{"line":62,"column":17}},{"start":{"line":62,"column":22},"end":{"line":62,"column":35}},{"start":{"line":62,"column":35},"end":{"line":62,"column":64}},{"start":{"line":62,"column":64},"end":{"line":62,"column":null}}],"line":62},"16":{"loc":{"start":{"line":68,"column":2},"end":{"line":68,"column":null}},"type":"if","locations":[{"start":{"line":68,"column":2},"end":{"line":68,"column":null}},{"start":{},"end":{}}],"line":68},"17":{"loc":{"start":{"line":68,"column":6},"end":{"line":68,"column":31}},"type":"binary-expr","locations":[{"start":{"line":68,"column":6},"end":{"line":68,"column":17}},{"start":{"line":68,"column":21},"end":{"line":68,"column":31}}],"line":68}},"s":{"0":4,"1":4,"2":4,"3":4,"4":148,"5":148,"6":148,"7":0,"8":0,"9":0,"10":0,"11":148,"12":148,"13":0,"14":0,"15":0,"16":0,"17":0,"18":0,"19":0,"20":0,"21":0,"22":148,"23":0,"24":0,"25":0,"26":0,"27":0,"28":0,"29":0,"30":38,"31":38,"32":38,"33":0,"34":0,"35":0,"36":33,"37":0,"38":33,"39":4,"40":0},"f":{"0":4,"1":4,"2":0,"3":0,"4":0,"5":4,"6":4},"b":{"0":[219,219,219],"1":[148,0],"2":[0,0],"3":[0,0],"4":[148,148],"5":[0,148],"6":[148,148],"7":[0,0],"8":[0,0],"9":[0,0,0,0],"10":[0,0],"11":[148,-148],"12":[38,-38],"13":[0,4,4],"14":[0,0],"15":[0,38,4,33],"16":[4,-4],"17":[0,0]},"meta":{"lastBranch":18,"lastFunction":7,"lastStatement":41,"seen":{"s:1:12:1:35":0,"s:2:12:2:41":1,"s:4:6:6:Infinity":2,"f:4:6:4:Infinity":0,"b:4:6:5:Infinity:6:3:6:61:6:26:6:Infinity":0,"s:8:13:52:Infinity":3,"f:8:13:8:20":1,"b:9:2:11:Infinity:undefined:undefined:undefined:undefined":1,"s:9:2:11:Infinity":4,"s:10:4:10:Infinity":5,"s:11:4:11:Infinity":6,"s:14:16:14:Infinity":7,"b:15:2:15:Infinity:undefined:undefined:undefined:undefined":2,"s:15:2:15:Infinity":8,"s:15:14:15:Infinity":9,"s:18:8:18:86":10,"b:18:25:18:55:18:55:18:59":3,"s:19:8:19:65":11,"b:19:25:19:34:19:34:19:38":4,"b:21:2:26:Infinity:undefined:undefined:undefined:undefined":5,"s:21:2:26:Infinity":12,"b:21:6:21:23:21:23:21:56":6,"b:22:4:23:Infinity:undefined:undefined:undefined:undefined":7,"s:22:4:23:Infinity":13,"s:23:6:23:Infinity":14,"s:25:4:25:Infinity":15,"s:26:4:26:Infinity":16,"b:30:2:39:Infinity:undefined:undefined:undefined:undefined":8,"s:30:2:39:Infinity":17,"b:31:4:31:Infinity:32:4:32:37:33:4:33:Infinity:34:4:34:Infinity":9,"s:36:4:39:Infinity":18,"s:42:2:52:Infinity":19,"s:43:10:43:80":20,"b:43:23:43:49:43:49:43:53":10,"b:44:4:46:Infinity:undefined:undefined:undefined:undefined":11,"s:44:4:46:Infinity":21,"s:45:6:45:Infinity":22,"s:46:6:46:Infinity":23,"s:48:20:48:48":24,"s:49:4:49:Infinity":25,"s:50:4:50:Infinity":26,"s:52:4:52:Infinity":27,"s:56:6:58:Infinity":28,"f:56:6:56:22":2,"b:57:2:57:Infinity:undefined:undefined:undefined:undefined":12,"s:57:2:57:Infinity":29,"b:57:6:57:17:57:22:57:34:57:34:57:62":13,"s:57:62:57:Infinity":30,"s:58:2:58:Infinity":31,"s:61:6:64:Infinity":32,"f:61:6:61:24":3,"b:62:2:63:Infinity:undefined:undefined:undefined:undefined":14,"s:62:2:63:Infinity":33,"b:62:6:62:17:62:22:62:35:62:35:62:64:62:64:62:Infinity":15,"s:63:4:63:Infinity":34,"s:64:2:64:Infinity":35,"s:67:6:69:Infinity":36,"f:67:6:67:23":4,"b:68:2:68:Infinity:undefined:undefined:undefined:undefined":16,"s:68:2:68:Infinity":37,"b:68:6:68:17:68:21:68:31":17,"s:68:31:68:Infinity":38,"s:69:2:69:Infinity":39,"s:72:0:79:Infinity":40,"f:77:2:77:29":5,"f:78:2:78:24":6}}}
,"/home/faleryo/user/wg-fux/api-service/src/routes/auth.js": {"path":"/home/faleryo/user/wg-fux/api-service/src/routes/auth.js","statementMap":{"0":{"start":{"line":1,"column":16},"end":{"line":1,"column":34}},"1":{"start":{"line":2,"column":15},"end":{"line":2,"column":31}},"2":{"start":{"line":3,"column":14},"end":{"line":3,"column":30}},"3":{"start":{"line":4,"column":12},"end":{"line":4,"column":35}},"4":{"start":{"line":5,"column":26},"end":{"line":5,"column":43}},"5":{"start":{"line":6,"column":15},"end":{"line":6,"column":32}},"6":{"start":{"line":7,"column":22},"end":{"line":7,"column":51}},"7":{"start":{"line":8,"column":23},"end":{"line":8,"column":42}},"8":{"start":{"line":9,"column":30},"end":{"line":9,"column":52}},"9":{"start":{"line":10,"column":24},"end":{"line":10,"column":54}},"10":{"start":{"line":11,"column":47},"end":{"line":11,"column":76}},"11":{"start":{"line":12,"column":44},"end":{"line":12,"column":71}},"12":{"start":{"line":13,"column":29},"end":{"line":13,"column":57}},"13":{"start":{"line":14,"column":26},"end":{"line":14,"column":55}},"14":{"start":{"line":15,"column":35},"end":{"line":15,"column":61}},"15":{"start":{"line":17,"column":21},"end":{"line":32,"column":2}},"16":{"start":{"line":24,"column":15},"end":{"line":24,"column":21}},"17":{"start":{"line":25,"column":4},"end":{"line":27,"column":null}},"18":{"start":{"line":28,"column":4},"end":{"line":30,"column":null}},"19":{"start":{"line":62,"column":0},"end":{"line":165,"column":null}},"20":{"start":{"line":66,"column":19},"end":{"line":66,"column":50}},"21":{"start":{"line":67,"column":4},"end":{"line":69,"column":null}},"22":{"start":{"line":68,"column":6},"end":{"line":68,"column":null}},"23":{"start":{"line":71,"column":53},"end":{"line":71,"column":64}},"24":{"start":{"line":72,"column":19},"end":{"line":76,"column":15}},"25":{"start":{"line":78,"column":18},"end":{"line":78,"column":23}},"26":{"start":{"line":79,"column":4},"end":{"line":81,"column":null}},"27":{"start":{"line":80,"column":6},"end":{"line":80,"column":null}},"28":{"start":{"line":83,"column":21},"end":{"line":83,"column":27}},"29":{"start":{"line":84,"column":22},"end":{"line":84,"column":60}},"30":{"start":{"line":86,"column":4},"end":{"line":163,"column":null}},"31":{"start":{"line":88,"column":6},"end":{"line":95,"column":null}},"32":{"start":{"line":89,"column":8},"end":{"line":89,"column":null}},"33":{"start":{"line":90,"column":8},"end":{"line":94,"column":null}},"34":{"start":{"line":97,"column":6},"end":{"line":106,"column":null}},"35":{"start":{"line":98,"column":8},"end":{"line":102,"column":null}},"36":{"start":{"line":99,"column":10},"end":{"line":101,"column":null}},"37":{"start":{"line":103,"column":8},"end":{"line":105,"column":null}},"38":{"start":{"line":104,"column":10},"end":{"line":104,"column":null}},"39":{"start":{"line":108,"column":6},"end":{"line":108,"column":null}},"40":{"start":{"line":111,"column":6},"end":{"line":137,"column":null}},"41":{"start":{"line":112,"column":28},"end":{"line":135,"column":9}},"42":{"start":{"line":113,"column":25},"end":{"line":113,"column":48}},"43":{"start":{"line":115,"column":28},"end":{"line":115,"column":99}},"44":{"start":{"line":117,"column":10},"end":{"line":129,"column":null}},"45":{"start":{"line":118,"column":12},"end":{"line":128,"column":null}},"46":{"start":{"line":120,"column":26},"end":{"line":122,"column":15}},"47":{"start":{"line":123,"column":14},"end":{"line":125,"column":null}},"48":{"start":{"line":124,"column":16},"end":{"line":124,"column":null}},"49":{"start":{"line":131,"column":26},"end":{"line":131,"column":120}},"50":{"start":{"line":132,"column":39},"end":{"line":132,"column":67}},"51":{"start":{"line":133,"column":36},"end":{"line":133,"column":65}},"52":{"start":{"line":134,"column":10},"end":{"line":134,"column":null}},"53":{"start":{"line":136,"column":8},"end":{"line":136,"column":null}},"54":{"start":{"line":139,"column":20},"end":{"line":141,"column":8}},"55":{"start":{"line":142,"column":6},"end":{"line":142,"column":null}},"56":{"start":{"line":144,"column":6},"end":{"line":144,"column":null}},"57":{"start":{"line":147,"column":23},"end":{"line":156,"column":9}},"58":{"start":{"line":158,"column":20},"end":{"line":158,"column":71}},"59":{"start":{"line":159,"column":6},"end":{"line":162,"column":null}},"60":{"start":{"line":160,"column":14},"end":{"line":160,"column":92}},"61":{"start":{"line":181,"column":0},"end":{"line":193,"column":null}},"62":{"start":{"line":185,"column":19},"end":{"line":189,"column":15}},"63":{"start":{"line":190,"column":4},"end":{"line":190,"column":null}},"64":{"start":{"line":190,"column":15},"end":{"line":190,"column":null}},"65":{"start":{"line":191,"column":4},"end":{"line":191,"column":null}},"66":{"start":{"line":195,"column":0},"end":{"line":219,"column":null}},"67":{"start":{"line":200,"column":18},"end":{"line":200,"column":79}},"68":{"start":{"line":201,"column":19},"end":{"line":201,"column":63}},"69":{"start":{"line":202,"column":20},"end":{"line":208,"column":21}},"70":{"start":{"line":209,"column":4},"end":{"line":217,"column":null}},"71":{"start":{"line":210,"column":26},"end":{"line":216,"column":7}},"72":{"start":{"line":221,"column":0},"end":{"line":238,"column":null}},"73":{"start":{"line":226,"column":19},"end":{"line":230,"column":15}},"74":{"start":{"line":231,"column":4},"end":{"line":231,"column":null}},"75":{"start":{"line":231,"column":15},"end":{"line":231,"column":null}},"76":{"start":{"line":233,"column":19},"end":{"line":233,"column":49}},"77":{"start":{"line":234,"column":20},"end":{"line":234,"column":76}},"78":{"start":{"line":235,"column":22},"end":{"line":235,"column":53}},"79":{"start":{"line":236,"column":4},"end":{"line":236,"column":null}},"80":{"start":{"line":240,"column":0},"end":{"line":256,"column":null}},"81":{"start":{"line":245,"column":30},"end":{"line":245,"column":38}},"82":{"start":{"line":246,"column":4},"end":{"line":248,"column":null}},"83":{"start":{"line":247,"column":6},"end":{"line":247,"column":null}},"84":{"start":{"line":250,"column":4},"end":{"line":253,"column":null}},"85":{"start":{"line":254,"column":4},"end":{"line":254,"column":null}},"86":{"start":{"line":258,"column":0},"end":{"line":292,"column":null}},"87":{"start":{"line":263,"column":43},"end":{"line":263,"column":57}},"88":{"start":{"line":264,"column":4},"end":{"line":266,"column":null}},"89":{"start":{"line":265,"column":6},"end":{"line":265,"column":null}},"90":{"start":{"line":268,"column":19},"end":{"line":272,"column":15}},"91":{"start":{"line":273,"column":4},"end":{"line":273,"column":null}},"92":{"start":{"line":273,"column":15},"end":{"line":273,"column":null}},"93":{"start":{"line":275,"column":23},"end":{"line":275,"column":72}},"94":{"start":{"line":276,"column":4},"end":{"line":278,"column":null}},"95":{"start":{"line":277,"column":6},"end":{"line":277,"column":null}},"96":{"start":{"line":280,"column":4},"end":{"line":284,"column":null}},"97":{"start":{"line":281,"column":6},"end":{"line":283,"column":null}},"98":{"start":{"line":282,"column":8},"end":{"line":282,"column":null}},"99":{"start":{"line":286,"column":4},"end":{"line":289,"column":null}},"100":{"start":{"line":290,"column":4},"end":{"line":290,"column":null}},"101":{"start":{"line":294,"column":0},"end":{"line":294,"column":null}}},"fnMap":{"0":{"name":"(anonymous_0)","decl":{"start":{"line":23,"column":11},"end":{"line":23,"column":12}},"loc":{"start":{"line":23,"column":40},"end":{"line":31,"column":3}},"line":23},"1":{"name":"(anonymous_1)","decl":{"start":{"line":65,"column":12},"end":{"line":65,"column":17}},"loc":{"start":{"line":65,"column":39},"end":{"line":164,"column":3}},"line":65},"2":{"name":"(anonymous_2)","decl":{"start":{"line":112,"column":28},"end":{"line":112,"column":33}},"loc":{"start":{"line":112,"column":40},"end":{"line":135,"column":9}},"line":112},"3":{"name":"(anonymous_3)","decl":{"start":{"line":134,"column":77},"end":{"line":134,"column":78}},"loc":{"start":{"line":134,"column":83},"end":{"line":134,"column":85}},"line":134},"4":{"name":"(anonymous_4)","decl":{"start":{"line":160,"column":8},"end":{"line":160,"column":9}},"loc":{"start":{"line":160,"column":14},"end":{"line":160,"column":92}},"line":160},"5":{"name":"(anonymous_5)","decl":{"start":{"line":184,"column":12},"end":{"line":184,"column":17}},"loc":{"start":{"line":184,"column":32},"end":{"line":192,"column":3}},"line":184},"6":{"name":"(anonymous_6)","decl":{"start":{"line":199,"column":12},"end":{"line":199,"column":17}},"loc":{"start":{"line":199,"column":32},"end":{"line":218,"column":3}},"line":199},"7":{"name":"(anonymous_7)","decl":{"start":{"line":210,"column":18},"end":{"line":210,"column":19}},"loc":{"start":{"line":210,"column":26},"end":{"line":216,"column":7}},"line":210},"8":{"name":"(anonymous_8)","decl":{"start":{"line":225,"column":12},"end":{"line":225,"column":17}},"loc":{"start":{"line":225,"column":32},"end":{"line":237,"column":3}},"line":225},"9":{"name":"(anonymous_9)","decl":{"start":{"line":244,"column":12},"end":{"line":244,"column":17}},"loc":{"start":{"line":244,"column":32},"end":{"line":255,"column":3}},"line":244},"10":{"name":"(anonymous_10)","decl":{"start":{"line":262,"column":12},"end":{"line":262,"column":17}},"loc":{"start":{"line":262,"column":32},"end":{"line":291,"column":3}},"line":262}},"branchMap":{"0":{"loc":{"start":{"line":67,"column":4},"end":{"line":69,"column":null}},"type":"if","locations":[{"start":{"line":67,"column":4},"end":{"line":69,"column":null}},{"start":{},"end":{}}],"line":67},"1":{"loc":{"start":{"line":79,"column":4},"end":{"line":81,"column":null}},"type":"if","locations":[{"start":{"line":79,"column":4},"end":{"line":81,"column":null}},{"start":{},"end":{}}],"line":79},"2":{"loc":{"start":{"line":79,"column":8},"end":{"line":79,"column":38}},"type":"binary-expr","locations":[{"start":{"line":79,"column":8},"end":{"line":79,"column":12}},{"start":{"line":79,"column":16},"end":{"line":79,"column":25}},{"start":{"line":79,"column":29},"end":{"line":79,"column":38}}],"line":79},"3":{"loc":{"start":{"line":84,"column":22},"end":{"line":84,"column":60}},"type":"binary-expr","locations":[{"start":{"line":84,"column":22},"end":{"line":84,"column":47}},{"start":{"line":84,"column":51},"end":{"line":84,"column":60}}],"line":84},"4":{"loc":{"start":{"line":86,"column":4},"end":{"line":163,"column":null}},"type":"if","locations":[{"start":{"line":86,"column":4},"end":{"line":163,"column":null}},{"start":{"line":143,"column":11},"end":{"line":163,"column":null}}],"line":86},"5":{"loc":{"start":{"line":88,"column":6},"end":{"line":95,"column":null}},"type":"if","locations":[{"start":{"line":88,"column":6},"end":{"line":95,"column":null}},{"start":{},"end":{}}],"line":88},"6":{"loc":{"start":{"line":88,"column":10},"end":{"line":88,"column":59}},"type":"binary-expr","locations":[{"start":{"line":88,"column":10},"end":{"line":88,"column":21}},{"start":{"line":88,"column":25},"end":{"line":88,"column":59}}],"line":88},"7":{"loc":{"start":{"line":97,"column":6},"end":{"line":106,"column":null}},"type":"if","locations":[{"start":{"line":97,"column":6},"end":{"line":106,"column":null}},{"start":{},"end":{}}],"line":97},"8":{"loc":{"start":{"line":98,"column":8},"end":{"line":102,"column":null}},"type":"if","locations":[{"start":{"line":98,"column":8},"end":{"line":102,"column":null}},{"start":{},"end":{}}],"line":98},"9":{"loc":{"start":{"line":103,"column":8},"end":{"line":105,"column":null}},"type":"if","locations":[{"start":{"line":103,"column":8},"end":{"line":105,"column":null}},{"start":{},"end":{}}],"line":103},"10":{"loc":{"start":{"line":111,"column":6},"end":{"line":137,"column":null}},"type":"if","locations":[{"start":{"line":111,"column":6},"end":{"line":137,"column":null}},{"start":{},"end":{}}],"line":111},"11":{"loc":{"start":{"line":117,"column":10},"end":{"line":129,"column":null}},"type":"if","locations":[{"start":{"line":117,"column":10},"end":{"line":129,"column":null}},{"start":{},"end":{}}],"line":117},"12":{"loc":{"start":{"line":117,"column":14},"end":{"line":117,"column":46}},"type":"binary-expr","locations":[{"start":{"line":117,"column":14},"end":{"line":117,"column":24}},{"start":{"line":117,"column":28},"end":{"line":117,"column":46}}],"line":117},"13":{"loc":{"start":{"line":123,"column":14},"end":{"line":125,"column":null}},"type":"if","locations":[{"start":{"line":123,"column":14},"end":{"line":125,"column":null}},{"start":{},"end":{}}],"line":123},"14":{"loc":{"start":{"line":123,"column":18},"end":{"line":123,"column":43}},"type":"binary-expr","locations":[{"start":{"line":123,"column":18},"end":{"line":123,"column":26}},{"start":{"line":123,"column":30},"end":{"line":123,"column":43}}],"line":123},"15":{"loc":{"start":{"line":190,"column":4},"end":{"line":190,"column":null}},"type":"if","locations":[{"start":{"line":190,"column":4},"end":{"line":190,"column":null}},{"start":{},"end":{}}],"line":190},"16":{"loc":{"start":{"line":200,"column":39},"end":{"line":200,"column":71}},"type":"binary-expr","locations":[{"start":{"line":200,"column":39},"end":{"line":200,"column":64}},{"start":{"line":200,"column":68},"end":{"line":200,"column":71}}],"line":200},"17":{"loc":{"start":{"line":201,"column":31},"end":{"line":201,"column":62}},"type":"binary-expr","locations":[{"start":{"line":201,"column":31},"end":{"line":201,"column":57}},{"start":{"line":201,"column":61},"end":{"line":201,"column":62}}],"line":201},"18":{"loc":{"start":{"line":231,"column":4},"end":{"line":231,"column":null}},"type":"if","locations":[{"start":{"line":231,"column":4},"end":{"line":231,"column":null}},{"start":{},"end":{}}],"line":231},"19":{"loc":{"start":{"line":246,"column":4},"end":{"line":248,"column":null}},"type":"if","locations":[{"start":{"line":246,"column":4},"end":{"line":248,"column":null}},{"start":{},"end":{}}],"line":246},"20":{"loc":{"start":{"line":263,"column":43},"end":{"line":263,"column":57}},"type":"binary-expr","locations":[{"start":{"line":263,"column":43},"end":{"line":263,"column":51}},{"start":{"line":263,"column":55},"end":{"line":263,"column":57}}],"line":263},"21":{"loc":{"start":{"line":264,"column":4},"end":{"line":266,"column":null}},"type":"if","locations":[{"start":{"line":264,"column":4},"end":{"line":266,"column":null}},{"start":{},"end":{}}],"line":264},"22":{"loc":{"start":{"line":273,"column":4},"end":{"line":273,"column":null}},"type":"if","locations":[{"start":{"line":273,"column":4},"end":{"line":273,"column":null}},{"start":{},"end":{}}],"line":273},"23":{"loc":{"start":{"line":276,"column":4},"end":{"line":278,"column":null}},"type":"if","locations":[{"start":{"line":276,"column":4},"end":{"line":278,"column":null}},{"start":{},"end":{}}],"line":276},"24":{"loc":{"start":{"line":280,"column":4},"end":{"line":284,"column":null}},"type":"if","locations":[{"start":{"line":280,"column":4},"end":{"line":284,"column":null}},{"start":{},"end":{}}],"line":280},"25":{"loc":{"start":{"line":281,"column":6},"end":{"line":283,"column":null}},"type":"if","locations":[{"start":{"line":281,"column":6},"end":{"line":283,"column":null}},{"start":{},"end":{}}],"line":281},"26":{"loc":{"start":{"line":281,"column":10},"end":{"line":281,"column":77}},"type":"binary-expr","locations":[{"start":{"line":281,"column":10},"end":{"line":281,"column":20}},{"start":{"line":281,"column":24},"end":{"line":281,"column":77}}],"line":281}},"s":{"0":4,"1":4,"2":4,"3":4,"4":4,"5":4,"6":4,"7":4,"8":4,"9":4,"10":4,"11":4,"12":4,"13":4,"14":4,"15":4,"16":0,"17":0,"18":0,"19":4,"20":0,"21":0,"22":0,"23":0,"24":0,"25":0,"26":0,"27":0,"28":0,"29":0,"30":0,"31":0,"32":0,"33":0,"34":0,"35":0,"36":0,"37":0,"38":0,"39":0,"40":0,"41":0,"42":0,"43":0,"44":0,"45":0,"46":0,"47":0,"48":0,"49":0,"50":0,"51":0,"52":0,"53":0,"54":0,"55":0,"56":0,"57":0,"58":0,"59":0,"60":0,"61":4,"62":4,"63":4,"64":0,"65":4,"66":4,"67":3,"68":3,"69":3,"70":3,"71":0,"72":4,"73":0,"74":0,"75":0,"76":0,"77":0,"78":0,"79":0,"80":4,"81":0,"82":0,"83":0,"84":0,"85":0,"86":4,"87":0,"88":0,"89":0,"90":0,"91":0,"92":0,"93":0,"94":0,"95":0,"96":0,"97":0,"98":0,"99":0,"100":0,"101":4},"f":{"0":0,"1":0,"2":0,"3":0,"4":0,"5":4,"6":3,"7":0,"8":0,"9":0,"10":0},"b":{"0":[0,0],"1":[0,0],"2":[0,0,0],"3":[0,0],"4":[0,0],"5":[0,0],"6":[0,0],"7":[0,0],"8":[0,0],"9":[0,0],"10":[0,0],"11":[0,0],"12":[0,0],"13":[0,0],"14":[0,0],"15":[0,4],"16":[3,3],"17":[3,3],"18":[0,0],"19":[0,0],"20":[0,0],"21":[0,0],"22":[0,0],"23":[0,0],"24":[0,0],"25":[0,0],"26":[0,0]},"meta":{"lastBranch":27,"lastFunction":11,"lastStatement":102,"seen":{"s:1:16:1:34":0,"s:2:15:2:31":1,"s:3:14:3:30":2,"s:4:12:4:35":3,"s:5:26:5:43":4,"s:6:15:6:32":5,"s:7:22:7:51":6,"s:8:23:8:42":7,"s:9:30:9:52":8,"s:10:24:10:54":9,"s:11:47:11:76":10,"s:12:44:12:71":11,"s:13:29:13:57":12,"s:14:26:14:55":13,"s:15:35:15:61":14,"s:17:21:32:2":15,"f:23:11:23:12":0,"s:24:15:24:21":16,"s:25:4:27:Infinity":17,"s:28:4:30:Infinity":18,"s:62:0:165:Infinity":19,"f:65:12:65:17":1,"s:66:19:66:50":20,"b:67:4:69:Infinity:undefined:undefined:undefined:undefined":0,"s:67:4:69:Infinity":21,"s:68:6:68:Infinity":22,"s:71:53:71:64":23,"s:72:19:76:15":24,"s:78:18:78:23":25,"b:79:4:81:Infinity:undefined:undefined:undefined:undefined":1,"s:79:4:81:Infinity":26,"b:79:8:79:12:79:16:79:25:79:29:79:38":2,"s:80:6:80:Infinity":27,"s:83:21:83:27":28,"s:84:22:84:60":29,"b:84:22:84:47:84:51:84:60":3,"b:86:4:163:Infinity:143:11:163:Infinity":4,"s:86:4:163:Infinity":30,"b:88:6:95:Infinity:undefined:undefined:undefined:undefined":5,"s:88:6:95:Infinity":31,"b:88:10:88:21:88:25:88:59":6,"s:89:8:89:Infinity":32,"s:90:8:94:Infinity":33,"b:97:6:106:Infinity:undefined:undefined:undefined:undefined":7,"s:97:6:106:Infinity":34,"b:98:8:102:Infinity:undefined:undefined:undefined:undefined":8,"s:98:8:102:Infinity":35,"s:99:10:101:Infinity":36,"b:103:8:105:Infinity:undefined:undefined:undefined:undefined":9,"s:103:8:105:Infinity":37,"s:104:10:104:Infinity":38,"s:108:6:108:Infinity":39,"b:111:6:137:Infinity:undefined:undefined:undefined:undefined":10,"s:111:6:137:Infinity":40,"s:112:28:135:9":41,"f:112:28:112:33":2,"s:113:25:113:48":42,"s:115:28:115:99":43,"b:117:10:129:Infinity:undefined:undefined:undefined:undefined":11,"s:117:10:129:Infinity":44,"b:117:14:117:24:117:28:117:46":12,"s:118:12:128:Infinity":45,"s:120:26:122:15":46,"b:123:14:125:Infinity:undefined:undefined:undefined:undefined":13,"s:123:14:125:Infinity":47,"b:123:18:123:26:123:30:123:43":14,"s:124:16:124:Infinity":48,"s:131:26:131:120":49,"s:132:39:132:67":50,"s:133:36:133:65":51,"s:134:10:134:Infinity":52,"f:134:77:134:78":3,"s:136:8:136:Infinity":53,"s:139:20:141:8":54,"s:142:6:142:Infinity":55,"s:144:6:144:Infinity":56,"s:147:23:156:9":57,"s:158:20:158:71":58,"s:159:6:162:Infinity":59,"f:160:8:160:9":4,"s:160:14:160:92":60,"s:181:0:193:Infinity":61,"f:184:12:184:17":5,"s:185:19:189:15":62,"b:190:4:190:Infinity:undefined:undefined:undefined:undefined":15,"s:190:4:190:Infinity":63,"s:190:15:190:Infinity":64,"s:191:4:191:Infinity":65,"s:195:0:219:Infinity":66,"f:199:12:199:17":6,"s:200:18:200:79":67,"b:200:39:200:64:200:68:200:71":16,"s:201:19:201:63":68,"b:201:31:201:57:201:61:201:62":17,"s:202:20:208:21":69,"s:209:4:217:Infinity":70,"f:210:18:210:19":7,"s:210:26:216:7":71,"s:221:0:238:Infinity":72,"f:225:12:225:17":8,"s:226:19:230:15":73,"b:231:4:231:Infinity:undefined:undefined:undefined:undefined":18,"s:231:4:231:Infinity":74,"s:231:15:231:Infinity":75,"s:233:19:233:49":76,"s:234:20:234:76":77,"s:235:22:235:53":78,"s:236:4:236:Infinity":79,"s:240:0:256:Infinity":80,"f:244:12:244:17":9,"s:245:30:245:38":81,"b:246:4:248:Infinity:undefined:undefined:undefined:undefined":19,"s:246:4:248:Infinity":82,"s:247:6:247:Infinity":83,"s:250:4:253:Infinity":84,"s:254:4:254:Infinity":85,"s:258:0:292:Infinity":86,"f:262:12:262:17":10,"s:263:43:263:57":87,"b:263:43:263:51:263:55:263:57":20,"b:264:4:266:Infinity:undefined:undefined:undefined:undefined":21,"s:264:4:266:Infinity":88,"s:265:6:265:Infinity":89,"s:268:19:272:15":90,"b:273:4:273:Infinity:undefined:undefined:undefined:undefined":22,"s:273:4:273:Infinity":91,"s:273:15:273:Infinity":92,"s:275:23:275:72":93,"b:276:4:278:Infinity:undefined:undefined:undefined:undefined":23,"s:276:4:278:Infinity":94,"s:277:6:277:Infinity":95,"b:280:4:284:Infinity:undefined:undefined:undefined:undefined":24,"s:280:4:284:Infinity":96,"b:281:6:283:Infinity:undefined:undefined:undefined:undefined":25,"s:281:6:283:Infinity":97,"b:281:10:281:20:281:24:281:77":26,"s:282:8:282:Infinity":98,"s:286:4:289:Infinity":99,"s:290:4:290:Infinity":100,"s:294:0:294:Infinity":101}}}
,"/home/faleryo/user/wg-fux/api-service/src/routes/clients.js": {"path":"/home/faleryo/user/wg-fux/api-service/src/routes/clients.js","statementMap":{"0":{"start":{"line":1,"column":16},"end":{"line":1,"column":34}},"1":{"start":{"line":2,"column":15},"end":{"line":2,"column":31}},"2":{"start":{"line":3,"column":13},"end":{"line":3,"column":28}},"3":{"start":{"line":4,"column":19},"end":{"line":4,"column":41}},"4":{"start":{"line":5,"column":23},"end":{"line":5,"column":42}},"5":{"start":{"line":6,"column":26},"end":{"line":6,"column":48}},"6":{"start":{"line":16,"column":4},"end":{"line":16,"column":34}},"7":{"start":{"line":17,"column":33},"end":{"line":17,"column":62}},"8":{"start":{"line":18,"column":60},"end":{"line":18,"column":88}},"9":{"start":{"line":19,"column":64},"end":{"line":19,"column":93}},"10":{"start":{"line":20,"column":26},"end":{"line":20,"column":55}},"11":{"start":{"line":21,"column":21},"end":{"line":21,"column":49}},"12":{"start":{"line":22,"column":12},"end":{"line":22,"column":41}},"13":{"start":{"line":23,"column":35},"end":{"line":23,"column":61}},"14":{"start":{"line":24,"column":22},"end":{"line":24,"column":51}},"15":{"start":{"line":26,"column":24},"end":{"line":32,"column":2}},"16":{"start":{"line":33,"column":24},"end":{"line":33,"column":42}},"17":{"start":{"line":36,"column":0},"end":{"line":40,"column":null}},"18":{"start":{"line":37,"column":2},"end":{"line":38,"column":null}},"19":{"start":{"line":38,"column":4},"end":{"line":38,"column":null}},"20":{"start":{"line":39,"column":2},"end":{"line":39,"column":null}},"21":{"start":{"line":41,"column":0},"end":{"line":45,"column":null}},"22":{"start":{"line":42,"column":2},"end":{"line":43,"column":null}},"23":{"start":{"line":43,"column":4},"end":{"line":43,"column":null}},"24":{"start":{"line":44,"column":2},"end":{"line":44,"column":null}},"25":{"start":{"line":49,"column":0},"end":{"line":62,"column":null}},"26":{"start":{"line":52,"column":16},"end":{"line":52,"column":70}},"27":{"start":{"line":53,"column":4},"end":{"line":60,"column":null}},"28":{"start":{"line":54,"column":22},"end":{"line":54,"column":76}},"29":{"start":{"line":55,"column":25},"end":{"line":55,"column":98}},"30":{"start":{"line":55,"column":51},"end":{"line":55,"column":70}},"31":{"start":{"line":55,"column":87},"end":{"line":55,"column":97}},"32":{"start":{"line":56,"column":6},"end":{"line":56,"column":null}},"33":{"start":{"line":58,"column":6},"end":{"line":58,"column":null}},"34":{"start":{"line":58,"column":35},"end":{"line":58,"column":null}},"35":{"start":{"line":59,"column":6},"end":{"line":59,"column":null}},"36":{"start":{"line":64,"column":0},"end":{"line":93,"column":null}},"37":{"start":{"line":69,"column":19},"end":{"line":69,"column":54}},"38":{"start":{"line":70,"column":4},"end":{"line":72,"column":null}},"39":{"start":{"line":71,"column":6},"end":{"line":71,"column":null}},"40":{"start":{"line":73,"column":21},"end":{"line":73,"column":32}},"41":{"start":{"line":74,"column":31},"end":{"line":76,"column":6}},"42":{"start":{"line":77,"column":4},"end":{"line":79,"column":null}},"43":{"start":{"line":78,"column":6},"end":{"line":78,"column":null}},"44":{"start":{"line":82,"column":4},"end":{"line":82,"column":null}},"45":{"start":{"line":84,"column":4},"end":{"line":90,"column":null}},"46":{"start":{"line":91,"column":4},"end":{"line":91,"column":null}},"47":{"start":{"line":95,"column":0},"end":{"line":119,"column":null}},"48":{"start":{"line":99,"column":21},"end":{"line":99,"column":31}},"49":{"start":{"line":100,"column":31},"end":{"line":102,"column":6}},"50":{"start":{"line":103,"column":4},"end":{"line":105,"column":null}},"51":{"start":{"line":104,"column":6},"end":{"line":104,"column":null}},"52":{"start":{"line":108,"column":4},"end":{"line":108,"column":null}},"53":{"start":{"line":110,"column":4},"end":{"line":116,"column":null}},"54":{"start":{"line":117,"column":4},"end":{"line":117,"column":null}},"55":{"start":{"line":123,"column":0},"end":{"line":196,"column":null}},"56":{"start":{"line":128,"column":30},"end":{"line":128,"column":59}},"57":{"start":{"line":129,"column":26},"end":{"line":129,"column":47}},"58":{"start":{"line":130,"column":25},"end":{"line":130,"column":95}},"59":{"start":{"line":130,"column":53},"end":{"line":130,"column":75}},"60":{"start":{"line":130,"column":88},"end":{"line":130,"column":94}},"61":{"start":{"line":132,"column":20},"end":{"line":132,"column":22}},"62":{"start":{"line":133,"column":4},"end":{"line":139,"column":null}},"63":{"start":{"line":134,"column":21},"end":{"line":134,"column":51}},"64":{"start":{"line":135,"column":20},"end":{"line":135,"column":46}},"65":{"start":{"line":136,"column":6},"end":{"line":138,"column":null}},"66":{"start":{"line":137,"column":8},"end":{"line":137,"column":null}},"67":{"start":{"line":141,"column":22},"end":{"line":141,"column":60}},"68":{"start":{"line":143,"column":20},"end":{"line":155,"column":6}},"69":{"start":{"line":144,"column":19},"end":{"line":144,"column":39}},"70":{"start":{"line":145,"column":6},"end":{"line":154,"column":null}},"71":{"start":{"line":158,"column":19},"end":{"line":158,"column":26}},"72":{"start":{"line":159,"column":59},"end":{"line":159,"column":68}},"73":{"start":{"line":160,"column":4},"end":{"line":160,"column":null}},"74":{"start":{"line":160,"column":25},"end":{"line":160,"column":null}},"75":{"start":{"line":160,"column":59},"end":{"line":160,"column":90}},"76":{"start":{"line":161,"column":4},"end":{"line":161,"column":null}},"77":{"start":{"line":161,"column":29},"end":{"line":161,"column":null}},"78":{"start":{"line":161,"column":63},"end":{"line":161,"column":73}},"79":{"start":{"line":162,"column":4},"end":{"line":162,"column":null}},"80":{"start":{"line":162,"column":30},"end":{"line":162,"column":null}},"81":{"start":{"line":162,"column":64},"end":{"line":162,"column":75}},"82":{"start":{"line":163,"column":4},"end":{"line":171,"column":null}},"83":{"start":{"line":164,"column":16},"end":{"line":164,"column":36}},"84":{"start":{"line":165,"column":6},"end":{"line":170,"column":null}},"85":{"start":{"line":167,"column":10},"end":{"line":169,"column":null}},"86":{"start":{"line":175,"column":30},"end":{"line":175,"column":32}},"87":{"start":{"line":176,"column":26},"end":{"line":176,"column":29}},"88":{"start":{"line":177,"column":23},"end":{"line":177,"column":60}},"89":{"start":{"line":178,"column":17},"end":{"line":178,"column":59}},"90":{"start":{"line":179,"column":27},"end":{"line":179,"column":76}},"91":{"start":{"line":180,"column":21},"end":{"line":180,"column":81}},"92":{"start":{"line":182,"column":18},"end":{"line":182,"column":33}},"93":{"start":{"line":183,"column":22},"end":{"line":185,"column":16}},"94":{"start":{"line":187,"column":4},"end":{"line":194,"column":null}},"95":{"start":{"line":198,"column":0},"end":{"line":232,"column":null}},"96":{"start":{"line":203,"column":19},"end":{"line":203,"column":63}},"97":{"start":{"line":204,"column":23},"end":{"line":204,"column":61}},"98":{"start":{"line":206,"column":4},"end":{"line":210,"column":null}},"99":{"start":{"line":207,"column":6},"end":{"line":207,"column":null}},"100":{"start":{"line":208,"column":6},"end":{"line":208,"column":null}},"101":{"start":{"line":209,"column":6},"end":{"line":209,"column":null}},"102":{"start":{"line":212,"column":20},"end":{"line":221,"column":5}},"103":{"start":{"line":222,"column":17},"end":{"line":226,"column":5}},"104":{"start":{"line":223,"column":6},"end":{"line":225,"column":null}},"105":{"start":{"line":224,"column":20},"end":{"line":224,"column":85}},"106":{"start":{"line":227,"column":16},"end":{"line":227,"column":55}},"107":{"start":{"line":228,"column":4},"end":{"line":228,"column":null}},"108":{"start":{"line":229,"column":4},"end":{"line":229,"column":null}},"109":{"start":{"line":230,"column":4},"end":{"line":230,"column":null}},"110":{"start":{"line":234,"column":0},"end":{"line":351,"column":null}},"111":{"start":{"line":240,"column":19},"end":{"line":240,"column":51}},"112":{"start":{"line":241,"column":4},"end":{"line":243,"column":null}},"113":{"start":{"line":242,"column":6},"end":{"line":242,"column":null}},"114":{"start":{"line":245,"column":60},"end":{"line":245,"column":71}},"115":{"start":{"line":247,"column":19},"end":{"line":251,"column":15}},"116":{"start":{"line":252,"column":4},"end":{"line":256,"column":null}},"117":{"start":{"line":253,"column":6},"end":{"line":255,"column":null}},"118":{"start":{"line":258,"column":45},"end":{"line":261,"column":5}},"119":{"start":{"line":263,"column":4},"end":{"line":270,"column":null}},"120":{"start":{"line":264,"column":6},"end":{"line":268,"column":null}},"121":{"start":{"line":265,"column":8},"end":{"line":267,"column":null}},"122":{"start":{"line":269,"column":6},"end":{"line":269,"column":null}},"123":{"start":{"line":273,"column":20},"end":{"line":273,"column":22}},"124":{"start":{"line":275,"column":6},"end":{"line":275,"column":92}},"125":{"start":{"line":277,"column":4},"end":{"line":314,"column":null}},"126":{"start":{"line":278,"column":6},"end":{"line":278,"column":null}},"127":{"start":{"line":282,"column":24},"end":{"line":282,"column":53}},"128":{"start":{"line":283,"column":28},"end":{"line":283,"column":62}},"129":{"start":{"line":284,"column":6},"end":{"line":313,"column":null}},"130":{"start":{"line":285,"column":8},"end":{"line":285,"column":null}},"131":{"start":{"line":288,"column":8},"end":{"line":290,"column":null}},"132":{"start":{"line":291,"column":8},"end":{"line":308,"column":null}},"133":{"start":{"line":292,"column":29},"end":{"line":292,"column":65}},"134":{"start":{"line":293,"column":25},"end":{"line":293,"column":70}},"135":{"start":{"line":295,"column":28},"end":{"line":295,"column":81}},"136":{"start":{"line":296,"column":10},"end":{"line":305,"column":null}},"137":{"start":{"line":298,"column":42},"end":{"line":301,"column":14}},"138":{"start":{"line":302,"column":12},"end":{"line":304,"column":null}},"139":{"start":{"line":303,"column":14},"end":{"line":303,"column":null}},"140":{"start":{"line":307,"column":10},"end":{"line":307,"column":null}},"141":{"start":{"line":310,"column":8},"end":{"line":312,"column":null}},"142":{"start":{"line":311,"column":10},"end":{"line":311,"column":null}},"143":{"start":{"line":317,"column":4},"end":{"line":338,"column":null}},"144":{"start":{"line":318,"column":6},"end":{"line":321,"column":null}},"145":{"start":{"line":323,"column":6},"end":{"line":336,"column":null}},"146":{"start":{"line":327,"column":8},"end":{"line":335,"column":null}},"147":{"start":{"line":337,"column":6},"end":{"line":337,"column":null}},"148":{"start":{"line":340,"column":4},"end":{"line":347,"column":null}},"149":{"start":{"line":349,"column":4},"end":{"line":349,"column":null}},"150":{"start":{"line":353,"column":0},"end":{"line":436,"column":null}},"151":{"start":{"line":358,"column":19},"end":{"line":358,"column":51}},"152":{"start":{"line":359,"column":4},"end":{"line":361,"column":null}},"153":{"start":{"line":360,"column":6},"end":{"line":360,"column":null}},"154":{"start":{"line":363,"column":32},"end":{"line":363,"column":42}},"155":{"start":{"line":364,"column":24},"end":{"line":364,"column":35}},"156":{"start":{"line":365,"column":21},"end":{"line":369,"column":15}},"157":{"start":{"line":370,"column":4},"end":{"line":372,"column":null}},"158":{"start":{"line":371,"column":6},"end":{"line":371,"column":null}},"159":{"start":{"line":374,"column":22},"end":{"line":374,"column":51}},"160":{"start":{"line":375,"column":22},"end":{"line":375,"column":38}},"161":{"start":{"line":377,"column":4},"end":{"line":418,"column":null}},"162":{"start":{"line":378,"column":6},"end":{"line":378,"column":null}},"163":{"start":{"line":380,"column":6},"end":{"line":386,"column":null}},"164":{"start":{"line":381,"column":8},"end":{"line":381,"column":null}},"165":{"start":{"line":383,"column":8},"end":{"line":385,"column":null}},"166":{"start":{"line":387,"column":27},"end":{"line":387,"column":71}},"167":{"start":{"line":388,"column":6},"end":{"line":390,"column":null}},"168":{"start":{"line":389,"column":8},"end":{"line":389,"column":null}},"169":{"start":{"line":391,"column":18},"end":{"line":396,"column":18}},"170":{"start":{"line":394,"column":21},"end":{"line":394,"column":46}},"171":{"start":{"line":395,"column":22},"end":{"line":395,"column":65}},"172":{"start":{"line":397,"column":6},"end":{"line":403,"column":null}},"173":{"start":{"line":405,"column":65},"end":{"line":408,"column":7}},"174":{"start":{"line":409,"column":6},"end":{"line":411,"column":null}},"175":{"start":{"line":410,"column":8},"end":{"line":410,"column":null}},"176":{"start":{"line":412,"column":6},"end":{"line":417,"column":null}},"177":{"start":{"line":420,"column":4},"end":{"line":423,"column":null}},"178":{"start":{"line":425,"column":4},"end":{"line":432,"column":null}},"179":{"start":{"line":434,"column":4},"end":{"line":434,"column":null}},"180":{"start":{"line":438,"column":0},"end":{"line":469,"column":null}},"181":{"start":{"line":443,"column":32},"end":{"line":443,"column":42}},"182":{"start":{"line":444,"column":31},"end":{"line":447,"column":6}},"183":{"start":{"line":448,"column":4},"end":{"line":448,"column":null}},"184":{"start":{"line":448,"column":18},"end":{"line":448,"column":null}},"185":{"start":{"line":450,"column":21},"end":{"line":454,"column":15}},"186":{"start":{"line":455,"column":4},"end":{"line":466,"column":null}},"187":{"start":{"line":456,"column":6},"end":{"line":456,"column":null}},"188":{"start":{"line":457,"column":6},"end":{"line":457,"column":null}},"189":{"start":{"line":459,"column":6},"end":{"line":465,"column":null}},"190":{"start":{"line":467,"column":4},"end":{"line":467,"column":null}},"191":{"start":{"line":471,"column":0},"end":{"line":550,"column":null}},"192":{"start":{"line":476,"column":32},"end":{"line":476,"column":42}},"193":{"start":{"line":477,"column":19},"end":{"line":477,"column":56}},"194":{"start":{"line":478,"column":4},"end":{"line":480,"column":null}},"195":{"start":{"line":479,"column":6},"end":{"line":479,"column":null}},"196":{"start":{"line":481,"column":43},"end":{"line":481,"column":54}},"197":{"start":{"line":482,"column":21},"end":{"line":486,"column":15}},"198":{"start":{"line":487,"column":4},"end":{"line":489,"column":null}},"199":{"start":{"line":488,"column":6},"end":{"line":488,"column":null}},"200":{"start":{"line":491,"column":22},"end":{"line":491,"column":51}},"201":{"start":{"line":492,"column":23},"end":{"line":492,"column":25}},"202":{"start":{"line":493,"column":4},"end":{"line":501,"column":null}},"203":{"start":{"line":494,"column":6},"end":{"line":494,"column":null}},"204":{"start":{"line":495,"column":6},"end":{"line":500,"column":null}},"205":{"start":{"line":496,"column":28},"end":{"line":496,"column":89}},"206":{"start":{"line":497,"column":8},"end":{"line":497,"column":null}},"207":{"start":{"line":497,"column":22},"end":{"line":497,"column":null}},"208":{"start":{"line":499,"column":8},"end":{"line":499,"column":null}},"209":{"start":{"line":502,"column":4},"end":{"line":510,"column":null}},"210":{"start":{"line":503,"column":6},"end":{"line":503,"column":null}},"211":{"start":{"line":504,"column":6},"end":{"line":509,"column":null}},"212":{"start":{"line":505,"column":28},"end":{"line":505,"column":95}},"213":{"start":{"line":506,"column":8},"end":{"line":506,"column":null}},"214":{"start":{"line":506,"column":22},"end":{"line":506,"column":null}},"215":{"start":{"line":508,"column":8},"end":{"line":508,"column":null}},"216":{"start":{"line":511,"column":4},"end":{"line":528,"column":null}},"217":{"start":{"line":512,"column":6},"end":{"line":512,"column":null}},"218":{"start":{"line":513,"column":6},"end":{"line":521,"column":null}},"219":{"start":{"line":514,"column":28},"end":{"line":517,"column":9}},"220":{"start":{"line":518,"column":8},"end":{"line":518,"column":null}},"221":{"start":{"line":518,"column":22},"end":{"line":518,"column":null}},"222":{"start":{"line":520,"column":8},"end":{"line":520,"column":null}},"223":{"start":{"line":523,"column":55},"end":{"line":526,"column":7}},"224":{"start":{"line":527,"column":6},"end":{"line":527,"column":null}},"225":{"start":{"line":527,"column":23},"end":{"line":527,"column":null}},"226":{"start":{"line":529,"column":4},"end":{"line":532,"column":null}},"227":{"start":{"line":533,"column":53},"end":{"line":536,"column":5}},"228":{"start":{"line":537,"column":4},"end":{"line":537,"column":null}},"229":{"start":{"line":537,"column":21},"end":{"line":537,"column":null}},"230":{"start":{"line":539,"column":4},"end":{"line":546,"column":null}},"231":{"start":{"line":548,"column":4},"end":{"line":548,"column":null}},"232":{"start":{"line":552,"column":0},"end":{"line":595,"column":null}},"233":{"start":{"line":557,"column":19},"end":{"line":557,"column":55}},"234":{"start":{"line":558,"column":4},"end":{"line":560,"column":null}},"235":{"start":{"line":559,"column":6},"end":{"line":559,"column":null}},"236":{"start":{"line":561,"column":32},"end":{"line":561,"column":43}},"237":{"start":{"line":562,"column":23},"end":{"line":562,"column":24}},"238":{"start":{"line":563,"column":20},"end":{"line":563,"column":21}},"239":{"start":{"line":564,"column":4},"end":{"line":581,"column":null}},"240":{"start":{"line":565,"column":6},"end":{"line":580,"column":null}},"241":{"start":{"line":566,"column":26},"end":{"line":566,"column":69}},"242":{"start":{"line":567,"column":8},"end":{"line":570,"column":null}},"243":{"start":{"line":568,"column":10},"end":{"line":569,"column":null}},"244":{"start":{"line":568,"column":29},"end":{"line":568,"column":null}},"245":{"start":{"line":569,"column":15},"end":{"line":569,"column":null}},"246":{"start":{"line":571,"column":8},"end":{"line":575,"column":null}},"247":{"start":{"line":572,"column":10},"end":{"line":574,"column":null}},"248":{"start":{"line":573,"column":12},"end":{"line":573,"column":null}},"249":{"start":{"line":574,"column":15},"end":{"line":574,"column":null}},"250":{"start":{"line":577,"column":8},"end":{"line":577,"column":null}},"251":{"start":{"line":579,"column":8},"end":{"line":579,"column":null}},"252":{"start":{"line":582,"column":4},"end":{"line":582,"column":null}},"253":{"start":{"line":584,"column":4},"end":{"line":591,"column":null}},"254":{"start":{"line":593,"column":4},"end":{"line":593,"column":null}},"255":{"start":{"line":597,"column":0},"end":{"line":647,"column":null}},"256":{"start":{"line":602,"column":19},"end":{"line":602,"column":55}},"257":{"start":{"line":603,"column":4},"end":{"line":605,"column":null}},"258":{"start":{"line":604,"column":6},"end":{"line":604,"column":null}},"259":{"start":{"line":606,"column":24},"end":{"line":606,"column":35}},"260":{"start":{"line":607,"column":23},"end":{"line":607,"column":24}},"261":{"start":{"line":608,"column":20},"end":{"line":608,"column":21}},"262":{"start":{"line":609,"column":4},"end":{"line":635,"column":null}},"263":{"start":{"line":610,"column":6},"end":{"line":634,"column":null}},"264":{"start":{"line":611,"column":27},"end":{"line":620,"column":19}},"265":{"start":{"line":621,"column":28},"end":{"line":624,"column":10}},"266":{"start":{"line":625,"column":8},"end":{"line":631,"column":null}},"267":{"start":{"line":626,"column":10},"end":{"line":626,"column":null}},"268":{"start":{"line":627,"column":10},"end":{"line":627,"column":null}},"269":{"start":{"line":628,"column":10},"end":{"line":628,"column":null}},"270":{"start":{"line":630,"column":10},"end":{"line":630,"column":null}},"271":{"start":{"line":633,"column":8},"end":{"line":633,"column":null}},"272":{"start":{"line":636,"column":4},"end":{"line":643,"column":null}},"273":{"start":{"line":645,"column":4},"end":{"line":645,"column":null}},"274":{"start":{"line":649,"column":0},"end":{"line":680,"column":null}},"275":{"start":{"line":654,"column":19},"end":{"line":654,"column":55}},"276":{"start":{"line":655,"column":4},"end":{"line":656,"column":null}},"277":{"start":{"line":656,"column":6},"end":{"line":656,"column":null}},"278":{"start":{"line":657,"column":46},"end":{"line":657,"column":57}},"279":{"start":{"line":658,"column":31},"end":{"line":662,"column":6}},"280":{"start":{"line":663,"column":4},"end":{"line":663,"column":null}},"281":{"start":{"line":663,"column":18},"end":{"line":663,"column":null}},"282":{"start":{"line":664,"column":4},"end":{"line":667,"column":null}},"283":{"start":{"line":669,"column":4},"end":{"line":676,"column":null}},"284":{"start":{"line":678,"column":4},"end":{"line":678,"column":null}},"285":{"start":{"line":682,"column":0},"end":{"line":701,"column":null}},"286":{"start":{"line":687,"column":32},"end":{"line":687,"column":42}},"287":{"start":{"line":688,"column":19},"end":{"line":688,"column":56}},"288":{"start":{"line":689,"column":18},"end":{"line":689,"column":57}},"289":{"start":{"line":690,"column":19},"end":{"line":690,"column":58}},"290":{"start":{"line":692,"column":20},"end":{"line":698,"column":21}},"291":{"start":{"line":699,"column":4},"end":{"line":699,"column":null}},"292":{"start":{"line":703,"column":0},"end":{"line":725,"column":null}},"293":{"start":{"line":708,"column":32},"end":{"line":708,"column":42}},"294":{"start":{"line":709,"column":21},"end":{"line":713,"column":15}},"295":{"start":{"line":714,"column":4},"end":{"line":714,"column":null}},"296":{"start":{"line":714,"column":17},"end":{"line":714,"column":null}},"297":{"start":{"line":716,"column":20},"end":{"line":721,"column":16}},"298":{"start":{"line":723,"column":4},"end":{"line":723,"column":null}},"299":{"start":{"line":723,"column":33},"end":{"line":723,"column":90}},"300":{"start":{"line":727,"column":0},"end":{"line":752,"column":null}},"301":{"start":{"line":732,"column":32},"end":{"line":732,"column":42}},"302":{"start":{"line":733,"column":21},"end":{"line":737,"column":15}},"303":{"start":{"line":738,"column":4},"end":{"line":738,"column":null}},"304":{"start":{"line":738,"column":17},"end":{"line":738,"column":null}},"305":{"start":{"line":740,"column":22},"end":{"line":740,"column":51}},"306":{"start":{"line":741,"column":23},"end":{"line":741,"column":59}},"307":{"start":{"line":742,"column":4},"end":{"line":750,"column":null}},"308":{"start":{"line":743,"column":25},"end":{"line":743,"column":70}},"309":{"start":{"line":744,"column":6},"end":{"line":744,"column":null}},"310":{"start":{"line":746,"column":6},"end":{"line":748,"column":null}},"311":{"start":{"line":747,"column":8},"end":{"line":747,"column":null}},"312":{"start":{"line":749,"column":6},"end":{"line":749,"column":null}},"313":{"start":{"line":754,"column":0},"end":{"line":754,"column":null}}},"fnMap":{"0":{"name":"(anonymous_0)","decl":{"start":{"line":36,"column":26},"end":{"line":36,"column":27}},"loc":{"start":{"line":36,"column":51},"end":{"line":40,"column":1}},"line":36},"1":{"name":"(anonymous_1)","decl":{"start":{"line":41,"column":21},"end":{"line":41,"column":22}},"loc":{"start":{"line":41,"column":46},"end":{"line":45,"column":1}},"line":41},"2":{"name":"(anonymous_2)","decl":{"start":{"line":51,"column":12},"end":{"line":51,"column":17}},"loc":{"start":{"line":51,"column":32},"end":{"line":61,"column":3}},"line":51},"3":{"name":"(anonymous_3)","decl":{"start":{"line":55,"column":40},"end":{"line":55,"column":41}},"loc":{"start":{"line":55,"column":51},"end":{"line":55,"column":70}},"line":55},"4":{"name":"(anonymous_4)","decl":{"start":{"line":55,"column":76},"end":{"line":55,"column":77}},"loc":{"start":{"line":55,"column":87},"end":{"line":55,"column":97}},"line":55},"5":{"name":"(anonymous_5)","decl":{"start":{"line":68,"column":12},"end":{"line":68,"column":17}},"loc":{"start":{"line":68,"column":32},"end":{"line":92,"column":3}},"line":68},"6":{"name":"(anonymous_6)","decl":{"start":{"line":98,"column":12},"end":{"line":98,"column":17}},"loc":{"start":{"line":98,"column":32},"end":{"line":118,"column":3}},"line":98},"7":{"name":"(anonymous_7)","decl":{"start":{"line":127,"column":12},"end":{"line":127,"column":17}},"loc":{"start":{"line":127,"column":32},"end":{"line":195,"column":3}},"line":127},"8":{"name":"(anonymous_8)","decl":{"start":{"line":130,"column":46},"end":{"line":130,"column":47}},"loc":{"start":{"line":130,"column":53},"end":{"line":130,"column":75}},"line":130},"9":{"name":"(anonymous_9)","decl":{"start":{"line":130,"column":81},"end":{"line":130,"column":82}},"loc":{"start":{"line":130,"column":88},"end":{"line":130,"column":94}},"line":130},"10":{"name":"(anonymous_10)","decl":{"start":{"line":136,"column":20},"end":{"line":136,"column":21}},"loc":{"start":{"line":136,"column":27},"end":{"line":138,"column":7}},"line":136},"11":{"name":"(anonymous_11)","decl":{"start":{"line":143,"column":34},"end":{"line":143,"column":35}},"loc":{"start":{"line":143,"column":41},"end":{"line":155,"column":5}},"line":143},"12":{"name":"(anonymous_12)","decl":{"start":{"line":160,"column":52},"end":{"line":160,"column":53}},"loc":{"start":{"line":160,"column":59},"end":{"line":160,"column":90}},"line":160},"13":{"name":"(anonymous_13)","decl":{"start":{"line":161,"column":56},"end":{"line":161,"column":57}},"loc":{"start":{"line":161,"column":63},"end":{"line":161,"column":73}},"line":161},"14":{"name":"(anonymous_14)","decl":{"start":{"line":162,"column":57},"end":{"line":162,"column":58}},"loc":{"start":{"line":162,"column":64},"end":{"line":162,"column":75}},"line":162},"15":{"name":"(anonymous_15)","decl":{"start":{"line":166,"column":8},"end":{"line":166,"column":9}},"loc":{"start":{"line":167,"column":10},"end":{"line":169,"column":null}},"line":167},"16":{"name":"(anonymous_16)","decl":{"start":{"line":202,"column":12},"end":{"line":202,"column":17}},"loc":{"start":{"line":202,"column":32},"end":{"line":231,"column":3}},"line":202},"17":{"name":"(anonymous_17)","decl":{"start":{"line":222,"column":32},"end":{"line":222,"column":33}},"loc":{"start":{"line":223,"column":6},"end":{"line":225,"column":null}},"line":223},"18":{"name":"(anonymous_18)","decl":{"start":{"line":224,"column":13},"end":{"line":224,"column":14}},"loc":{"start":{"line":224,"column":20},"end":{"line":224,"column":85}},"line":224},"19":{"name":"(anonymous_19)","decl":{"start":{"line":239,"column":12},"end":{"line":239,"column":17}},"loc":{"start":{"line":239,"column":32},"end":{"line":350,"column":3}},"line":239},"20":{"name":"(anonymous_20)","decl":{"start":{"line":357,"column":12},"end":{"line":357,"column":17}},"loc":{"start":{"line":357,"column":32},"end":{"line":435,"column":3}},"line":357},"21":{"name":"(anonymous_21)","decl":{"start":{"line":394,"column":13},"end":{"line":394,"column":14}},"loc":{"start":{"line":394,"column":21},"end":{"line":394,"column":46}},"line":394},"22":{"name":"(anonymous_22)","decl":{"start":{"line":395,"column":13},"end":{"line":395,"column":14}},"loc":{"start":{"line":395,"column":22},"end":{"line":395,"column":65}},"line":395},"23":{"name":"(anonymous_23)","decl":{"start":{"line":442,"column":12},"end":{"line":442,"column":17}},"loc":{"start":{"line":442,"column":32},"end":{"line":468,"column":3}},"line":442},"24":{"name":"(anonymous_24)","decl":{"start":{"line":475,"column":12},"end":{"line":475,"column":17}},"loc":{"start":{"line":475,"column":32},"end":{"line":549,"column":3}},"line":475},"25":{"name":"(anonymous_25)","decl":{"start":{"line":499,"column":65},"end":{"line":499,"column":66}},"loc":{"start":{"line":499,"column":71},"end":{"line":499,"column":73}},"line":499},"26":{"name":"(anonymous_26)","decl":{"start":{"line":508,"column":64},"end":{"line":508,"column":65}},"loc":{"start":{"line":508,"column":70},"end":{"line":508,"column":72}},"line":508},"27":{"name":"(anonymous_27)","decl":{"start":{"line":520,"column":71},"end":{"line":520,"column":72}},"loc":{"start":{"line":520,"column":77},"end":{"line":520,"column":79}},"line":520},"28":{"name":"(anonymous_28)","decl":{"start":{"line":556,"column":12},"end":{"line":556,"column":17}},"loc":{"start":{"line":556,"column":32},"end":{"line":594,"column":3}},"line":556},"29":{"name":"(anonymous_29)","decl":{"start":{"line":569,"column":72},"end":{"line":569,"column":73}},"loc":{"start":{"line":569,"column":78},"end":{"line":569,"column":80}},"line":569},"30":{"name":"(anonymous_30)","decl":{"start":{"line":574,"column":71},"end":{"line":574,"column":72}},"loc":{"start":{"line":574,"column":77},"end":{"line":574,"column":79}},"line":574},"31":{"name":"(anonymous_31)","decl":{"start":{"line":582,"column":70},"end":{"line":582,"column":71}},"loc":{"start":{"line":582,"column":76},"end":{"line":582,"column":78}},"line":582},"32":{"name":"(anonymous_32)","decl":{"start":{"line":601,"column":12},"end":{"line":601,"column":17}},"loc":{"start":{"line":601,"column":32},"end":{"line":646,"column":3}},"line":601},"33":{"name":"(anonymous_33)","decl":{"start":{"line":653,"column":12},"end":{"line":653,"column":17}},"loc":{"start":{"line":653,"column":32},"end":{"line":679,"column":3}},"line":653},"34":{"name":"(anonymous_34)","decl":{"start":{"line":686,"column":12},"end":{"line":686,"column":17}},"loc":{"start":{"line":686,"column":32},"end":{"line":700,"column":3}},"line":686},"35":{"name":"(anonymous_35)","decl":{"start":{"line":707,"column":12},"end":{"line":707,"column":17}},"loc":{"start":{"line":707,"column":32},"end":{"line":724,"column":3}},"line":707},"36":{"name":"(anonymous_36)","decl":{"start":{"line":723,"column":25},"end":{"line":723,"column":26}},"loc":{"start":{"line":723,"column":33},"end":{"line":723,"column":90}},"line":723},"37":{"name":"(anonymous_37)","decl":{"start":{"line":731,"column":12},"end":{"line":731,"column":17}},"loc":{"start":{"line":731,"column":32},"end":{"line":751,"column":3}},"line":731}},"branchMap":{"0":{"loc":{"start":{"line":37,"column":2},"end":{"line":38,"column":null}},"type":"if","locations":[{"start":{"line":37,"column":2},"end":{"line":38,"column":null}},{"start":{},"end":{}}],"line":37},"1":{"loc":{"start":{"line":42,"column":2},"end":{"line":43,"column":null}},"type":"if","locations":[{"start":{"line":42,"column":2},"end":{"line":43,"column":null}},{"start":{},"end":{}}],"line":42},"2":{"loc":{"start":{"line":52,"column":16},"end":{"line":52,"column":70}},"type":"binary-expr","locations":[{"start":{"line":52,"column":16},"end":{"line":52,"column":42}},{"start":{"line":52,"column":46},"end":{"line":52,"column":70}}],"line":52},"3":{"loc":{"start":{"line":58,"column":6},"end":{"line":58,"column":null}},"type":"if","locations":[{"start":{"line":58,"column":6},"end":{"line":58,"column":null}},{"start":{},"end":{}}],"line":58},"4":{"loc":{"start":{"line":70,"column":4},"end":{"line":72,"column":null}},"type":"if","locations":[{"start":{"line":70,"column":4},"end":{"line":72,"column":null}},{"start":{},"end":{}}],"line":70},"5":{"loc":{"start":{"line":77,"column":4},"end":{"line":79,"column":null}},"type":"if","locations":[{"start":{"line":77,"column":4},"end":{"line":79,"column":null}},{"start":{},"end":{}}],"line":77},"6":{"loc":{"start":{"line":103,"column":4},"end":{"line":105,"column":null}},"type":"if","locations":[{"start":{"line":103,"column":4},"end":{"line":105,"column":null}},{"start":{},"end":{}}],"line":103},"7":{"loc":{"start":{"line":148,"column":19},"end":{"line":148,"column":48}},"type":"cond-expr","locations":[{"start":{"line":148,"column":26},"end":{"line":148,"column":40}},{"start":{"line":148,"column":43},"end":{"line":148,"column":48}}],"line":148},"8":{"loc":{"start":{"line":149,"column":23},"end":{"line":149,"column":47}},"type":"cond-expr","locations":[{"start":{"line":149,"column":30},"end":{"line":149,"column":43}},{"start":{"line":149,"column":46},"end":{"line":149,"column":47}}],"line":149},"9":{"loc":{"start":{"line":150,"column":23},"end":{"line":150,"column":41}},"type":"cond-expr","locations":[{"start":{"line":150,"column":30},"end":{"line":150,"column":37}},{"start":{"line":150,"column":40},"end":{"line":150,"column":41}}],"line":150},"10":{"loc":{"start":{"line":151,"column":21},"end":{"line":151,"column":39}},"type":"cond-expr","locations":[{"start":{"line":151,"column":28},"end":{"line":151,"column":35}},{"start":{"line":151,"column":38},"end":{"line":151,"column":39}}],"line":151},"11":{"loc":{"start":{"line":152,"column":18},"end":{"line":152,"column":46}},"type":"cond-expr","locations":[{"start":{"line":152,"column":25},"end":{"line":152,"column":38}},{"start":{"line":152,"column":41},"end":{"line":152,"column":46}}],"line":152},"12":{"loc":{"start":{"line":153,"column":18},"end":{"line":153,"column":43}},"type":"cond-expr","locations":[{"start":{"line":153,"column":25},"end":{"line":153,"column":38}},{"start":{"line":153,"column":41},"end":{"line":153,"column":43}}],"line":153},"13":{"loc":{"start":{"line":160,"column":4},"end":{"line":160,"column":null}},"type":"if","locations":[{"start":{"line":160,"column":4},"end":{"line":160,"column":null}},{"start":{},"end":{}}],"line":160},"14":{"loc":{"start":{"line":161,"column":4},"end":{"line":161,"column":null}},"type":"if","locations":[{"start":{"line":161,"column":4},"end":{"line":161,"column":null}},{"start":{},"end":{}}],"line":161},"15":{"loc":{"start":{"line":162,"column":4},"end":{"line":162,"column":null}},"type":"if","locations":[{"start":{"line":162,"column":4},"end":{"line":162,"column":null}},{"start":{},"end":{}}],"line":162},"16":{"loc":{"start":{"line":163,"column":4},"end":{"line":171,"column":null}},"type":"if","locations":[{"start":{"line":163,"column":4},"end":{"line":171,"column":null}},{"start":{},"end":{}}],"line":163},"17":{"loc":{"start":{"line":167,"column":10},"end":{"line":169,"column":null}},"type":"binary-expr","locations":[{"start":{"line":167,"column":10},"end":{"line":167,"column":43}},{"start":{"line":168,"column":10},"end":{"line":168,"column":27}},{"start":{"line":169,"column":10},"end":{"line":169,"column":null}}],"line":167},"18":{"loc":{"start":{"line":178,"column":29},"end":{"line":178,"column":58}},"type":"binary-expr","locations":[{"start":{"line":178,"column":29},"end":{"line":178,"column":53}},{"start":{"line":178,"column":57},"end":{"line":178,"column":58}}],"line":178},"19":{"loc":{"start":{"line":179,"column":27},"end":{"line":179,"column":76}},"type":"cond-expr","locations":[{"start":{"line":179,"column":48},"end":{"line":179,"column":69}},{"start":{"line":179,"column":72},"end":{"line":179,"column":76}}],"line":179},"20":{"loc":{"start":{"line":180,"column":45},"end":{"line":180,"column":80}},"type":"binary-expr","locations":[{"start":{"line":180,"column":45},"end":{"line":180,"column":59}},{"start":{"line":180,"column":63},"end":{"line":180,"column":80}}],"line":180},"21":{"loc":{"start":{"line":183,"column":22},"end":{"line":185,"column":16}},"type":"cond-expr","locations":[{"start":{"line":184,"column":8},"end":{"line":184,"column":null}},{"start":{"line":185,"column":8},"end":{"line":185,"column":16}}],"line":183},"22":{"loc":{"start":{"line":188,"column":6},"end":{"line":193,"column":null}},"type":"cond-expr","locations":[{"start":{"line":189,"column":10},"end":{"line":192,"column":null}},{"start":{"line":193,"column":10},"end":{"line":193,"column":null}}],"line":188},"23":{"loc":{"start":{"line":203,"column":19},"end":{"line":203,"column":63}},"type":"cond-expr","locations":[{"start":{"line":203,"column":49},"end":{"line":203,"column":55}},{"start":{"line":203,"column":58},"end":{"line":203,"column":63}}],"line":203},"24":{"loc":{"start":{"line":206,"column":4},"end":{"line":210,"column":null}},"type":"if","locations":[{"start":{"line":206,"column":4},"end":{"line":210,"column":null}},{"start":{},"end":{}}],"line":206},"25":{"loc":{"start":{"line":224,"column":31},"end":{"line":224,"column":61}},"type":"cond-expr","locations":[{"start":{"line":224,"column":52},"end":{"line":224,"column":56}},{"start":{"line":224,"column":59},"end":{"line":224,"column":61}}],"line":224},"26":{"loc":{"start":{"line":241,"column":4},"end":{"line":243,"column":null}},"type":"if","locations":[{"start":{"line":241,"column":4},"end":{"line":243,"column":null}},{"start":{},"end":{}}],"line":241},"27":{"loc":{"start":{"line":252,"column":4},"end":{"line":256,"column":null}},"type":"if","locations":[{"start":{"line":252,"column":4},"end":{"line":256,"column":null}},{"start":{},"end":{}}],"line":252},"28":{"loc":{"start":{"line":260,"column":24},"end":{"line":260,"column":36}},"type":"binary-expr","locations":[{"start":{"line":260,"column":24},"end":{"line":260,"column":30}},{"start":{"line":260,"column":34},"end":{"line":260,"column":36}}],"line":260},"29":{"loc":{"start":{"line":260,"column":38},"end":{"line":260,"column":48}},"type":"binary-expr","locations":[{"start":{"line":260,"column":38},"end":{"line":260,"column":43}},{"start":{"line":260,"column":47},"end":{"line":260,"column":48}}],"line":260},"30":{"loc":{"start":{"line":260,"column":50},"end":{"line":260,"column":66}},"type":"binary-expr","locations":[{"start":{"line":260,"column":50},"end":{"line":260,"column":61}},{"start":{"line":260,"column":65},"end":{"line":260,"column":66}}],"line":260},"31":{"loc":{"start":{"line":263,"column":4},"end":{"line":270,"column":null}},"type":"if","locations":[{"start":{"line":263,"column":4},"end":{"line":270,"column":null}},{"start":{},"end":{}}],"line":263},"32":{"loc":{"start":{"line":264,"column":6},"end":{"line":268,"column":null}},"type":"if","locations":[{"start":{"line":264,"column":6},"end":{"line":268,"column":null}},{"start":{},"end":{}}],"line":264},"33":{"loc":{"start":{"line":275,"column":6},"end":{"line":275,"column":92}},"type":"binary-expr","locations":[{"start":{"line":275,"column":6},"end":{"line":275,"column":52}},{"start":{"line":275,"column":56},"end":{"line":275,"column":92}}],"line":275},"34":{"loc":{"start":{"line":275,"column":7},"end":{"line":275,"column":19}},"type":"binary-expr","locations":[{"start":{"line":275,"column":7},"end":{"line":275,"column":13}},{"start":{"line":275,"column":17},"end":{"line":275,"column":19}}],"line":275},"35":{"loc":{"start":{"line":275,"column":57},"end":{"line":275,"column":69}},"type":"binary-expr","locations":[{"start":{"line":275,"column":57},"end":{"line":275,"column":63}},{"start":{"line":275,"column":67},"end":{"line":275,"column":69}}],"line":275},"36":{"loc":{"start":{"line":277,"column":4},"end":{"line":314,"column":null}},"type":"if","locations":[{"start":{"line":277,"column":4},"end":{"line":314,"column":null}},{"start":{"line":279,"column":11},"end":{"line":314,"column":null}}],"line":277},"37":{"loc":{"start":{"line":296,"column":10},"end":{"line":305,"column":null}},"type":"if","locations":[{"start":{"line":296,"column":10},"end":{"line":305,"column":null}},{"start":{},"end":{}}],"line":296},"38":{"loc":{"start":{"line":302,"column":12},"end":{"line":304,"column":null}},"type":"if","locations":[{"start":{"line":302,"column":12},"end":{"line":304,"column":null}},{"start":{},"end":{}}],"line":302},"39":{"loc":{"start":{"line":302,"column":16},"end":{"line":302,"column":59}},"type":"binary-expr","locations":[{"start":{"line":302,"column":16},"end":{"line":302,"column":25}},{"start":{"line":302,"column":29},"end":{"line":302,"column":59}}],"line":302},"40":{"loc":{"start":{"line":310,"column":8},"end":{"line":312,"column":null}},"type":"if","locations":[{"start":{"line":310,"column":8},"end":{"line":312,"column":null}},{"start":{},"end":{}}],"line":310},"41":{"loc":{"start":{"line":323,"column":6},"end":{"line":336,"column":null}},"type":"if","locations":[{"start":{"line":323,"column":6},"end":{"line":336,"column":null}},{"start":{},"end":{}}],"line":323},"42":{"loc":{"start":{"line":324,"column":8},"end":{"line":325,"column":null}},"type":"binary-expr","locations":[{"start":{"line":324,"column":8},"end":{"line":324,"column":49}},{"start":{"line":325,"column":8},"end":{"line":325,"column":null}}],"line":324},"43":{"loc":{"start":{"line":359,"column":4},"end":{"line":361,"column":null}},"type":"if","locations":[{"start":{"line":359,"column":4},"end":{"line":361,"column":null}},{"start":{},"end":{}}],"line":359},"44":{"loc":{"start":{"line":370,"column":4},"end":{"line":372,"column":null}},"type":"if","locations":[{"start":{"line":370,"column":4},"end":{"line":372,"column":null}},{"start":{},"end":{}}],"line":370},"45":{"loc":{"start":{"line":377,"column":4},"end":{"line":418,"column":null}},"type":"if","locations":[{"start":{"line":377,"column":4},"end":{"line":418,"column":null}},{"start":{"line":404,"column":11},"end":{"line":418,"column":null}}],"line":377},"46":{"loc":{"start":{"line":388,"column":6},"end":{"line":390,"column":null}},"type":"if","locations":[{"start":{"line":388,"column":6},"end":{"line":390,"column":null}},{"start":{},"end":{}}],"line":388},"47":{"loc":{"start":{"line":395,"column":22},"end":{"line":395,"column":65}},"type":"cond-expr","locations":[{"start":{"line":395,"column":41},"end":{"line":395,"column":52}},{"start":{"line":395,"column":55},"end":{"line":395,"column":65}}],"line":395},"48":{"loc":{"start":{"line":398,"column":8},"end":{"line":398,"column":41}},"type":"binary-expr","locations":[{"start":{"line":398,"column":8},"end":{"line":398,"column":32}},{"start":{"line":398,"column":36},"end":{"line":398,"column":41}}],"line":398},"49":{"loc":{"start":{"line":409,"column":6},"end":{"line":411,"column":null}},"type":"if","locations":[{"start":{"line":409,"column":6},"end":{"line":411,"column":null}},{"start":{},"end":{}}],"line":409},"50":{"loc":{"start":{"line":413,"column":8},"end":{"line":413,"column":41}},"type":"binary-expr","locations":[{"start":{"line":413,"column":8},"end":{"line":413,"column":32}},{"start":{"line":413,"column":36},"end":{"line":413,"column":41}}],"line":413},"51":{"loc":{"start":{"line":448,"column":4},"end":{"line":448,"column":null}},"type":"if","locations":[{"start":{"line":448,"column":4},"end":{"line":448,"column":null}},{"start":{},"end":{}}],"line":448},"52":{"loc":{"start":{"line":455,"column":4},"end":{"line":466,"column":null}},"type":"if","locations":[{"start":{"line":455,"column":4},"end":{"line":466,"column":null}},{"start":{},"end":{}}],"line":455},"53":{"loc":{"start":{"line":478,"column":4},"end":{"line":480,"column":null}},"type":"if","locations":[{"start":{"line":478,"column":4},"end":{"line":480,"column":null}},{"start":{},"end":{}}],"line":478},"54":{"loc":{"start":{"line":487,"column":4},"end":{"line":489,"column":null}},"type":"if","locations":[{"start":{"line":487,"column":4},"end":{"line":489,"column":null}},{"start":{},"end":{}}],"line":487},"55":{"loc":{"start":{"line":493,"column":4},"end":{"line":501,"column":null}},"type":"if","locations":[{"start":{"line":493,"column":4},"end":{"line":501,"column":null}},{"start":{},"end":{}}],"line":493},"56":{"loc":{"start":{"line":494,"column":26},"end":{"line":494,"column":40}},"type":"binary-expr","locations":[{"start":{"line":494,"column":26},"end":{"line":494,"column":32}},{"start":{"line":494,"column":36},"end":{"line":494,"column":40}}],"line":494},"57":{"loc":{"start":{"line":495,"column":6},"end":{"line":500,"column":null}},"type":"if","locations":[{"start":{"line":495,"column":6},"end":{"line":500,"column":null}},{"start":{"line":498,"column":13},"end":{"line":500,"column":null}}],"line":495},"58":{"loc":{"start":{"line":497,"column":8},"end":{"line":497,"column":null}},"type":"if","locations":[{"start":{"line":497,"column":8},"end":{"line":497,"column":null}},{"start":{},"end":{}}],"line":497},"59":{"loc":{"start":{"line":502,"column":4},"end":{"line":510,"column":null}},"type":"if","locations":[{"start":{"line":502,"column":4},"end":{"line":510,"column":null}},{"start":{},"end":{}}],"line":502},"60":{"loc":{"start":{"line":503,"column":25},"end":{"line":503,"column":45}},"type":"binary-expr","locations":[{"start":{"line":503,"column":25},"end":{"line":503,"column":40}},{"start":{"line":503,"column":44},"end":{"line":503,"column":45}}],"line":503},"61":{"loc":{"start":{"line":504,"column":6},"end":{"line":509,"column":null}},"type":"if","locations":[{"start":{"line":504,"column":6},"end":{"line":509,"column":null}},{"start":{"line":507,"column":13},"end":{"line":509,"column":null}}],"line":504},"62":{"loc":{"start":{"line":506,"column":8},"end":{"line":506,"column":null}},"type":"if","locations":[{"start":{"line":506,"column":8},"end":{"line":506,"column":null}},{"start":{},"end":{}}],"line":506},"63":{"loc":{"start":{"line":511,"column":4},"end":{"line":528,"column":null}},"type":"if","locations":[{"start":{"line":511,"column":4},"end":{"line":528,"column":null}},{"start":{},"end":{}}],"line":511},"64":{"loc":{"start":{"line":512,"column":31},"end":{"line":512,"column":57}},"type":"binary-expr","locations":[{"start":{"line":512,"column":31},"end":{"line":512,"column":52}},{"start":{"line":512,"column":56},"end":{"line":512,"column":57}}],"line":512},"65":{"loc":{"start":{"line":513,"column":6},"end":{"line":521,"column":null}},"type":"if","locations":[{"start":{"line":513,"column":6},"end":{"line":521,"column":null}},{"start":{"line":519,"column":13},"end":{"line":521,"column":null}}],"line":513},"66":{"loc":{"start":{"line":518,"column":8},"end":{"line":518,"column":null}},"type":"if","locations":[{"start":{"line":518,"column":8},"end":{"line":518,"column":null}},{"start":{},"end":{}}],"line":518},"67":{"loc":{"start":{"line":527,"column":6},"end":{"line":527,"column":null}},"type":"if","locations":[{"start":{"line":527,"column":6},"end":{"line":527,"column":null}},{"start":{},"end":{}}],"line":527},"68":{"loc":{"start":{"line":537,"column":4},"end":{"line":537,"column":null}},"type":"if","locations":[{"start":{"line":537,"column":4},"end":{"line":537,"column":null}},{"start":{},"end":{}}],"line":537},"69":{"loc":{"start":{"line":558,"column":4},"end":{"line":560,"column":null}},"type":"if","locations":[{"start":{"line":558,"column":4},"end":{"line":560,"column":null}},{"start":{},"end":{}}],"line":558},"70":{"loc":{"start":{"line":567,"column":8},"end":{"line":570,"column":null}},"type":"if","locations":[{"start":{"line":567,"column":8},"end":{"line":570,"column":null}},{"start":{},"end":{}}],"line":567},"71":{"loc":{"start":{"line":568,"column":10},"end":{"line":569,"column":null}},"type":"if","locations":[{"start":{"line":568,"column":10},"end":{"line":569,"column":null}},{"start":{"line":569,"column":15},"end":{"line":569,"column":null}}],"line":568},"72":{"loc":{"start":{"line":571,"column":8},"end":{"line":575,"column":null}},"type":"if","locations":[{"start":{"line":571,"column":8},"end":{"line":575,"column":null}},{"start":{},"end":{}}],"line":571},"73":{"loc":{"start":{"line":572,"column":10},"end":{"line":574,"column":null}},"type":"if","locations":[{"start":{"line":572,"column":10},"end":{"line":574,"column":null}},{"start":{"line":574,"column":15},"end":{"line":574,"column":null}}],"line":572},"74":{"loc":{"start":{"line":603,"column":4},"end":{"line":605,"column":null}},"type":"if","locations":[{"start":{"line":603,"column":4},"end":{"line":605,"column":null}},{"start":{},"end":{}}],"line":603},"75":{"loc":{"start":{"line":625,"column":8},"end":{"line":631,"column":null}},"type":"if","locations":[{"start":{"line":625,"column":8},"end":{"line":631,"column":null}},{"start":{"line":629,"column":15},"end":{"line":631,"column":null}}],"line":625},"76":{"loc":{"start":{"line":625,"column":12},"end":{"line":625,"column":31}},"type":"binary-expr","locations":[{"start":{"line":625,"column":12},"end":{"line":625,"column":19}},{"start":{"line":625,"column":23},"end":{"line":625,"column":31}}],"line":625},"77":{"loc":{"start":{"line":655,"column":4},"end":{"line":656,"column":null}},"type":"if","locations":[{"start":{"line":655,"column":4},"end":{"line":656,"column":null}},{"start":{},"end":{}}],"line":655},"78":{"loc":{"start":{"line":663,"column":4},"end":{"line":663,"column":null}},"type":"if","locations":[{"start":{"line":663,"column":4},"end":{"line":663,"column":null}},{"start":{},"end":{}}],"line":663},"79":{"loc":{"start":{"
[...]
:179,"column":13},"end":{"line":184,"column":null}},"line":179}},"branchMap":{"0":{"loc":{"start":{"line":28,"column":27},"end":{"line":28,"column":60}},"type":"binary-expr","locations":[{"start":{"line":28,"column":27},"end":{"line":28,"column":51}},{"start":{"line":28,"column":55},"end":{"line":28,"column":60}}],"line":28},"1":{"loc":{"start":{"line":35,"column":6},"end":{"line":52,"column":null}},"type":"if","locations":[{"start":{"line":35,"column":6},"end":{"line":52,"column":null}},{"start":{},"end":{}}],"line":35},"2":{"loc":{"start":{"line":38,"column":10},"end":{"line":41,"column":null}},"type":"if","locations":[{"start":{"line":38,"column":10},"end":{"line":41,"column":null}},{"start":{},"end":{}}],"line":38},"3":{"loc":{"start":{"line":44,"column":10},"end":{"line":47,"column":null}},"type":"if","locations":[{"start":{"line":44,"column":10},"end":{"line":47,"column":null}},{"start":{},"end":{}}],"line":44},"4":{"loc":{"start":{"line":54,"column":6},"end":{"line":97,"column":null}},"type":"if","locations":[{"start":{"line":54,"column":6},"end":{"line":97,"column":null}},{"start":{},"end":{}}],"line":54},"5":{"loc":{"start":{"line":58,"column":8},"end":{"line":95,"column":null}},"type":"if","locations":[{"start":{"line":58,"column":8},"end":{"line":95,"column":null}},{"start":{"line":74,"column":15},"end":{"line":95,"column":null}}],"line":58},"6":{"loc":{"start":{"line":61,"column":12},"end":{"line":61,"column":null}},"type":"if","locations":[{"start":{"line":61,"column":12},"end":{"line":61,"column":null}},{"start":{},"end":{}}],"line":61},"7":{"loc":{"start":{"line":75,"column":10},"end":{"line":76,"column":null}},"type":"if","locations":[{"start":{"line":75,"column":10},"end":{"line":76,"column":null}},{"start":{},"end":{}}],"line":75},"8":{"loc":{"start":{"line":78,"column":12},"end":{"line":81,"column":null}},"type":"if","locations":[{"start":{"line":78,"column":12},"end":{"line":81,"column":null}},{"start":{},"end":{}}],"line":78},"9":{"loc":{"start":{"line":91,"column":12},"end":{"line":91,"column":null}},"type":"if","locations":[{"start":{"line":91,"column":12},"end":{"line":91,"column":null}},{"start":{},"end":{}}],"line":91},"10":{"loc":{"start":{"line":91,"column":16},"end":{"line":91,"column":33}},"type":"binary-expr","locations":[{"start":{"line":91,"column":16},"end":{"line":91,"column":23}},{"start":{"line":91,"column":27},"end":{"line":91,"column":33}}],"line":91},"11":{"loc":{"start":{"line":109,"column":8},"end":{"line":110,"column":74}},"type":"binary-expr","locations":[{"start":{"line":109,"column":8},"end":{"line":109,"column":38}},{"start":{"line":110,"column":8},"end":{"line":110,"column":74}}],"line":109},"12":{"loc":{"start":{"line":112,"column":6},"end":{"line":116,"column":null}},"type":"if","locations":[{"start":{"line":112,"column":6},"end":{"line":116,"column":null}},{"start":{},"end":{}}],"line":112},"13":{"loc":{"start":{"line":126,"column":6},"end":{"line":137,"column":null}},"type":"if","locations":[{"start":{"line":126,"column":6},"end":{"line":137,"column":null}},{"start":{"line":130,"column":13},"end":{"line":137,"column":null}}],"line":126},"14":{"loc":{"start":{"line":130,"column":13},"end":{"line":137,"column":null}},"type":"if","locations":[{"start":{"line":130,"column":13},"end":{"line":137,"column":null}},{"start":{"line":135,"column":13},"end":{"line":137,"column":null}}],"line":130},"15":{"loc":{"start":{"line":145,"column":10},"end":{"line":145,"column":null}},"type":"if","locations":[{"start":{"line":145,"column":10},"end":{"line":145,"column":null}},{"start":{},"end":{}}],"line":145},"16":{"loc":{"start":{"line":155,"column":6},"end":{"line":155,"column":null}},"type":"if","locations":[{"start":{"line":155,"column":6},"end":{"line":155,"column":null}},{"start":{},"end":{}}],"line":155},"17":{"loc":{"start":{"line":160,"column":17},"end":{"line":160,"column":null}},"type":"binary-expr","locations":[{"start":{"line":160,"column":17},"end":{"line":160,"column":35}},{"start":{"line":160,"column":39},"end":{"line":160,"column":null}}],"line":160},"18":{"loc":{"start":{"line":172,"column":8},"end":{"line":174,"column":null}},"type":"if","locations":[{"start":{"line":172,"column":8},"end":{"line":174,"column":null}},{"start":{},"end":{}}],"line":172},"19":{"loc":{"start":{"line":172,"column":12},"end":{"line":172,"column":67}},"type":"binary-expr","locations":[{"start":{"line":172,"column":12},"end":{"line":172,"column":35}},{"start":{"line":172,"column":39},"end":{"line":172,"column":67}}],"line":172}},"s":{"0":4,"1":4,"2":4,"3":4,"4":4,"5":4,"6":4,"7":4,"8":4,"9":4,"10":4,"11":4,"12":4,"13":4,"14":4,"15":4,"16":4,"17":0,"18":0,"19":0,"20":0,"21":0,"22":0,"23":0,"24":0,"25":0,"26":0,"27":0,"28":0,"29":0,"30":0,"31":0,"32":0,"33":0,"34":0,"35":0,"36":0,"37":0,"38":0,"39":0,"40":0,"41":0,"42":0,"43":0,"44":0,"45":0,"46":0,"47":0,"48":0,"49":0,"50":0,"51":0,"52":0,"53":0,"54":0,"55":0,"56":0,"57":0,"58":0,"59":0,"60":0,"61":0,"62":0,"63":0,"64":0,"65":0,"66":0,"67":0,"68":0,"69":0,"70":0,"71":0,"72":0,"73":0,"74":0,"75":0,"76":0,"77":4,"78":0,"79":4,"80":0,"81":4,"82":0,"83":0,"84":0,"85":0,"86":0,"87":0,"88":0,"89":0,"90":0,"91":0,"92":0,"93":0,"94":0,"95":0,"96":0,"97":0,"98":0,"99":0,"100":0,"101":0,"102":5,"103":0,"104":0,"105":0,"106":0,"107":0,"108":0,"109":5,"110":0,"111":0,"112":0,"113":0,"114":0,"115":0,"116":0,"117":0,"118":0,"119":0,"120":0,"121":0,"122":0,"123":0,"124":0,"125":0,"126":0,"127":0,"128":0,"129":4},"f":{"0":4,"1":4,"2":4,"3":0,"4":0,"5":0,"6":0,"7":0,"8":0,"9":0,"10":0,"11":0,"12":0,"13":0,"14":0,"15":0,"16":0,"17":0,"18":0,"19":0,"20":0,"21":0,"22":4,"23":0,"24":0,"25":0,"26":5,"27":0,"28":0,"29":0,"30":5,"31":0,"32":0,"33":0,"34":0,"35":0,"36":0,"37":0,"38":0},"b":{"0":[0,0],"1":[0,0],"2":[0,0],"3":[0,0],"4":[0,0],"5":[0,0],"6":[0,0],"7":[0,0],"8":[0,0],"9":[0,0],"10":[0,0],"11":[0,0],"12":[0,0],"13":[0,0],"14":[0,0],"15":[0,0],"16":[0,0],"17":[0,0],"18":[0,0],"19":[0,0]},"meta":{"lastBranch":20,"lastFunction":39,"lastStatement":130,"seen":{"s:1:28:1:41":0,"s:2:12:2:26":1,"s:3:12:3:35":2,"s:4:18:4:42":3,"s:5:23:5:36":4,"s:6:12:6:31":5,"s:7:30:7:49":6,"f:10:2:10:13":0,"s:11:4:11:Infinity":7,"s:12:4:12:Infinity":8,"s:13:4:13:Infinity":9,"s:14:4:14:Infinity":10,"f:17:2:17:6":1,"s:18:4:18:Infinity":11,"s:19:4:19:Infinity":12,"s:20:4:20:Infinity":13,"s:21:4:21:Infinity":14,"s:22:4:22:Infinity":15,"f:25:2:25:15":2,"s:26:4:99:Infinity":16,"f:26:34:26:35":3,"s:27:19:27:62":17,"s:28:27:28:60":18,"b:28:27:28:51:28:55:28:60":0,"s:30:6:30:Infinity":19,"s:31:6:33:Infinity":20,"f:31:20:31:21":4,"s:32:8:32:Infinity":21,"b:35:6:52:Infinity:undefined:undefined:undefined:undefined":1,"s:35:6:52:Infinity":22,"s:36:23:36:24":23,"s:37:25:48:16":24,"f:37:37:37:38":5,"b:38:10:41:Infinity:undefined:undefined:undefined:undefined":2,"s:38:10:41:Infinity":25,"s:39:12:39:Infinity":26,"s:40:12:40:Infinity":27,"s:42:26:42:49":28,"s:43:29:43:52":29,"b:44:10:47:Infinity:undefined:undefined:undefined:undefined":3,"s:44:10:47:Infinity":30,"s:45:12:45:Infinity":31,"s:46:12:46:Infinity":32,"f:46:31:46:32":6,"s:46:38:46:64":33,"s:49:8:49:Infinity":34,"f:49:23:49:24":7,"s:49:29:49:52":35,"s:50:8:50:Infinity":36,"f:50:23:50:24":8,"s:50:29:50:52":37,"s:51:8:51:Infinity":38,"b:54:6:97:Infinity:undefined:undefined:undefined:undefined":4,"s:54:6:97:Infinity":39,"s:55:30:55:70":40,"s:56:24:56:64":41,"f:56:43:56:44":9,"s:56:50:56:63":42,"b:58:8:95:Infinity:74:15:95:Infinity":5,"s:58:8:95:Infinity":43,"s:59:23:59:65":44,"s:60:10:62:Infinity":45,"f:60:33:60:34":10,"b:61:12:61:Infinity:undefined:undefined:undefined:undefined":6,"s:61:12:61:Infinity":46,"s:61:43:61:Infinity":47,"s:63:26:69:11":48,"f:63:26:63:27":11,"s:64:12:68:Infinity":49,"s:65:14:65:Infinity":50,"s:70:10:70:Infinity":51,"s:71:10:73:Infinity":52,"f:71:25:71:26":12,"s:72:12:72:Infinity":53,"b:75:10:76:Infinity:undefined:undefined:undefined:undefined":7,"s:75:10:76:Infinity":54,"s:76:12:76:Infinity":55,"s:77:27:92:18":56,"f:77:39:77:44":13,"b:78:12:81:Infinity:undefined:undefined:undefined:undefined":8,"s:78:12:81:Infinity":57,"s:79:14:79:Infinity":58,"s:80:14:80:Infinity":59,"s:82:40:90:14":60,"f:82:58:82:59":14,"s:83:24:83:59":61,"s:84:24:84:26":62,"s:85:14:87:Infinity":63,"f:85:34:85:35":15,"s:86:16:86:Infinity":64,"s:88:14:88:Infinity":65,"f:88:28:88:29":16,"s:88:38:88:83":66,"s:89:14:89:Infinity":67,"f:89:28:89:29":17,"s:89:34:89:73":68,"b:91:12:91:Infinity:undefined:undefined:undefined:undefined":9,"s:91:12:91:Infinity":69,"b:91:16:91:23:91:27:91:33":10,"s:91:35:91:Infinity":70,"s:93:10:93:Infinity":71,"f:93:25:93:26":18,"s:93:31:93:54":72,"s:94:10:94:Infinity":73,"f:94:25:94:26":19,"s:94:31:94:54":74,"s:96:8:96:Infinity":75,"s:98:6:98:Infinity":76,"s:101:4:101:Infinity":77,"f:101:29:101:30":20,"s:101:38:101:93":78,"s:102:4:102:Infinity":79,"f:102:31:102:32":21,"s:102:40:102:97":80,"f:105:2:105:14":22,"s:106:4:138:Infinity":81,"f:106:25:106:26":23,"s:107:23:107:54":82,"s:109:8:110:74":83,"b:109:8:109:38:110:8:110:74":11,"b:112:6:116:Infinity:undefined:undefined:undefined:undefined":12,"s:112:6:116:Infinity":84,"s:113:8:113:Infinity":85,"s:114:8:114:Infinity":86,"s:115:8:115:Infinity":87,"s:117:6:124:Infinity":88,"s:118:24:118:65":89,"s:119:8:119:31":90,"s:121:8:121:Infinity":91,"s:122:8:122:Infinity":92,"s:123:8:123:Infinity":93,"b:126:6:137:Infinity:130:13:137:Infinity":13,"s:126:6:137:Infinity":94,"s:127:8:129:Infinity":95,"f:127:58:127:59":24,"s:128:10:128:Infinity":96,"b:130:13:137:Infinity:135:13:137:Infinity":14,"s:130:13:137:Infinity":97,"s:131:8:134:Infinity":98,"f:131:60:131:61":25,"s:132:10:132:47":99,"s:133:10:133:Infinity":100,"s:136:8:136:Infinity":101,"f:141:2:141:16":26,"s:142:4:150:Infinity":102,"f:142:34:142:35":27,"s:143:6:149:Infinity":103,"f:143:45:143:46":28,"s:144:8:148:Infinity":104,"f:144:28:144:29":29,"b:145:10:145:Infinity:undefined:undefined:undefined:undefined":15,"s:145:10:145:Infinity":105,"s:145:36:145:Infinity":106,"s:146:10:146:Infinity":107,"s:147:10:147:Infinity":108,"f:153:2:153:16":30,"s:154:4:165:Infinity":109,"f:154:41:154:46":31,"b:155:6:155:Infinity:undefined:undefined:undefined:undefined":16,"s:155:6:155:Infinity":110,"s:155:45:155:Infinity":111,"s:156:6:164:Infinity":112,"s:157:22:157:47":113,"s:158:28:158:83":114,"f:158:41:158:42":32,"s:158:48:158:58":115,"f:158:64:158:65":33,"s:158:71:158:82":116,"s:159:8:161:Infinity":117,"f:160:10:160:11":34,"s:160:17:160:Infinity":118,"b:160:17:160:35:160:39:160:Infinity":17,"s:163:8:163:Infinity":119,"f:168:2:168:12":35,"s:169:20:169:56":120,"s:170:4:176:Infinity":121,"f:170:43:170:44":36,"s:171:6:175:Infinity":122,"f:171:26:171:27":37,"b:172:8:174:Infinity:undefined:undefined:undefined:undefined":18,"s:172:8:174:Infinity":123,"b:172:12:172:35:172:39:172:67":19,"s:173:10:173:Infinity":124,"f:179:2:179:10":38,"s:180:4:180:Infinity":125,"s:181:4:181:Infinity":126,"s:182:4:182:Infinity":127,"s:183:4:183:Infinity":128,"s:187:0:187:Infinity":129}}}
,"/home/faleryo/user/wg-fux/api-service/src/utils/errors.js": {"path":"/home/faleryo/user/wg-fux/api-service/src/utils/errors.js","statementMap":{"0":{"start":{"line":5,"column":20},"end":{"line":55,"column":1}},"1":{"start":{"line":6,"column":16},"end":{"line":6,"column":20}},"2":{"start":{"line":9,"column":2},"end":{"line":22,"column":null}},"3":{"start":{"line":10,"column":4},"end":{"line":10,"column":null}},"4":{"start":{"line":11,"column":19},"end":{"line":15,"column":12}},"5":{"start":{"line":17,"column":4},"end":{"line":20,"column":null}},"6":{"start":{"line":17,"column":33},"end":{"line":20,"column":5}},"7":{"start":{"line":21,"column":4},"end":{"line":21,"column":null}},"8":{"start":{"line":24,"column":20},"end":{"line":37,"column":3}},"9":{"start":{"line":39,"column":21},"end":{"line":39,"column":43}},"10":{"start":{"line":42,"column":17},"end":{"line":44,"column":3}},"11":{"start":{"line":45,"column":2},"end":{"line":45,"column":null}},"12":{"start":{"line":46,"column":2},"end":{"line":46,"column":null}},"13":{"start":{"line":47,"column":2},"end":{"line":47,"column":33}},"14":{"start":{"line":48,"column":2},"end":{"line":48,"column":null}},"15":{"start":{"line":49,"column":2},"end":{"line":49,"column":null}},"16":{"start":{"line":50,"column":2},"end":{"line":50,"column":null}},"17":{"start":{"line":51,"column":2},"end":{"line":51,"column":null}},"18":{"start":{"line":52,"column":2},"end":{"line":52,"column":null}},"19":{"start":{"line":54,"column":2},"end":{"line":54,"column":null}},"20":{"start":{"line":61,"column":18},"end":{"line":63,"column":1}},"21":{"start":{"line":61,"column":26},"end":{"line":63,"column":1}},"22":{"start":{"line":62,"column":2},"end":{"line":62,"column":null}},"23":{"start":{"line":65,"column":0},"end":{"line":68,"column":null}}},"fnMap":{"0":{"name":"(anonymous_0)","decl":{"start":{"line":5,"column":20},"end":{"line":5,"column":21}},"loc":{"start":{"line":5,"column":78},"end":{"line":55,"column":1}},"line":5},"1":{"name":"(anonymous_1)","decl":{"start":{"line":17,"column":25},"end":{"line":17,"column":26}},"loc":{"start":{"line":17,"column":33},"end":{"line":20,"column":5}},"line":17},"2":{"name":"(anonymous_2)","decl":{"start":{"line":61,"column":18},"end":{"line":61,"column":19}},"loc":{"start":{"line":61,"column":26},"end":{"line":63,"column":1}},"line":61},"3":{"name":"(anonymous_3)","decl":{"start":{"line":61,"column":26},"end":{"line":61,"column":27}},"loc":{"start":{"line":61,"column":46},"end":{"line":63,"column":1}},"line":61}},"branchMap":{"0":{"loc":{"start":{"line":5,"column":37},"end":{"line":5,"column":60}},"type":"default-arg","locations":[{"start":{"line":5,"column":44},"end":{"line":5,"column":60}}],"line":5},"1":{"loc":{"start":{"line":5,"column":62},"end":{"line":5,"column":73}},"type":"default-arg","locations":[{"start":{"line":5,"column":69},"end":{"line":5,"column":73}}],"line":5},"2":{"loc":{"start":{"line":9,"column":2},"end":{"line":22,"column":null}},"type":"if","locations":[{"start":{"line":9,"column":2},"end":{"line":22,"column":null}},{"start":{},"end":{}}],"line":9},"3":{"loc":{"start":{"line":9,"column":6},"end":{"line":9,"column":69}},"type":"binary-expr","locations":[{"start":{"line":9,"column":6},"end":{"line":9,"column":11}},{"start":{"line":9,"column":15},"end":{"line":9,"column":40}},{"start":{"line":9,"column":44},"end":{"line":9,"column":69}}],"line":9},"4":{"loc":{"start":{"line":11,"column":19},"end":{"line":15,"column":12}},"type":"cond-expr","locations":[{"start":{"line":12,"column":8},"end":{"line":12,"column":null}},{"start":{"line":13,"column":8},"end":{"line":15,"column":12}}],"line":11},"5":{"loc":{"start":{"line":13,"column":8},"end":{"line":15,"column":12}},"type":"cond-expr","locations":[{"start":{"line":14,"column":10},"end":{"line":14,"column":null}},{"start":{"line":15,"column":10},"end":{"line":15,"column":12}}],"line":13},"6":{"loc":{"start":{"line":18,"column":12},"end":{"line":18,"column":57}},"type":"cond-expr","locations":[{"start":{"line":18,"column":36},"end":{"line":18,"column":52}},{"start":{"line":18,"column":55},"end":{"line":18,"column":57}}],"line":18},"7":{"loc":{"start":{"line":19,"column":15},"end":{"line":19,"column":46}},"type":"binary-expr","locations":[{"start":{"line":19,"column":15},"end":{"line":19,"column":24}},{"start":{"line":19,"column":28},"end":{"line":19,"column":46}}],"line":19},"8":{"loc":{"start":{"line":21,"column":14},"end":{"line":21,"column":44}},"type":"binary-expr","locations":[{"start":{"line":21,"column":14},"end":{"line":21,"column":21}},{"start":{"line":21,"column":25},"end":{"line":21,"column":44}}],"line":21},"9":{"loc":{"start":{"line":39,"column":21},"end":{"line":39,"column":43}},"type":"binary-expr","locations":[{"start":{"line":39,"column":21},"end":{"line":39,"column":36}},{"start":{"line":39,"column":40},"end":{"line":39,"column":43}}],"line":39},"10":{"loc":{"start":{"line":43,"column":4},"end":{"line":43,"column":null}},"type":"binary-expr","locations":[{"start":{"line":43,"column":4},"end":{"line":43,"column":11}},{"start":{"line":43,"column":16},"end":{"line":43,"column":66}},{"start":{"line":43,"column":71},"end":{"line":43,"column":null}}],"line":43},"11":{"loc":{"start":{"line":48,"column":17},"end":{"line":48,"column":86}},"type":"cond-expr","locations":[{"start":{"line":48,"column":45},"end":{"line":48,"column":50}},{"start":{"line":48,"column":53},"end":{"line":48,"column":86}}],"line":48},"12":{"loc":{"start":{"line":48,"column":53},"end":{"line":48,"column":86}},"type":"binary-expr","locations":[{"start":{"line":48,"column":53},"end":{"line":48,"column":67}},{"start":{"line":48,"column":71},"end":{"line":48,"column":86}}],"line":48},"13":{"loc":{"start":{"line":49,"column":16},"end":{"line":49,"column":35}},"type":"binary-expr","locations":[{"start":{"line":49,"column":16},"end":{"line":49,"column":27}},{"start":{"line":49,"column":31},"end":{"line":49,"column":35}}],"line":49},"14":{"loc":{"start":{"line":50,"column":16},"end":{"line":50,"column":28}},"type":"binary-expr","locations":[{"start":{"line":50,"column":16},"end":{"line":50,"column":20}},{"start":{"line":50,"column":24},"end":{"line":50,"column":28}}],"line":50}},"s":{"0":4,"1":15,"2":15,"3":8,"4":8,"5":8,"6":8,"7":8,"8":15,"9":15,"10":15,"11":15,"12":15,"13":15,"14":15,"15":15,"16":15,"17":15,"18":15,"19":15,"20":4,"21":260,"22":77,"23":4},"f":{"0":15,"1":8,"2":260,"3":77},"b":{"0":[15],"1":[15],"2":[8,7],"3":[15,15,8],"4":[0,8],"5":[8,0],"6":[8,0],"7":[8,0],"8":[8,0],"9":[15,3],"10":[15,4,0],"11":[7,8],"12":[8,0],"13":[15,15],"14":[15,12]},"meta":{"lastBranch":15,"lastFunction":4,"lastStatement":24,"seen":{"s:5:20:55:1":0,"f:5:20:5:21":0,"b:5:44:5:60":0,"b:5:69:5:73":1,"s:6:16:6:20":1,"b:9:2:22:Infinity:undefined:undefined:undefined:undefined":2,"s:9:2:22:Infinity":2,"b:9:6:9:11:9:15:9:40:9:44:9:69":3,"s:10:4:10:Infinity":3,"s:11:19:15:12":4,"b:12:8:12:Infinity:13:8:15:12":4,"b:14:10:14:Infinity:15:10:15:12":5,"s:17:4:20:Infinity":5,"f:17:25:17:26":1,"s:17:33:20:5":6,"b:18:36:18:52:18:55:18:57":6,"b:19:15:19:24:19:28:19:46":7,"s:21:4:21:Infinity":7,"b:21:14:21:21:21:25:21:44":8,"s:24:20:37:3":8,"s:39:21:39:43":9,"b:39:21:39:36:39:40:39:43":9,"s:42:17:44:3":10,"b:43:4:43:11:43:16:43:66:43:71:43:Infinity":10,"s:45:2:45:Infinity":11,"s:46:2:46:Infinity":12,"s:47:2:47:33":13,"s:48:2:48:Infinity":14,"b:48:45:48:50:48:53:48:86":11,"b:48:53:48:67:48:71:48:86":12,"s:49:2:49:Infinity":15,"b:49:16:49:27:49:31:49:35":13,"s:50:2:50:Infinity":16,"b:50:16:50:20:50:24:50:28":14,"s:51:2:51:Infinity":17,"s:52:2:52:Infinity":18,"s:54:2:54:Infinity":19,"s:61:18:63:1":20,"f:61:18:61:19":2,"s:61:26:63:1":21,"f:61:26:61:27":3,"s:62:2:62:Infinity":22,"s:65:0:68:Infinity":23}}}
,"/home/faleryo/user/wg-fux/api-service/src/utils/swagger.js": {"path":"/home/faleryo/user/wg-fux/api-service/src/utils/swagger.js","statementMap":{"0":{"start":{"line":1,"column":21},"end":{"line":1,"column":45}},"1":{"start":{"line":2,"column":18},"end":{"line":2,"column":47}},"2":{"start":{"line":4,"column":16},"end":{"line":29,"column":1}},"3":{"start":{"line":31,"column":14},"end":{"line":31,"column":35}},"4":{"start":{"line":33,"column":0},"end":{"line":36,"column":null}}},"fnMap":{},"branchMap":{},"s":{"0":4,"1":4,"2":4,"3":4,"4":4},"f":{},"b":{},"meta":{"lastBranch":0,"lastFunction":0,"lastStatement":5,"seen":{"s:1:21:1:45":0,"s:2:18:2:47":1,"s:4:16:29:1":2,"s:31:14:31:35":3,"s:33:0:36:Infinity":4}}}
,"/home/faleryo/user/wg-fux/api-service/src/utils/validation.js": {"path":"/home/faleryo/user/wg-fux/api-service/src/utils/validation.js","statementMap":{"0":{"start":{"line":1,"column":14},"end":{"line":1,"column":28}},"1":{"start":{"line":3,"column":25},"end":{"line":7,"column":2}},"2":{"start":{"line":9,"column":21},"end":{"line":13,"column":2}},"3":{"start":{"line":15,"column":0},"end":{"line":18,"column":null}}},"fnMap":{},"branchMap":{},"s":{"0":1,"1":1,"2":1,"3":1},"f":{},"b":{},"meta":{"lastBranch":0,"lastFunction":0,"lastStatement":4,"seen":{"s:1:14:1:28":0,"s:3:25:7:2":1,"s:9:21:13:2":2,"s:15:0:18:Infinity":3}}}
}
