{"/home/faleryo/wg-fux/api-service/src/middleware/auth.js": {"path":"/home/faleryo/wg-fux/api-service/src/middleware/auth.js","statementMap":{"0":{"start":{"line":1,"column":12},"end":{"line":1,"column":35}},"1":{"start":{"line":2,"column":12},"end":{"line":2,"column":41}},"2":{"start":{"line":7,"column":6},"end":{"line":10,"column":null}},"3":{"start":{"line":8,"column":2},"end":{"line":10,"column":null}},"4":{"start":{"line":12,"column":13},"end":{"line":55,"column":null}},"5":{"start":{"line":13,"column":2},"end":{"line":15,"column":null}},"6":{"start":{"line":14,"column":4},"end":{"line":14,"column":null}},"7":{"start":{"line":15,"column":4},"end":{"line":15,"column":null}},"8":{"start":{"line":18,"column":16},"end":{"line":18,"column":null}},"9":{"start":{"line":19,"column":2},"end":{"line":19,"column":null}},"10":{"start":{"line":19,"column":14},"end":{"line":19,"column":null}},"11":{"start":{"line":22,"column":8},"end":{"line":24,"column":11}},"12":{"start":{"line":25,"column":8},"end":{"line":25,"column":65}},"13":{"start":{"line":27,"column":2},"end":{"line":32,"column":null}},"14":{"start":{"line":28,"column":4},"end":{"line":29,"column":null}},"15":{"start":{"line":29,"column":6},"end":{"line":29,"column":null}},"16":{"start":{"line":31,"column":4},"end":{"line":31,"column":null}},"17":{"start":{"line":32,"column":4},"end":{"line":32,"column":null}},"18":{"start":{"line":36,"column":2},"end":{"line":40,"column":null}},"19":{"start":{"line":37,"column":4},"end":{"line":40,"column":null}},"20":{"start":{"line":43,"column":2},"end":{"line":55,"column":null}},"21":{"start":{"line":44,"column":10},"end":{"line":44,"column":80}},"22":{"start":{"line":45,"column":4},"end":{"line":48,"column":null}},"23":{"start":{"line":46,"column":6},"end":{"line":48,"column":null}},"24":{"start":{"line":47,"column":8},"end":{"line":47,"column":null}},"25":{"start":{"line":48,"column":8},"end":{"line":48,"column":null}},"26":{"start":{"line":51,"column":20},"end":{"line":51,"column":65}},"27":{"start":{"line":52,"column":4},"end":{"line":52,"column":null}},"28":{"start":{"line":53,"column":4},"end":{"line":53,"column":null}},"29":{"start":{"line":55,"column":4},"end":{"line":55,"column":null}},"30":{"start":{"line":59,"column":6},"end":{"line":61,"column":null}},"31":{"start":{"line":60,"column":2},"end":{"line":60,"column":null}},"32":{"start":{"line":60,"column":62},"end":{"line":60,"column":null}},"33":{"start":{"line":61,"column":2},"end":{"line":61,"column":null}},"34":{"start":{"line":64,"column":6},"end":{"line":67,"column":null}},"35":{"start":{"line":65,"column":2},"end":{"line":66,"column":null}},"36":{"start":{"line":66,"column":4},"end":{"line":66,"column":null}},"37":{"start":{"line":67,"column":2},"end":{"line":67,"column":null}},"38":{"start":{"line":70,"column":6},"end":{"line":72,"column":null}},"39":{"start":{"line":71,"column":2},"end":{"line":71,"column":null}},"40":{"start":{"line":71,"column":31},"end":{"line":71,"column":null}},"41":{"start":{"line":72,"column":2},"end":{"line":72,"column":null}},"42":{"start":{"line":75,"column":0},"end":{"line":82,"column":null}}},"fnMap":{"0":{"name":"(anonymous_0)","decl":{"start":{"line":7,"column":6},"end":{"line":7,"column":null}},"loc":{"start":{"line":8,"column":2},"end":{"line":10,"column":null}},"line":8},"1":{"name":"(anonymous_1)","decl":{"start":{"line":12,"column":13},"end":{"line":12,"column":20}},"loc":{"start":{"line":12,"column":39},"end":{"line":55,"column":null}},"line":12},"2":{"name":"(anonymous_2)","decl":{"start":{"line":59,"column":6},"end":{"line":59,"column":22}},"loc":{"start":{"line":59,"column":41},"end":{"line":61,"column":null}},"line":59},"3":{"name":"(anonymous_3)","decl":{"start":{"line":64,"column":6},"end":{"line":64,"column":24}},"loc":{"start":{"line":64,"column":43},"end":{"line":67,"column":null}},"line":64},"4":{"name":"(anonymous_4)","decl":{"start":{"line":70,"column":6},"end":{"line":70,"column":23}},"loc":{"start":{"line":70,"column":42},"end":{"line":72,"column":null}},"line":70},"5":{"name":"(anonymous_5)","decl":{"start":{"line":80,"column":2},"end":{"line":80,"column":29}},"loc":{"start":{"line":80,"column":29},"end":{"line":80,"column":null}},"line":80},"6":{"name":"(anonymous_6)","decl":{"start":{"line":81,"column":2},"end":{"line":81,"column":24}},"loc":{"start":{"line":81,"column":24},"end":{"line":81,"column":null}},"line":81}},"branchMap":{"0":{"loc":{"start":{"line":8,"column":2},"end":{"line":10,"column":null}},"type":"binary-expr","locations":[{"start":{"line":8,"column":2},"end":{"line":8,"column":null}},{"start":{"line":8,"column":25},"end":{"line":9,"column":null}},{"start":{"line":10,"column":2},"end":{"line":10,"column":null}}],"line":8},"1":{"loc":{"start":{"line":13,"column":2},"end":{"line":15,"column":null}},"type":"if","locations":[{"start":{"line":13,"column":2},"end":{"line":15,"column":null}},{"start":{},"end":{}}],"line":13},"2":{"loc":{"start":{"line":19,"column":2},"end":{"line":19,"column":null}},"type":"if","locations":[{"start":{"line":19,"column":2},"end":{"line":19,"column":null}},{"start":{},"end":{}}],"line":19},"3":{"loc":{"start":{"line":22,"column":25},"end":{"line":22,"column":null}},"type":"binary-expr","locations":[{"start":{"line":22,"column":25},"end":{"line":22,"column":55}},{"start":{"line":22,"column":55},"end":{"line":22,"column":null}}],"line":22},"4":{"loc":{"start":{"line":25,"column":25},"end":{"line":25,"column":38}},"type":"binary-expr","locations":[{"start":{"line":25,"column":25},"end":{"line":25,"column":34}},{"start":{"line":25,"column":34},"end":{"line":25,"column":38}}],"line":25},"5":{"loc":{"start":{"line":27,"column":2},"end":{"line":32,"column":null}},"type":"if","locations":[{"start":{"line":27,"column":2},"end":{"line":32,"column":null}},{"start":{},"end":{}}],"line":27},"6":{"loc":{"start":{"line":27,"column":6},"end":{"line":27,"column":56}},"type":"binary-expr","locations":[{"start":{"line":27,"column":6},"end":{"line":27,"column":23}},{"start":{"line":27,"column":23},"end":{"line":27,"column":56}}],"line":27},"7":{"loc":{"start":{"line":28,"column":4},"end":{"line":29,"column":null}},"type":"if","locations":[{"start":{"line":28,"column":4},"end":{"line":29,"column":null}},{"start":{},"end":{}}],"line":28},"8":{"loc":{"start":{"line":36,"column":2},"end":{"line":40,"column":null}},"type":"if","locations":[{"start":{"line":36,"column":2},"end":{"line":40,"column":null}},{"start":{},"end":{}}],"line":36},"9":{"loc":{"start":{"line":36,"column":6},"end":{"line":36,"column":93}},"type":"binary-expr","locations":[{"start":{"line":36,"column":6},"end":{"line":36,"column":23}},{"start":{"line":36,"column":23},"end":{"line":36,"column":56}},{"start":{"line":36,"column":60},"end":{"line":36,"column":93}}],"line":36},"10":{"loc":{"start":{"line":44,"column":23},"end":{"line":44,"column":53}},"type":"binary-expr","locations":[{"start":{"line":44,"column":23},"end":{"line":44,"column":49}},{"start":{"line":44,"column":49},"end":{"line":44,"column":53}}],"line":44},"11":{"loc":{"start":{"line":45,"column":4},"end":{"line":48,"column":null}},"type":"if","locations":[{"start":{"line":45,"column":4},"end":{"line":48,"column":null}},{"start":{},"end":{}}],"line":45},"12":{"loc":{"start":{"line":46,"column":6},"end":{"line":48,"column":null}},"type":"if","locations":[{"start":{"line":46,"column":6},"end":{"line":48,"column":null}},{"start":{},"end":{}}],"line":46},"13":{"loc":{"start":{"line":51,"column":38},"end":{"line":51,"column":65}},"type":"binary-expr","locations":[{"start":{"line":51,"column":38},"end":{"line":51,"column":51}},{"start":{"line":51,"column":51},"end":{"line":51,"column":65}}],"line":51},"14":{"loc":{"start":{"line":60,"column":2},"end":{"line":60,"column":null}},"type":"if","locations":[{"start":{"line":60,"column":2},"end":{"line":60,"column":null}},{"start":{},"end":{}}],"line":60},"15":{"loc":{"start":{"line":60,"column":6},"end":{"line":60,"column":62}},"type":"binary-expr","locations":[{"start":{"line":60,"column":6},"end":{"line":60,"column":17}},{"start":{"line":60,"column":22},"end":{"line":60,"column":34}},{"start":{"line":60,"column":34},"end":{"line":60,"column":62}}],"line":60},"16":{"loc":{"start":{"line":65,"column":2},"end":{"line":66,"column":null}},"type":"if","locations":[{"start":{"line":65,"column":2},"end":{"line":66,"column":null}},{"start":{},"end":{}}],"line":65},"17":{"loc":{"start":{"line":65,"column":6},"end":{"line":65,"column":null}},"type":"binary-expr","locations":[{"start":{"line":65,"column":6},"end":{"line":65,"column":17}},{"start":{"line":65,"column":22},"end":{"line":65,"column":35}},{"start":{"line":65,"column":35},"end":{"line":65,"column":64}},{"start":{"line":65,"column":64},"end":{"line":65,"column":null}}],"line":65},"18":{"loc":{"start":{"line":71,"column":2},"end":{"line":71,"column":null}},"type":"if","locations":[{"start":{"line":71,"column":2},"end":{"line":71,"column":null}},{"start":{},"end":{}}],"line":71},"19":{"loc":{"start":{"line":71,"column":6},"end":{"line":71,"column":31}},"type":"binary-expr","locations":[{"start":{"line":71,"column":6},"end":{"line":71,"column":17}},{"start":{"line":71,"column":21},"end":{"line":71,"column":31}}],"line":71}},"s":{"0":1,"1":1,"2":1,"3":1,"4":0,"5":2,"6":2,"7":2,"8":0,"9":0,"10":0,"11":0,"12":2,"13":2,"14":0,"15":0,"16":0,"17":0,"18":0,"19":0,"20":0,"21":0,"22":0,"23":2,"24":0,"25":0,"26":0,"27":0,"28":0,"29":0,"30":0,"31":0,"32":2,"33":2,"34":2,"35":0,"36":0,"37":0,"38":0,"39":0,"40":0,"41":1,"42":0},"f":{"0":1,"1":1,"2":0,"3":0,"4":0,"5":1,"6":1},"b":{"0":[4,4,0],"1":[2,0],"2":[0,0],"3":[0,0],"4":[2,2],"5":[0,2],"6":[2,2],"7":[0,0],"8":[0,0],"9":[0,0,0],"10":[0,0],"11":[2,-2],"12":[0,2],"13":[0,0],"14":[2,-2],"15":[0,1,1],"16":[0,0],"17":[0,0,1,0],"18":[0,0],"19":[0,0]},"meta":{"lastBranch":20,"lastFunction":7,"lastStatement":43,"seen":{"s:1:12:1:35":0,"s:2:12:2:41":1,"s:7:6:10:Infinity":2,"f:7:6:7:Infinity":0,"s:8:2:10:Infinity":3,"b:8:2:8:Infinity:8:25:9:Infinity:10:2:10:Infinity":0,"s:12:13:55:Infinity":4,"f:12:13:12:20":1,"b:13:2:15:Infinity:undefined:undefined:undefined:undefined":1,"s:13:2:15:Infinity":5,"s:14:4:14:Infinity":6,"s:15:4:15:Infinity":7,"s:18:16:18:Infinity":8,"b:19:2:19:Infinity:undefined:undefined:undefined:undefined":2,"s:19:2:19:Infinity":9,"s:19:14:19:Infinity":10,"s:22:8:24:11":11,"b:22:25:22:55:22:55:22:Infinity":3,"s:25:8:25:65":12,"b:25:25:25:34:25:34:25:38":4,"b:27:2:32:Infinity:undefined:undefined:undefined:undefined":5,"s:27:2:32:Infinity":13,"b:27:6:27:23:27:23:27:56":6,"b:28:4:29:Infinity:undefined:undefined:undefined:undefined":7,"s:28:4:29:Infinity":14,"s:29:6:29:Infinity":15,"s:31:4:31:Infinity":16,"s:32:4:32:Infinity":17,"b:36:2:40:Infinity:undefined:undefined:undefined:undefined":8,"s:36:2:40:Infinity":18,"b:36:6:36:23:36:23:36:56:36:60:36:93":9,"s:37:4:40:Infinity":19,"s:43:2:55:Infinity":20,"s:44:10:44:80":21,"b:44:23:44:49:44:49:44:53":10,"b:45:4:48:Infinity:undefined:undefined:undefined:undefined":11,"s:45:4:48:Infinity":22,"b:46:6:48:Infinity:undefined:undefined:undefined:undefined":12,"s:46:6:48:Infinity":23,"s:47:8:47:Infinity":24,"s:48:8:48:Infinity":25,"s:51:20:51:65":26,"b:51:38:51:51:51:51:51:65":13,"s:52:4:52:Infinity":27,"s:53:4:53:Infinity":28,"s:55:4:55:Infinity":29,"s:59:6:61:Infinity":30,"f:59:6:59:22":2,"b:60:2:60:Infinity:undefined:undefined:undefined:undefined":14,"s:60:2:60:Infinity":31,"b:60:6:60:17:60:22:60:34:60:34:60:62":15,"s:60:62:60:Infinity":32,"s:61:2:61:Infinity":33,"s:64:6:67:Infinity":34,"f:64:6:64:24":3,"b:65:2:66:Infinity:undefined:undefined:undefined:undefined":16,"s:65:2:66:Infinity":35,"b:65:6:65:17:65:22:65:35:65:35:65:64:65:64:65:Infinity":17,"s:66:4:66:Infinity":36,"s:67:2:67:Infinity":37,"s:70:6:72:Infinity":38,"f:70:6:70:23":4,"b:71:2:71:Infinity:undefined:undefined:undefined:undefined":18,"s:71:2:71:Infinity":39,"b:71:6:71:17:71:21:71:31":19,"s:71:31:71:Infinity":40,"s:72:2:72:Infinity":41,"s:75:0:82:Infinity":42,"f:80:2:80:29":5,"f:81:2:81:24":6}}}
,"/home/faleryo/wg-fux/api-service/src/routes/auth.js": {"path":"/home/faleryo/wg-fux/api-service/src/routes/auth.js","statementMap":{"0":{"start":{"line":1,"column":16},"end":{"line":1,"column":34}},"1":{"start":{"line":2,"column":15},"end":{"line":2,"column":31}},"2":{"start":{"line":3,"column":14},"end":{"line":3,"column":30}},"3":{"start":{"line":4,"column":12},"end":{"line":4,"column":35}},"4":{"start":{"line":5,"column":26},"end":{"line":5,"column":43}},"5":{"start":{"line":6,"column":15},"end":{"line":6,"column":32}},"6":{"start":{"line":7,"column":22},"end":{"line":7,"column":51}},"7":{"start":{"line":8,"column":23},"end":{"line":8,"column":42}},"8":{"start":{"line":9,"column":26},"end":{"line":9,"column":48}},"9":{"start":{"line":10,"column":24},"end":{"line":10,"column":54}},"10":{"start":{"line":11,"column":47},"end":{"line":11,"column":76}},"11":{"start":{"line":12,"column":44},"end":{"line":12,"column":71}},"12":{"start":{"line":13,"column":29},"end":{"line":13,"column":57}},"13":{"start":{"line":14,"column":26},"end":{"line":14,"column":55}},"14":{"start":{"line":15,"column":35},"end":{"line":15,"column":61}},"15":{"start":{"line":17,"column":21},"end":{"line":32,"column":2}},"16":{"start":{"line":24,"column":15},"end":{"line":24,"column":21}},"17":{"start":{"line":25,"column":4},"end":{"line":27,"column":null}},"18":{"start":{"line":28,"column":4},"end":{"line":30,"column":null}},"19":{"start":{"line":34,"column":0},"end":{"line":123,"column":null}},"20":{"start":{"line":38,"column":19},"end":{"line":38,"column":50}},"21":{"start":{"line":39,"column":4},"end":{"line":41,"column":null}},"22":{"start":{"line":40,"column":6},"end":{"line":40,"column":null}},"23":{"start":{"line":43,"column":53},"end":{"line":43,"column":64}},"24":{"start":{"line":44,"column":19},"end":{"line":48,"column":15}},"25":{"start":{"line":50,"column":18},"end":{"line":50,"column":23}},"26":{"start":{"line":51,"column":4},"end":{"line":53,"column":null}},"27":{"start":{"line":52,"column":6},"end":{"line":52,"column":null}},"28":{"start":{"line":55,"column":21},"end":{"line":55,"column":27}},"29":{"start":{"line":56,"column":22},"end":{"line":56,"column":60}},"30":{"start":{"line":58,"column":4},"end":{"line":121,"column":null}},"31":{"start":{"line":60,"column":6},"end":{"line":67,"column":null}},"32":{"start":{"line":61,"column":8},"end":{"line":61,"column":null}},"33":{"start":{"line":62,"column":8},"end":{"line":66,"column":null}},"34":{"start":{"line":69,"column":6},"end":{"line":78,"column":null}},"35":{"start":{"line":70,"column":8},"end":{"line":74,"column":null}},"36":{"start":{"line":71,"column":10},"end":{"line":73,"column":null}},"37":{"start":{"line":75,"column":8},"end":{"line":77,"column":null}},"38":{"start":{"line":76,"column":10},"end":{"line":76,"column":null}},"39":{"start":{"line":80,"column":6},"end":{"line":80,"column":null}},"40":{"start":{"line":83,"column":6},"end":{"line":109,"column":null}},"41":{"start":{"line":84,"column":28},"end":{"line":107,"column":9}},"42":{"start":{"line":85,"column":25},"end":{"line":85,"column":48}},"43":{"start":{"line":87,"column":28},"end":{"line":87,"column":99}},"44":{"start":{"line":89,"column":10},"end":{"line":101,"column":null}},"45":{"start":{"line":90,"column":12},"end":{"line":100,"column":null}},"46":{"start":{"line":92,"column":26},"end":{"line":94,"column":15}},"47":{"start":{"line":95,"column":14},"end":{"line":97,"column":null}},"48":{"start":{"line":96,"column":16},"end":{"line":96,"column":null}},"49":{"start":{"line":103,"column":26},"end":{"line":103,"column":120}},"50":{"start":{"line":104,"column":39},"end":{"line":104,"column":67}},"51":{"start":{"line":105,"column":36},"end":{"line":105,"column":65}},"52":{"start":{"line":106,"column":10},"end":{"line":106,"column":null}},"53":{"start":{"line":108,"column":8},"end":{"line":108,"column":null}},"54":{"start":{"line":111,"column":20},"end":{"line":113,"column":8}},"55":{"start":{"line":114,"column":6},"end":{"line":114,"column":null}},"56":{"start":{"line":116,"column":6},"end":{"line":116,"column":null}},"57":{"start":{"line":117,"column":6},"end":{"line":120,"column":null}},"58":{"start":{"line":118,"column":14},"end":{"line":118,"column":92}},"59":{"start":{"line":125,"column":0},"end":{"line":137,"column":null}},"60":{"start":{"line":129,"column":19},"end":{"line":133,"column":15}},"61":{"start":{"line":134,"column":4},"end":{"line":134,"column":null}},"62":{"start":{"line":134,"column":15},"end":{"line":134,"column":null}},"63":{"start":{"line":135,"column":4},"end":{"line":135,"column":null}},"64":{"start":{"line":139,"column":0},"end":{"line":163,"column":null}},"65":{"start":{"line":144,"column":18},"end":{"line":144,"column":79}},"66":{"start":{"line":145,"column":19},"end":{"line":145,"column":63}},"67":{"start":{"line":146,"column":20},"end":{"line":152,"column":21}},"68":{"start":{"line":153,"column":4},"end":{"line":161,"column":null}},"69":{"start":{"line":154,"column":26},"end":{"line":160,"column":7}},"70":{"start":{"line":165,"column":0},"end":{"line":182,"column":null}},"71":{"start":{"line":170,"column":19},"end":{"line":174,"column":15}},"72":{"start":{"line":175,"column":4},"end":{"line":175,"column":null}},"73":{"start":{"line":175,"column":15},"end":{"line":175,"column":null}},"74":{"start":{"line":177,"column":19},"end":{"line":177,"column":49}},"75":{"start":{"line":178,"column":20},"end":{"line":178,"column":76}},"76":{"start":{"line":179,"column":22},"end":{"line":179,"column":53}},"77":{"start":{"line":180,"column":4},"end":{"line":180,"column":null}},"78":{"start":{"line":184,"column":0},"end":{"line":200,"column":null}},"79":{"start":{"line":189,"column":30},"end":{"line":189,"column":38}},"80":{"start":{"line":190,"column":4},"end":{"line":192,"column":null}},"81":{"start":{"line":191,"column":6},"end":{"line":191,"column":null}},"82":{"start":{"line":194,"column":4},"end":{"line":197,"column":null}},"83":{"start":{"line":198,"column":4},"end":{"line":198,"column":null}},"84":{"start":{"line":202,"column":0},"end":{"line":213,"column":null}},"85":{"start":{"line":207,"column":4},"end":{"line":210,"column":null}},"86":{"start":{"line":211,"column":4},"end":{"line":211,"column":null}},"87":{"start":{"line":215,"column":0},"end":{"line":215,"column":null}}},"fnMap":{"0":{"name":"(anonymous_0)","decl":{"start":{"line":23,"column":11},"end":{"line":23,"column":12}},"loc":{"start":{"line":23,"column":40},"end":{"line":31,"column":3}},"line":23},"1":{"name":"(anonymous_1)","decl":{"start":{"line":37,"column":12},"end":{"line":37,"column":17}},"loc":{"start":{"line":37,"column":39},"end":{"line":122,"column":3}},"line":37},"2":{"name":"(anonymous_2)","decl":{"start":{"line":84,"column":28},"end":{"line":84,"column":33}},"loc":{"start":{"line":84,"column":40},"end":{"line":107,"column":9}},"line":84},"3":{"name":"(anonymous_3)","decl":{"start":{"line":106,"column":77},"end":{"line":106,"column":78}},"loc":{"start":{"line":106,"column":83},"end":{"line":106,"column":85}},"line":106},"4":{"name":"(anonymous_4)","decl":{"start":{"line":118,"column":8},"end":{"line":118,"column":9}},"loc":{"start":{"line":118,"column":14},"end":{"line":118,"column":92}},"line":118},"5":{"name":"(anonymous_5)","decl":{"start":{"line":128,"column":12},"end":{"line":128,"column":17}},"loc":{"start":{"line":128,"column":32},"end":{"line":136,"column":3}},"line":128},"6":{"name":"(anonymous_6)","decl":{"start":{"line":143,"column":12},"end":{"line":143,"column":17}},"loc":{"start":{"line":143,"column":32},"end":{"line":162,"column":3}},"line":143},"7":{"name":"(anonymous_7)","decl":{"start":{"line":154,"column":18},"end":{"line":154,"column":19}},"loc":{"start":{"line":154,"column":26},"end":{"line":160,"column":7}},"line":154},"8":{"name":"(anonymous_8)","decl":{"start":{"line":169,"column":12},"end":{"line":169,"column":17}},"loc":{"start":{"line":169,"column":32},"end":{"line":181,"column":3}},"line":169},"9":{"name":"(anonymous_9)","decl":{"start":{"line":188,"column":12},"end":{"line":188,"column":17}},"loc":{"start":{"line":188,"column":32},"end":{"line":199,"column":3}},"line":188},"10":{"name":"(anonymous_10)","decl":{"start":{"line":206,"column":12},"end":{"line":206,"column":17}},"loc":{"start":{"line":206,"column":32},"end":{"line":212,"column":3}},"line":206}},"branchMap":{"0":{"loc":{"start":{"line":39,"column":4},"end":{"line":41,"column":null}},"type":"if","locations":[{"start":{"line":39,"column":4},"end":{"line":41,"column":null}},{"start":{},"end":{}}],"line":39},"1":{"loc":{"start":{"line":51,"column":4},"end":{"line":53,"column":null}},"type":"if","locations":[{"start":{"line":51,"column":4},"end":{"line":53,"column":null}},{"start":{},"end":{}}],"line":51},"2":{"loc":{"start":{"line":51,"column":8},"end":{"line":51,"column":38}},"type":"binary-expr","locations":[{"start":{"line":51,"column":8},"end":{"line":51,"column":12}},{"start":{"line":51,"column":16},"end":{"line":51,"column":25}},{"start":{"line":51,"column":29},"end":{"line":51,"column":38}}],"line":51},"3":{"loc":{"start":{"line":56,"column":22},"end":{"line":56,"column":60}},"type":"binary-expr","locations":[{"start":{"line":56,"column":22},"end":{"line":56,"column":47}},{"start":{"line":56,"column":51},"end":{"line":56,"column":60}}],"line":56},"4":{"loc":{"start":{"line":58,"column":4},"end":{"line":121,"column":null}},"type":"if","locations":[{"start":{"line":58,"column":4},"end":{"line":121,"column":null}},{"start":{"line":115,"column":11},"end":{"line":121,"column":null}}],"line":58},"5":{"loc":{"start":{"line":60,"column":6},"end":{"line":67,"column":null}},"type":"if","locations":[{"start":{"line":60,"column":6},"end":{"line":67,"column":null}},{"start":{},"end":{}}],"line":60},"6":{"loc":{"start":{"line":60,"column":10},"end":{"line":60,"column":59}},"type":"binary-expr","locations":[{"start":{"line":60,"column":10},"end":{"line":60,"column":21}},{"start":{"line":60,"column":25},"end":{"line":60,"column":59}}],"line":60},"7":{"loc":{"start":{"line":69,"column":6},"end":{"line":78,"column":null}},"type":"if","locations":[{"start":{"line":69,"column":6},"end":{"line":78,"column":null}},{"start":{},"end":{}}],"line":69},"8":{"loc":{"start":{"line":70,"column":8},"end":{"line":74,"column":null}},"type":"if","locations":[{"start":{"line":70,"column":8},"end":{"line":74,"column":null}},{"start":{},"end":{}}],"line":70},"9":{"loc":{"start":{"line":75,"column":8},"end":{"line":77,"column":null}},"type":"if","locations":[{"start":{"line":75,"column":8},"end":{"line":77,"column":null}},{"start":{},"end":{}}],"line":75},"10":{"loc":{"start":{"line":83,"column":6},"end":{"line":109,"column":null}},"type":"if","locations":[{"start":{"line":83,"column":6},"end":{"line":109,"column":null}},{"start":{},"end":{}}],"line":83},"11":{"loc":{"start":{"line":89,"column":10},"end":{"line":101,"column":null}},"type":"if","locations":[{"start":{"line":89,"column":10},"end":{"line":101,"column":null}},{"start":{},"end":{}}],"line":89},"12":{"loc":{"start":{"line":89,"column":14},"end":{"line":89,"column":46}},"type":"binary-expr","locations":[{"start":{"line":89,"column":14},"end":{"line":89,"column":24}},{"start":{"line":89,"column":28},"end":{"line":89,"column":46}}],"line":89},"13":{"loc":{"start":{"line":95,"column":14},"end":{"line":97,"column":null}},"type":"if","locations":[{"start":{"line":95,"column":14},"end":{"line":97,"column":null}},{"start":{},"end":{}}],"line":95},"14":{"loc":{"start":{"line":95,"column":18},"end":{"line":95,"column":43}},"type":"binary-expr","locations":[{"start":{"line":95,"column":18},"end":{"line":95,"column":26}},{"start":{"line":95,"column":30},"end":{"line":95,"column":43}}],"line":95},"15":{"loc":{"start":{"line":134,"column":4},"end":{"line":134,"column":null}},"type":"if","locations":[{"start":{"line":134,"column":4},"end":{"line":134,"column":null}},{"start":{},"end":{}}],"line":134},"16":{"loc":{"start":{"line":144,"column":39},"end":{"line":144,"column":71}},"type":"binary-expr","locations":[{"start":{"line":144,"column":39},"end":{"line":144,"column":64}},{"start":{"line":144,"column":68},"end":{"line":144,"column":71}}],"line":144},"17":{"loc":{"start":{"line":145,"column":31},"end":{"line":145,"column":62}},"type":"binary-expr","locations":[{"start":{"line":145,"column":31},"end":{"line":145,"column":57}},{"start":{"line":145,"column":61},"end":{"line":145,"column":62}}],"line":145},"18":{"loc":{"start":{"line":175,"column":4},"end":{"line":175,"column":null}},"type":"if","locations":[{"start":{"line":175,"column":4},"end":{"line":175,"column":null}},{"start":{},"end":{}}],"line":175},"19":{"loc":{"start":{"line":190,"column":4},"end":{"line":192,"column":null}},"type":"if","locations":[{"start":{"line":190,"column":4},"end":{"line":192,"column":null}},{"start":{},"end":{}}],"line":190}},"s":{"0":1,"1":1,"2":1,"3":1,"4":1,"5":1,"6":1,"7":1,"8":1,"9":1,"10":1,"11":1,"12":1,"13":1,"14":1,"15":1,"16":0,"17":0,"18":0,"19":1,"20":0,"21":0,"22":0,"23":0,"24":0,"25":0,"26":0,"27":0,"28":0,"29":0,"30":0,"31":0,"32":0,"33":0,"34":0,"35":0,"36":0,"37":0,"38":0,"39":0,"40":0,"41":0,"42":0,"43":0,"44":0,"45":0,"46":0,"47":0,"48":0,"49":0,"50":0,"51":0,"52":0,"53":0,"54":0,"55":0,"56":0,"57":0,"58":0,"59":1,"60":0,"61":0,"62":0,"63":0,"64":1,"65":0,"66":0,"67":0,"68":0,"69":0,"70":1,"71":0,"72":0,"73":0,"74":0,"75":0,"76":0,"77":0,"78":1,"79":0,"80":0,"81":0,"82":0,"83":0,"84":1,"85":0,"86":0,"87":1},"f":{"0":0,"1":0,"2":0,"3":0,"4":0,"5":0,"6":0,"7":0,"8":0,"9":0,"10":0},"b":{"0":[0,0],"1":[0,0],"2":[0,0,0],"3":[0,0],"4":[0,0],"5":[0,0],"6":[0,0],"7":[0,0],"8":[0,0],"9":[0,0],"10":[0,0],"11":[0,0],"12":[0,0],"13":[0,0],"14":[0,0],"15":[0,0],"16":[0,0],"17":[0,0],"18":[0,0],"19":[0,0]},"meta":{"lastBranch":20,"lastFunction":11,"lastStatement":88,"seen":{"s:1:16:1:34":0,"s:2:15:2:31":1,"s:3:14:3:30":2,"s:4:12:4:35":3,"s:5:26:5:43":4,"s:6:15:6:32":5,"s:7:22:7:51":6,"s:8:23:8:42":7,"s:9:26:9:48":8,"s:10:24:10:54":9,"s:11:47:11:76":10,"s:12:44:12:71":11,"s:13:29:13:57":12,"s:14:26:14:55":13,"s:15:35:15:61":14,"s:17:21:32:2":15,"f:23:11:23:12":0,"s:24:15:24:21":16,"s:25:4:27:Infinity":17,"s:28:4:30:Infinity":18,"s:34:0:123:Infinity":19,"f:37:12:37:17":1,"s:38:19:38:50":20,"b:39:4:41:Infinity:undefined:undefined:undefined:undefined":0,"s:39:4:41:Infinity":21,"s:40:6:40:Infinity":22,"s:43:53:43:64":23,"s:44:19:48:15":24,"s:50:18:50:23":25,"b:51:4:53:Infinity:undefined:undefined:undefined:undefined":1,"s:51:4:53:Infinity":26,"b:51:8:51:12:51:16:51:25:51:29:51:38":2,"s:52:6:52:Infinity":27,"s:55:21:55:27":28,"s:56:22:56:60":29,"b:56:22:56:47:56:51:56:60":3,"b:58:4:121:Infinity:115:11:121:Infinity":4,"s:58:4:121:Infinity":30,"b:60:6:67:Infinity:undefined:undefined:undefined:undefined":5,"s:60:6:67:Infinity":31,"b:60:10:60:21:60:25:60:59":6,"s:61:8:61:Infinity":32,"s:62:8:66:Infinity":33,"b:69:6:78:Infinity:undefined:undefined:undefined:undefined":7,"s:69:6:78:Infinity":34,"b:70:8:74:Infinity:undefined:undefined:undefined:undefined":8,"s:70:8:74:Infinity":35,"s:71:10:73:Infinity":36,"b:75:8:77:Infinity:undefined:undefined:undefined:undefined":9,"s:75:8:77:Infinity":37,"s:76:10:76:Infinity":38,"s:80:6:80:Infinity":39,"b:83:6:109:Infinity:undefined:undefined:undefined:undefined":10,"s:83:6:109:Infinity":40,"s:84:28:107:9":41,"f:84:28:84:33":2,"s:85:25:85:48":42,"s:87:28:87:99":43,"b:89:10:101:Infinity:undefined:undefined:undefined:undefined":11,"s:89:10:101:Infinity":44,"b:89:14:89:24:89:28:89:46":12,"s:90:12:100:Infinity":45,"s:92:26:94:15":46,"b:95:14:97:Infinity:undefined:undefined:undefined:undefined":13,"s:95:14:97:Infinity":47,"b:95:18:95:26:95:30:95:43":14,"s:96:16:96:Infinity":48,"s:103:26:103:120":49,"s:104:39:104:67":50,"s:105:36:105:65":51,"s:106:10:106:Infinity":52,"f:106:77:106:78":3,"s:108:8:108:Infinity":53,"s:111:20:113:8":54,"s:114:6:114:Infinity":55,"s:116:6:116:Infinity":56,"s:117:6:120:Infinity":57,"f:118:8:118:9":4,"s:118:14:118:92":58,"s:125:0:137:Infinity":59,"f:128:12:128:17":5,"s:129:19:133:15":60,"b:134:4:134:Infinity:undefined:undefined:undefined:undefined":15,"s:134:4:134:Infinity":61,"s:134:15:134:Infinity":62,"s:135:4:135:Infinity":63,"s:139:0:163:Infinity":64,"f:143:12:143:17":6,"s:144:18:144:79":65,"b:144:39:144:64:144:68:144:71":16,"s:145:19:145:63":66,"b:145:31:145:57:145:61:145:62":17,"s:146:20:152:21":67,"s:153:4:161:Infinity":68,"f:154:18:154:19":7,"s:154:26:160:7":69,"s:165:0:182:Infinity":70,"f:169:12:169:17":8,"s:170:19:174:15":71,"b:175:4:175:Infinity:undefined:undefined:undefined:undefined":18,"s:175:4:175:Infinity":72,"s:175:15:175:Infinity":73,"s:177:19:177:49":74,"s:178:20:178:76":75,"s:179:22:179:53":76,"s:180:4:180:Infinity":77,"s:184:0:200:Infinity":78,"f:188:12:188:17":9,"s:189:30:189:38":79,"b:190:4:192:Infinity:undefined:undefined:undefined:undefined":19,"s:190:4:192:Infinity":80,"s:191:6:191:Infinity":81,"s:194:4:197:Infinity":82,"s:198:4:198:Infinity":83,"s:202:0:213:Infinity":84,"f:206:12:206:17":10,"s:207:4:210:Infinity":85,"s:211:4:211:Infinity":86,"s:215:0:215:Infinity":87}}}
,"/home/faleryo/wg-fux/api-service/src/routes/clients.js": {"path":"/home/faleryo/wg-fux/api-service/src/routes/clients.js","statementMap":{"0":{"start":{"line":1,"column":16},"end":{"line":1,"column":34}},"1":{"start":{"line":2,"column":15},"end":{"line":2,"column":31}},"2":{"start":{"line":3,"column":13},"end":{"line":3,"column":28}},"3":{"start":{"line":4,"column":19},"end":{"line":4,"column":41}},"4":{"start":{"line":5,"column":23},"end":{"line":5,"column":42}},"5":{"start":{"line":6,"column":26},"end":{"line":6,"column":48}},"6":{"start":{"line":16,"column":4},"end":{"line":16,"column":34}},"7":{"start":{"line":17,"column":33},"end":{"line":17,"column":62}},"8":{"start":{"line":18,"column":60},"end":{"line":18,"column":88}},"9":{"start":{"line":19,"column":64},"end":{"line":19,"column":93}},"10":{"start":{"line":20,"column":26},"end":{"line":20,"column":55}},"11":{"start":{"line":21,"column":21},"end":{"line":21,"column":49}},"12":{"start":{"line":22,"column":12},"end":{"line":22,"column":41}},"13":{"start":{"line":23,"column":35},"end":{"line":23,"column":61}},"14":{"start":{"line":24,"column":24},"end":{"line":24,"column":42}},"15":{"start":{"line":27,"column":0},"end":{"line":31,"column":null}},"16":{"start":{"line":28,"column":2},"end":{"line":29,"column":null}},"17":{"start":{"line":29,"column":4},"end":{"line":29,"column":null}},"18":{"start":{"line":30,"column":2},"end":{"line":30,"column":null}},"19":{"start":{"line":32,"column":0},"end":{"line":36,"column":null}},"20":{"start":{"line":33,"column":2},"end":{"line":34,"column":null}},"21":{"start":{"line":34,"column":4},"end":{"line":34,"column":null}},"22":{"start":{"line":35,"column":2},"end":{"line":35,"column":null}},"23":{"start":{"line":40,"column":0},"end":{"line":54,"column":null}},"24":{"start":{"line":44,"column":16},"end":{"line":44,"column":70}},"25":{"start":{"line":45,"column":4},"end":{"line":52,"column":null}},"26":{"start":{"line":46,"column":22},"end":{"line":46,"column":76}},"27":{"start":{"line":47,"column":25},"end":{"line":47,"column":98}},"28":{"start":{"line":47,"column":51},"end":{"line":47,"column":70}},"29":{"start":{"line":47,"column":87},"end":{"line":47,"column":97}},"30":{"start":{"line":48,"column":6},"end":{"line":48,"column":null}},"31":{"start":{"line":50,"column":6},"end":{"line":50,"column":null}},"32":{"start":{"line":50,"column":35},"end":{"line":50,"column":null}},"33":{"start":{"line":51,"column":6},"end":{"line":51,"column":null}},"34":{"start":{"line":56,"column":0},"end":{"line":82,"column":null}},"35":{"start":{"line":61,"column":19},"end":{"line":61,"column":54}},"36":{"start":{"line":62,"column":4},"end":{"line":64,"column":null}},"37":{"start":{"line":63,"column":6},"end":{"line":63,"column":null}},"38":{"start":{"line":65,"column":21},"end":{"line":65,"column":32}},"39":{"start":{"line":66,"column":31},"end":{"line":68,"column":6}},"40":{"start":{"line":69,"column":4},"end":{"line":71,"column":null}},"41":{"start":{"line":70,"column":6},"end":{"line":70,"column":null}},"42":{"start":{"line":73,"column":4},"end":{"line":79,"column":null}},"43":{"start":{"line":80,"column":4},"end":{"line":80,"column":null}},"44":{"start":{"line":84,"column":0},"end":{"line":106,"column":null}},"45":{"start":{"line":89,"column":21},"end":{"line":89,"column":31}},"46":{"start":{"line":90,"column":31},"end":{"line":92,"column":6}},"47":{"start":{"line":93,"column":4},"end":{"line":95,"column":null}},"48":{"start":{"line":94,"column":6},"end":{"line":94,"column":null}},"49":{"start":{"line":97,"column":4},"end":{"line":103,"column":null}},"50":{"start":{"line":104,"column":4},"end":{"line":104,"column":null}},"51":{"start":{"line":110,"column":0},"end":{"line":180,"column":null}},"52":{"start":{"line":114,"column":30},"end":{"line":114,"column":59}},"53":{"start":{"line":115,"column":26},"end":{"line":115,"column":47}},"54":{"start":{"line":116,"column":25},"end":{"line":116,"column":95}},"55":{"start":{"line":116,"column":53},"end":{"line":116,"column":75}},"56":{"start":{"line":116,"column":88},"end":{"line":116,"column":94}},"57":{"start":{"line":118,"column":20},"end":{"line":118,"column":22}},"58":{"start":{"line":119,"column":4},"end":{"line":125,"column":null}},"59":{"start":{"line":120,"column":21},"end":{"line":120,"column":51}},"60":{"start":{"line":121,"column":20},"end":{"line":121,"column":46}},"61":{"start":{"line":122,"column":6},"end":{"line":124,"column":null}},"62":{"start":{"line":123,"column":8},"end":{"line":123,"column":null}},"63":{"start":{"line":127,"column":22},"end":{"line":127,"column":60}},"64":{"start":{"line":129,"column":20},"end":{"line":141,"column":6}},"65":{"start":{"line":130,"column":19},"end":{"line":130,"column":39}},"66":{"start":{"line":131,"column":6},"end":{"line":140,"column":null}},"67":{"start":{"line":144,"column":19},"end":{"line":144,"column":26}},"68":{"start":{"line":145,"column":59},"end":{"line":145,"column":68}},"69":{"start":{"line":146,"column":4},"end":{"line":146,"column":null}},"70":{"start":{"line":146,"column":25},"end":{"line":146,"column":null}},"71":{"start":{"line":146,"column":59},"end":{"line":146,"column":90}},"72":{"start":{"line":147,"column":4},"end":{"line":147,"column":null}},"73":{"start":{"line":147,"column":29},"end":{"line":147,"column":null}},"74":{"start":{"line":147,"column":63},"end":{"line":147,"column":73}},"75":{"start":{"line":148,"column":4},"end":{"line":148,"column":null}},"76":{"start":{"line":148,"column":30},"end":{"line":148,"column":null}},"77":{"start":{"line":148,"column":64},"end":{"line":148,"column":75}},"78":{"start":{"line":149,"column":4},"end":{"line":157,"column":null}},"79":{"start":{"line":150,"column":16},"end":{"line":150,"column":36}},"80":{"start":{"line":151,"column":6},"end":{"line":156,"column":null}},"81":{"start":{"line":153,"column":10},"end":{"line":155,"column":null}},"82":{"start":{"line":160,"column":23},"end":{"line":160,"column":60}},"83":{"start":{"line":161,"column":17},"end":{"line":161,"column":59}},"84":{"start":{"line":162,"column":21},"end":{"line":164,"column":23}},"85":{"start":{"line":166,"column":18},"end":{"line":166,"column":33}},"86":{"start":{"line":167,"column":22},"end":{"line":169,"column":16}},"87":{"start":{"line":171,"column":4},"end":{"line":178,"column":null}},"88":{"start":{"line":182,"column":0},"end":{"line":215,"column":null}},"89":{"start":{"line":186,"column":19},"end":{"line":186,"column":63}},"90":{"start":{"line":187,"column":23},"end":{"line":187,"column":61}},"91":{"start":{"line":189,"column":4},"end":{"line":193,"column":null}},"92":{"start":{"line":190,"column":6},"end":{"line":190,"column":null}},"93":{"start":{"line":191,"column":6},"end":{"line":191,"column":null}},"94":{"start":{"line":192,"column":6},"end":{"line":192,"column":null}},"95":{"start":{"line":195,"column":20},"end":{"line":204,"column":5}},"96":{"start":{"line":205,"column":17},"end":{"line":209,"column":5}},"97":{"start":{"line":206,"column":6},"end":{"line":208,"column":null}},"98":{"start":{"line":207,"column":20},"end":{"line":207,"column":85}},"99":{"start":{"line":210,"column":16},"end":{"line":210,"column":55}},"100":{"start":{"line":211,"column":4},"end":{"line":211,"column":null}},"101":{"start":{"line":212,"column":4},"end":{"line":212,"column":null}},"102":{"start":{"line":213,"column":4},"end":{"line":213,"column":null}},"103":{"start":{"line":217,"column":0},"end":{"line":295,"column":null}},"104":{"start":{"line":222,"column":19},"end":{"line":222,"column":51}},"105":{"start":{"line":223,"column":4},"end":{"line":225,"column":null}},"106":{"start":{"line":224,"column":6},"end":{"line":224,"column":null}},"107":{"start":{"line":227,"column":60},"end":{"line":227,"column":71}},"108":{"start":{"line":229,"column":19},"end":{"line":233,"column":15}},"109":{"start":{"line":234,"column":4},"end":{"line":238,"column":null}},"110":{"start":{"line":235,"column":6},"end":{"line":237,"column":null}},"111":{"start":{"line":240,"column":45},"end":{"line":243,"column":5}},"112":{"start":{"line":245,"column":4},"end":{"line":252,"column":null}},"113":{"start":{"line":246,"column":6},"end":{"line":250,"column":null}},"114":{"start":{"line":247,"column":8},"end":{"line":249,"column":null}},"115":{"start":{"line":251,"column":6},"end":{"line":251,"column":null}},"116":{"start":{"line":255,"column":20},"end":{"line":255,"column":22}},"117":{"start":{"line":257,"column":6},"end":{"line":257,"column":92}},"118":{"start":{"line":259,"column":4},"end":{"line":277,"column":null}},"119":{"start":{"line":260,"column":6},"end":{"line":260,"column":null}},"120":{"start":{"line":263,"column":25},"end":{"line":263,"column":81}},"121":{"start":{"line":264,"column":6},"end":{"line":276,"column":null}},"122":{"start":{"line":265,"column":23},"end":{"line":265,"column":68}},"123":{"start":{"line":267,"column":10},"end":{"line":268,"column":48}},"124":{"start":{"line":269,"column":8},"end":{"line":269,"column":null}},"125":{"start":{"line":269,"column":19},"end":{"line":269,"column":null}},"126":{"start":{"line":271,"column":8},"end":{"line":273,"column":null}},"127":{"start":{"line":275,"column":8},"end":{"line":275,"column":null}},"128":{"start":{"line":279,"column":24},"end":{"line":282,"column":18}},"129":{"start":{"line":284,"column":4},"end":{"line":291,"column":null}},"130":{"start":{"line":293,"column":4},"end":{"line":293,"column":null}},"131":{"start":{"line":297,"column":0},"end":{"line":380,"column":null}},"132":{"start":{"line":302,"column":19},"end":{"line":302,"column":51}},"133":{"start":{"line":303,"column":4},"end":{"line":305,"column":null}},"134":{"start":{"line":304,"column":6},"end":{"line":304,"column":null}},"135":{"start":{"line":307,"column":32},"end":{"line":307,"column":42}},"136":{"start":{"line":308,"column":24},"end":{"line":308,"column":35}},"137":{"start":{"line":309,"column":21},"end":{"line":313,"column":15}},"138":{"start":{"line":314,"column":4},"end":{"line":316,"column":null}},"139":{"start":{"line":315,"column":6},"end":{"line":315,"column":null}},"140":{"start":{"line":318,"column":22},"end":{"line":318,"column":51}},"141":{"start":{"line":319,"column":22},"end":{"line":319,"column":38}},"142":{"start":{"line":321,"column":4},"end":{"line":362,"column":null}},"143":{"start":{"line":322,"column":6},"end":{"line":322,"column":null}},"144":{"start":{"line":324,"column":6},"end":{"line":330,"column":null}},"145":{"start":{"line":325,"column":8},"end":{"line":325,"column":null}},"146":{"start":{"line":327,"column":8},"end":{"line":329,"column":null}},"147":{"start":{"line":331,"column":27},"end":{"line":331,"column":71}},"148":{"start":{"line":332,"column":6},"end":{"line":334,"column":null}},"149":{"start":{"line":333,"column":8},"end":{"line":333,"column":null}},"150":{"start":{"line":335,"column":18},"end":{"line":340,"column":18}},"151":{"start":{"line":338,"column":21},"end":{"line":338,"column":46}},"152":{"start":{"line":339,"column":22},"end":{"line":339,"column":65}},"153":{"start":{"line":341,"column":6},"end":{"line":347,"column":null}},"154":{"start":{"line":349,"column":65},"end":{"line":352,"column":7}},"155":{"start":{"line":353,"column":6},"end":{"line":355,"column":null}},"156":{"start":{"line":354,"column":8},"end":{"line":354,"column":null}},"157":{"start":{"line":356,"column":6},"end":{"line":361,"column":null}},"158":{"start":{"line":364,"column":4},"end":{"line":367,"column":null}},"159":{"start":{"line":369,"column":4},"end":{"line":376,"column":null}},"160":{"start":{"line":378,"column":4},"end":{"line":378,"column":null}},"161":{"start":{"line":382,"column":0},"end":{"line":413,"column":null}},"162":{"start":{"line":387,"column":32},"end":{"line":387,"column":42}},"163":{"start":{"line":388,"column":31},"end":{"line":391,"column":6}},"164":{"start":{"line":392,"column":4},"end":{"line":392,"column":null}},"165":{"start":{"line":392,"column":18},"end":{"line":392,"column":null}},"166":{"start":{"line":394,"column":21},"end":{"line":398,"column":15}},"167":{"start":{"line":399,"column":4},"end":{"line":410,"column":null}},"168":{"start":{"line":400,"column":6},"end":{"line":400,"column":null}},"169":{"start":{"line":401,"column":6},"end":{"line":401,"column":null}},"170":{"start":{"line":403,"column":6},"end":{"line":409,"column":null}},"171":{"start":{"line":411,"column":4},"end":{"line":411,"column":null}},"172":{"start":{"line":415,"column":0},"end":{"line":494,"column":null}},"173":{"start":{"line":420,"column":32},"end":{"line":420,"column":42}},"174":{"start":{"line":421,"column":19},"end":{"line":421,"column":56}},"175":{"start":{"line":422,"column":4},"end":{"line":424,"column":null}},"176":{"start":{"line":423,"column":6},"end":{"line":423,"column":null}},"177":{"start":{"line":425,"column":43},"end":{"line":425,"column":54}},"178":{"start":{"line":426,"column":21},"end":{"line":430,"column":15}},"179":{"start":{"line":431,"column":4},"end":{"line":433,"column":null}},"180":{"start":{"line":432,"column":6},"end":{"line":432,"column":null}},"181":{"start":{"line":435,"column":22},"end":{"line":435,"column":51}},"182":{"start":{"line":436,"column":23},"end":{"line":436,"column":25}},"183":{"start":{"line":437,"column":4},"end":{"line":445,"column":null}},"184":{"start":{"line":438,"column":6},"end":{"line":438,"column":null}},"185":{"start":{"line":439,"column":6},"end":{"line":444,"column":null}},"186":{"start":{"line":440,"column":28},"end":{"line":440,"column":89}},"187":{"start":{"line":441,"column":8},"end":{"line":441,"column":null}},"188":{"start":{"line":441,"column":22},"end":{"line":441,"column":null}},"189":{"start":{"line":443,"column":8},"end":{"line":443,"column":null}},"190":{"start":{"line":446,"column":4},"end":{"line":454,"column":null}},"191":{"start":{"line":447,"column":6},"end":{"line":447,"column":null}},"192":{"start":{"line":448,"column":6},"end":{"line":453,"column":null}},"193":{"start":{"line":449,"column":28},"end":{"line":449,"column":95}},"194":{"start":{"line":450,"column":8},"end":{"line":450,"column":null}},"195":{"start":{"line":450,"column":22},"end":{"line":450,"column":null}},"196":{"start":{"line":452,"column":8},"end":{"line":452,"column":null}},"197":{"start":{"line":455,"column":4},"end":{"line":472,"column":null}},"198":{"start":{"line":456,"column":6},"end":{"line":456,"column":null}},"199":{"start":{"line":457,"column":6},"end":{"line":465,"column":null}},"200":{"start":{"line":458,"column":28},"end":{"line":461,"column":9}},"201":{"start":{"line":462,"column":8},"end":{"line":462,"column":null}},"202":{"start":{"line":462,"column":22},"end":{"line":462,"column":null}},"203":{"start":{"line":464,"column":8},"end":{"line":464,"column":null}},"204":{"start":{"line":467,"column":55},"end":{"line":470,"column":7}},"205":{"start":{"line":471,"column":6},"end":{"line":471,"column":null}},"206":{"start":{"line":471,"column":23},"end":{"line":471,"column":null}},"207":{"start":{"line":473,"column":4},"end":{"line":476,"column":null}},"208":{"start":{"line":477,"column":53},"end":{"line":480,"column":5}},"209":{"start":{"line":481,"column":4},"end":{"line":481,"column":null}},"210":{"start":{"line":481,"column":21},"end":{"line":481,"column":null}},"211":{"start":{"line":483,"column":4},"end":{"line":490,"column":null}},"212":{"start":{"line":492,"column":4},"end":{"line":492,"column":null}},"213":{"start":{"line":496,"column":0},"end":{"line":539,"column":null}},"214":{"start":{"line":501,"column":19},"end":{"line":501,"column":55}},"215":{"start":{"line":502,"column":4},"end":{"line":504,"column":null}},"216":{"start":{"line":503,"column":6},"end":{"line":503,"column":null}},"217":{"start":{"line":505,"column":32},"end":{"line":505,"column":43}},"218":{"start":{"line":506,"column":23},"end":{"line":506,"column":24}},"219":{"start":{"line":507,"column":20},"end":{"line":507,"column":21}},"220":{"start":{"line":508,"column":4},"end":{"line":525,"column":null}},"221":{"start":{"line":509,"column":6},"end":{"line":524,"column":null}},"222":{"start":{"line":510,"column":26},"end":{"line":510,"column":69}},"223":{"start":{"line":511,"column":8},"end":{"line":514,"column":null}},"224":{"start":{"line":512,"column":10},"end":{"line":513,"column":null}},"225":{"start":{"line":512,"column":29},"end":{"line":512,"column":null}},"226":{"start":{"line":513,"column":15},"end":{"line":513,"column":null}},"227":{"start":{"line":515,"column":8},"end":{"line":519,"column":null}},"228":{"start":{"line":516,"column":10},"end":{"line":518,"column":null}},"229":{"start":{"line":517,"column":12},"end":{"line":517,"column":null}},"230":{"start":{"line":518,"column":15},"end":{"line":518,"column":null}},"231":{"start":{"line":521,"column":8},"end":{"line":521,"column":null}},"232":{"start":{"line":523,"column":8},"end":{"line":523,"column":null}},"233":{"start":{"line":526,"column":4},"end":{"line":526,"column":null}},"234":{"start":{"line":528,"column":4},"end":{"line":535,"column":null}},"235":{"start":{"line":537,"column":4},"end":{"line":537,"column":null}},"236":{"start":{"line":541,"column":0},"end":{"line":591,"column":null}},"237":{"start":{"line":546,"column":19},"end":{"line":546,"column":55}},"238":{"start":{"line":547,"column":4},"end":{"line":549,"column":null}},"239":{"start":{"line":548,"column":6},"end":{"line":548,"column":null}},"240":{"start":{"line":550,"column":24},"end":{"line":550,"column":35}},"241":{"start":{"line":551,"column":23},"end":{"line":551,"column":24}},"242":{"start":{"line":552,"column":20},"end":{"line":552,"column":21}},"243":{"start":{"line":553,"column":4},"end":{"line":579,"column":null}},"244":{"start":{"line":554,"column":6},"end":{"line":578,"column":null}},"245":{"start":{"line":555,"column":27},"end":{"line":564,"column":19}},"246":{"start":{"line":565,"column":28},"end":{"line":568,"column":10}},"247":{"start":{"line":569,"column":8},"end":{"line":575,"column":null}},"248":{"start":{"line":570,"column":10},"end":{"line":570,"column":null}},"249":{"start":{"line":571,"column":10},"end":{"line":571,"column":null}},"250":{"start":{"line":572,"column":10},"end":{"line":572,"column":null}},"251":{"start":{"line":574,"column":10},"end":{"line":574,"column":null}},"252":{"start":{"line":577,"column":8},"end":{"line":577,"column":null}},"253":{"start":{"line":580,"column":4},"end":{"line":587,"column":null}},"254":{"start":{"line":589,"column":4},"end":{"line":589,"column":null}},"255":{"start":{"line":593,"column":0},"end":{"line":624,"column":null}},"256":{"start":{"line":598,"column":19},"end":{"line":598,"column":55}},"257":{"start":{"line":599,"column":4},"end":{"line":600,"column":null}},"258":{"start":{"line":600,"column":6},"end":{"line":600,"column":null}},"259":{"start":{"line":601,"column":46},"end":{"line":601,"column":57}},"260":{"start":{"line":602,"column":31},"end":{"line":606,"column":6}},"261":{"start":{"line":607,"column":4},"end":{"line":607,"column":null}},"262":{"start":{"line":607,"column":18},"end":{"line":607,"column":null}},"263":{"start":{"line":608,"column":4},"end":{"line":611,"column":null}},"264":{"start":{"line":613,"column":4},"end":{"line":620,"column":null}},"265":{"start":{"line":622,"column":4},"end":{"line":622,"column":null}},"266":{"start":{"line":626,"column":0},"end":{"line":645,"column":null}},"267":{"start":{"line":631,"column":32},"end":{"line":631,"column":42}},"268":{"start":{"line":632,"column":19},"end":{"line":632,"column":56}},"269":{"start":{"line":633,"column":18},"end":{"line":633,"column":57}},"270":{"start":{"line":634,"column":19},"end":{"line":634,"column":58}},"271":{"start":{"line":636,"column":20},"end":{"line":642,"column":21}},"272":{"start":{"line":643,"column":4},"end":{"line":643,"column":null}},"273":{"start":{"line":647,"column":0},"end":{"line":669,"column":null}},"274":{"start":{"line":652,"column":32},"end":{"line":652,"column":42}},"275":{"start":{"line":653,"column":21},"end":{"line":657,"column":15}},"276":{"start":{"line":658,"column":4},"end":{"line":658,"column":null}},"277":{"start":{"line":658,"column":17},"end":{"line":658,"column":null}},"278":{"start":{"line":660,"column":20},"end":{"line":665,"column":16}},"279":{"start":{"line":667,"column":4},"end":{"line":667,"column":null}},"280":{"start":{"line":667,"column":33},"end":{"line":667,"column":90}},"281":{"start":{"line":671,"column":0},"end":{"line":696,"column":null}},"282":{"start":{"line":676,"column":32},"end":{"line":676,"column":42}},"283":{"start":{"line":677,"column":21},"end":{"line":681,"column":15}},"284":{"start":{"line":682,"column":4},"end":{"line":682,"column":null}},"285":{"start":{"line":682,"column":17},"end":{"line":682,"column":null}},"286":{"start":{"line":684,"column":22},"end":{"line":684,"column":51}},"287":{"start":{"line":685,"column":23},"end":{"line":685,"column":59}},"288":{"start":{"line":686,"column":4},"end":{"line":694,"column":null}},"289":{"start":{"line":687,"column":25},"end":{"line":687,"column":70}},"290":{"start":{"line":688,"column":6},"end":{"line":688,"column":null}},"291":{"start":{"line":690,"column":6},"end":{"line":692,"column":null}},"292":{"start":{"line":691,"column":8},"end":{"line":691,"column":null}},"293":{"start":{"line":693,"column":6},"end":{"line":693,"column":null}},"294":{"start":{"line":698,"column":0},"end":{"line":698,"column":null}}},"fnMap":{"0":{"name":"(anonymous_0)","decl":{"start":{"line":27,"column":26},"end":{"line":27,"column":27}},"loc":{"start":{"line":27,"column":51},"end":{"line":31,"column":1}},"line":27},"1":{"name":"(anonymous_1)","decl":{"start":{"line":32,"column":21},"end":{"line":32,"column":22}},"loc":{"start":{"line":32,"column":46},"end":{"line":36,"column":1}},"line":32},"2":{"name":"(anonymous_2)","decl":{"start":{"line":43,"column":12},"end":{"line":43,"column":17}},"loc":{"start":{"line":43,"column":32},"end":{"line":53,"column":3}},"line":43},"3":{"name":"(anonymous_3)","decl":{"start":{"line":47,"column":40},"end":{"line":47,"column":41}},"loc":{"start":{"line":47,"column":51},"end":{"line":47,"column":70}},"line":47},"4":{"name":"(anonymous_4)","decl":{"start":{"line":47,"column":76},"end":{"line":47,"column":77}},"loc":{"start":{"line":47,"column":87},"end":{"line":47,"column":97}},"line":47},"5":{"name":"(anonymous_5)","decl":{"start":{"line":60,"column":12},"end":{"line":60,"column":17}},"loc":{"start":{"line":60,"column":32},"end":{"line":81,"column":3}},"line":60},"6":{"name":"(anonymous_6)","decl":{"start":{"line":88,"column":12},"end":{"line":88,"column":17}},"loc":{"start":{"line":88,"column":32},"end":{"line":105,"column":3}},"line":88},"7":{"name":"(anonymous_7)","decl":{"start":{"line":113,"column":12},"end":{"line":113,"column":17}},"loc":{"start":{"line":113,"column":32},"end":{"line":179,"column":3}},"line":113},"8":{"name":"(anonymous_8)","decl":{"start":{"line":116,"column":46},"end":{"line":116,"column":47}},"loc":{"start":{"line":116,"column":53},"end":{"line":116,"column":75}},"line":116},"9":{"name":"(anonymous_9)","decl":{"start":{"line":116,"column":81},"end":{"line":116,"column":82}},"loc":{"start":{"line":116,"column":88},"end":{"line":116,"column":94}},"line":116},"10":{"name":"(anonymous_10)","decl":{"start":{"line":122,"column":20},"end":{"line":122,"column":21}},"loc":{"start":{"line":122,"column":27},"end":{"line":124,"column":7}},"line":122},"11":{"name":"(anonymous_11)","decl":{"start":{"line":129,"column":34},"end":{"line":129,"column":35}},"loc":{"start":{"line":129,"column":41},"end":{"line":141,"column":5}},"line":129},"12":{"name":"(anonymous_12)","decl":{"start":{"line":146,"column":52},"end":{"line":146,"column":53}},"loc":{"start":{"line":146,"column":59},"end":{"line":146,"column":90}},"line":146},"13":{"name":"(anonymous_13)","decl":{"start":{"line":147,"column":56},"end":{"line":147,"column":57}},"loc":{"start":{"line":147,"column":63},"end":{"line":147,"column":73}},"line":147},"14":{"name":"(anonymous_14)","decl":{"start":{"line":148,"column":57},"end":{"line":148,"column":58}},"loc":{"start":{"line":148,"column":64},"end":{"line":148,"column":75}},"line":148},"15":{"name":"(anonymous_15)","decl":{"start":{"line":152,"column":8},"end":{"line":152,"column":9}},"loc":{"start":{"line":153,"column":10},"end":{"line":155,"column":null}},"line":153},"16":{"name":"(anonymous_16)","decl":{"start":{"line":185,"column":12},"end":{"line":185,"column":17}},"loc":{"start":{"line":185,"column":32},"end":{"line":214,"column":3}},"line":185},"17":{"name":"(anonymous_17)","decl":{"start":{"line":205,"column":32},"end":{"line":205,"column":33}},"loc":{"start":{"line":206,"column":6},"end":{"line":208,"column":null}},"line":206},"18":{"name":"(anonymous_18)","decl":{"start":{"line":207,"column":13},"end":{"line":207,"column":14}},"loc":{"start":{"line":207,"column":20},"end":{"line":207,"column":85}},"line":207},"19":{"name":"(anonymous_19)","decl":{"start":{"line":221,"column":12},"end":{"line":221,"column":17}},"loc":{"start":{"line":221,"column":32},"end":{"line":294,"column":3}},"line":221},"20":{"name":"(anonymous_20)","decl":{"start":{"line":301,"column":12},"end":{"line":301,"column":17}},"loc":{"start":{"line":301,"column":32},"end":{"line":379,"column":3}},"line":301},"21":{"name":"(anonymous_21)","decl":{"start":{"line":338,"column":13},"end":{"line":338,"column":14}},"loc":{"start":{"line":338,"column":21},"end":{"line":338,"column":46}},"line":338},"22":{"name":"(anonymous_22)","decl":{"start":{"line":339,"column":13},"end":{"line":339,"column":14}},"loc":{"start":{"line":339,"column":22},"end":{"line":339,"column":65}},"line":339},"23":{"name":"(anonymous_23)","decl":{"start":{"line":386,"column":12},"end":{"line":386,"column":17}},"loc":{"start":{"line":386,"column":32},"end":{"line":412,"column":3}},"line":386},"24":{"name":"(anonymous_24)","decl":{"start":{"line":419,"column":12},"end":{"line":419,"column":17}},"loc":{"start":{"line":419,"column":32},"end":{"line":493,"column":3}},"line":419},"25":{"name":"(anonymous_25)","decl":{"start":{"line":443,"column":65},"end":{"line":443,"column":66}},"loc":{"start":{"line":443,"column":71},"end":{"line":443,"column":73}},"line":443},"26":{"name":"(anonymous_26)","decl":{"start":{"line":452,"column":64},"end":{"line":452,"column":65}},"loc":{"start":{"line":452,"column":70},"end":{"line":452,"column":72}},"line":452},"27":{"name":"(anonymous_27)","decl":{"start":{"line":464,"column":71},"end":{"line":464,"column":72}},"loc":{"start":{"line":464,"column":77},"end":{"line":464,"column":79}},"line":464},"28":{"name":"(anonymous_28)","decl":{"start":{"line":500,"column":12},"end":{"line":500,"column":17}},"loc":{"start":{"line":500,"column":32},"end":{"line":538,"column":3}},"line":500},"29":{"name":"(anonymous_29)","decl":{"start":{"line":513,"column":72},"end":{"line":513,"column":73}},"loc":{"start":{"line":513,"column":78},"end":{"line":513,"column":80}},"line":513},"30":{"name":"(anonymous_30)","decl":{"start":{"line":518,"column":71},"end":{"line":518,"column":72}},"loc":{"start":{"line":518,"column":77},"end":{"line":518,"column":79}},"line":518},"31":{"name":"(anonymous_31)","decl":{"start":{"line":526,"column":70},"end":{"line":526,"column":71}},"loc":{"start":{"line":526,"column":76},"end":{"line":526,"column":78}},"line":526},"32":{"name":"(anonymous_32)","decl":{"start":{"line":545,"column":12},"end":{"line":545,"column":17}},"loc":{"start":{"line":545,"column":32},"end":{"line":590,"column":3}},"line":545},"33":{"name":"(anonymous_33)","decl":{"start":{"line":597,"column":12},"end":{"line":597,"column":17}},"loc":{"start":{"line":597,"column":32},"end":{"line":623,"column":3}},"line":597},"34":{"name":"(anonymous_34)","decl":{"start":{"line":630,"column":12},"end":{"line":630,"column":17}},"loc":{"start":{"line":630,"column":32},"end":{"line":644,"column":3}},"line":630},"35":{"name":"(anonymous_35)","decl":{"start":{"line":651,"column":12},"end":{"line":651,"column":17}},"loc":{"start":{"line":651,"column":32},"end":{"line":668,"column":3}},"line":651},"36":{"name":"(anonymous_36)","decl":{"start":{"line":667,"column":25},"end":{"line":667,"column":26}},"loc":{"start":{"line":667,"column":33},"end":{"line":667,"column":90}},"line":667},"37":{"name":"(anonymous_37)","decl":{"start":{"line":675,"column":12},"end":{"line":675,"column":17}},"loc":{"start":{"line":675,"column":32},"end":{"line":695,"column":3}},"line":675}},"branchMap":{"0":{"loc":{"start":{"line":28,"column":2},"end":{"line":29,"column":null}},"type":"if","locations":[{"start":{"line":28,"column":2},"end":{"line":29,"column":null}},{"start":{},"end":{}}],"line":28},"1":{"loc":{"start":{"line":33,"column":2},"end":{"line":34,"column":null}},"type":"if","locations":[{"start":{"line":33,"column":2},"end":{"line":34,"column":null}},{"start":{},"end":{}}],"line":33},"2":{"loc":{"start":{"line":44,"column":16},"end":{"line":44,"column":70}},"type":"binary-expr","locations":[{"start":{"line":44,"column":16},"end":{"line":44,"column":42}},{"start":{"line":44,"column":46},"end":{"line":44,"column":70}}],"line":44},"3":{"loc":{"start":{"line":50,"column":6},"end":{"line":50,"column":null}},"type":"if","locations":[{"start":{"line":50,"column":6},"end":{"line":50,"column":null}},{"start":{},"end":{}}],"line":50},"4":{"loc":{"start":{"line":62,"column":4},"end":{"line":64,"column":null}},"type":"if","locations":[{"start":{"line":62,"column":4},"end":{"line":64,"column":null}},{"start":{},"end":{}}],"line":62},"5":{"loc":{"start":{"line":69,"column":4},"end":{"line":71,"column":null}},"type":"if","locations":[{"start":{"line":69,"column":4},"end":{"line":71,"column":null}},{"start":{},"end":{}}],"line":69},"6":{"loc":{"start":{"line":93,"column":4},"end":{"line":95,"column":null}},"type":"if","locations":[{"start":{"line":93,"column":4},"end":{"line":95,"column":null}},{"start":{},"end":{}}],"line":93},"7":{"loc":{"start":{"line":134,"column":19},"end":{"line":134,"column":48}},"type":"cond-expr","locations":[{"start":{"line":134,"column":26},"end":{"line":134,"column":40}},{"start":{"line":134,"column":43},"end":{"line":134,"column":48}}],"line":134},"8":{"loc":{"start":{"line":135,"column":23},"end":{"line":135,"column":47}},"type":"cond-expr","locations":[{"start":{"line":135,"column":30},"end":{"line":135,"column":43}},{"start":{"line":135,"column":46},"end":{"line":135,"column":47}}],"line":135},"9":{"loc":{"start":{"line":136,"column":23},"end":{"line":136,"column":41}},"type":"cond-expr","locations":[{"start":{"line":136,"column":30},"end":{"line":136,"column":37}},{"start":{"line":136,"column":40},"end":{"line":136,"column":41}}],"line":136},"10":{"loc":{"start":{"line":137,"column":21},"end":{"line":137,"column":39}},"type":"cond-expr","locations":[{"start":{"line":137,"column":28},"end":{"line":137,"column":35}},{"start":{"line":137,"column":38},"end":{"line":137,"column":39}}],"line":137},"11":{"loc":{"start":{"line":138,"column":18},"end":{"line":138,"column":46}},"type":"cond-expr","locations":[{"start":{"line":138,"column":25},"end":{"line":138,"column":38}},{"start":{"line":138,"column":41},"end":{"line":138,"column":46}}],"line":138},"12":{"loc":{"start":{"line":139,"column":18},"end":{"line":139,"column":43}},"type":"cond-expr","locations":[{"start":{"line":139,"column":25},"end":{"line":139,"column":38}},{"start":{"line":139,"column":41},"end":{"line":139,"column":43}}],"line":139},"13":{"loc":{"start":{"line":146,"column":4},"end":{"line":146,"column":null}},"type":"if","locations":[{"start":{"line":146,"column":4},"end":{"line":146,"column":null}},{"start":{},"end":{}}],"line":146},"14":{"loc":{"start":{"line":147,"column":4},"end":{"line":147,"column":null}},"type":"if","locations":[{"start":{"line":147,"column":4},"end":{"line":147,"column":null}},{"start":{},"end":{}}],"line":147},"15":{"loc":{"start":{"line":148,"column":4},"end":{"line":148,"column":null}},"type":"if","locations":[{"start":{"line":148,"column":4},"end":{"line":148,"column":null}},{"start":{},"end":{}}],"line":148},"16":{"loc":{"start":{"line":149,"column":4},"end":{"line":157,"column":null}},"type":"if","locations":[{"start":{"line":149,"column":4},"end":{"line":157,"column":null}},{"start":{},"end":{}}],"line":149},"17":{"loc":{"start":{"line":153,"column":10},"end":{"line":155,"column":null}},"type":"binary-expr","locations":[{"start":{"line":153,"column":10},"end":{"line":153,"column":43}},{"start":{"line":154,"column":10},"end":{"line":154,"column":27}},{"start":{"line":155,"column":10},"end":{"line":155,"column":null}}],"line":153},"18":{"loc":{"start":{"line":161,"column":29},"end":{"line":161,"column":58}},"type":"binary-expr","locations":[{"start":{"line":161,"column":29},"end":{"line":161,"column":53}},{"start":{"line":161,"column":57},"end":{"line":161,"column":58}}],"line":161},"19":{"loc":{"start":{"line":162,"column":21},"end":{"line":164,"column":23}},"type":"cond-expr","locations":[{"start":{"line":163,"column":8},"end":{"line":163,"column":null}},{"start":{"line":164,"column":8},"end":{"line":164,"column":23}}],"line":162},"20":{"loc":{"start":{"line":163,"column":8},"end":{"line":163,"column":null}},"type":"binary-expr","locations":[{"start":{"line":163,"column":8},"end":{"line":163,"column":29}},{"start":{"line":163,"column":33},"end":{"line":163,"column":null}}],"line":163},"21":{"loc":{"start":{"line":167,"column":22},"end":{"line":169,"column":16}},"type":"cond-expr","locations":[{"start":{"line":168,"column":8},"end":{"line":168,"column":null}},{"start":{"line":169,"column":8},"end":{"line":169,"column":16}}],"line":167},"22":{"loc":{"start":{"line":172,"column":6},"end":{"line":177,"column":null}},"type":"cond-expr","locations":[{"start":{"line":173,"column":10},"end":{"line":176,"column":null}},{"start":{"line":177,"column":10},"end":{"line":177,"column":null}}],"line":172},"23":{"loc":{"start":{"line":186,"column":19},"end":{"line":186,"column":63}},"type":"cond-expr","locations":[{"start":{"line":186,"column":49},"end":{"line":186,"column":55}},{"start":{"line":186,"column":58},"end":{"line":186,"column":63}}],"line":186},"24":{"loc":{"start":{"line":189,"column":4},"end":{"line":193,"column":null}},"type":"if","locations":[{"start":{"line":189,"column":4},"end":{"line":193,"column":null}},{"start":{},"end":{}}],"line":189},"25":{"loc":{"start":{"line":207,"column":31},"end":{"line":207,"column":61}},"type":"cond-expr","locations":[{"start":{"line":207,"column":52},"end":{"line":207,"column":56}},{"start":{"line":207,"column":59},"end":{"line":207,"column":61}}],"line":207},"26":{"loc":{"start":{"line":223,"column":4},"end":{"line":225,"column":null}},"type":"if","locations":[{"start":{"line":223,"column":4},"end":{"line":225,"column":null}},{"start":{},"end":{}}],"line":223},"27":{"loc":{"start":{"line":234,"column":4},"end":{"line":238,"column":null}},"type":"if","locations":[{"start":{"line":234,"column":4},"end":{"line":238,"column":null}},{"start":{},"end":{}}],"line":234},"28":{"loc":{"start":{"line":242,"column":24},"end":{"line":242,"column":36}},"type":"binary-expr","locations":[{"start":{"line":242,"column":24},"end":{"line":242,"column":30}},{"start":{"line":242,"column":34},"end":{"line":242,"column":36}}],"line":242},"29":{"loc":{"start":{"line":242,"column":38},"end":{"line":242,"column":48}},"type":"binary-expr","locations":[{"start":{"line":242,"column":38},"end":{"line":242,"column":43}},{"start":{"line":242,"column":47},"end":{"line":242,"column":48}}],"line":242},"30":{"loc":{"start":{"line":242,"column":50},"end":{"line":242,"column":66}},"type":"binary-expr","locations":[{"start":{"line":242,"column":50},"end":{"line":242,"column":61}},{"start":{"line":242,"column":65},"end":{"line":242,"column":66}}],"line":242},"31":{"loc":{"start":{"line":245,"column":4},"end":{"line":252,"column":null}},"type":"if","locations":[{"start":{"line":245,"column":4},"end":{"line":252,"column":null}},{"start":{},"end":{}}],"line":245},"32":{"loc":{"start":{"line":246,"column":6},"end":{"line":250,"column":null}},"type":"if","locations":[{"start":{"line":246,"column":6},"end":{"line":250,"column":null}},{"start":{},"end":{}}],"line":246},"33":{"loc":{"start":{"line":257,"column":6},"end":{"line":257,"column":92}},"type":"binary-expr","locations":[{"start":{"line":257,"column":6},"end":{"line":257,"column":52}},{"start":{"line":257,"column":56},"end":{"line":257,"column":92}}],"line":257},"34":{"loc":{"start":{"line":257,"column":7},"end":{"line":257,"column":19}},"type":"binary-expr","locations":[{"start":{"line":257,"column":7},"end":{"line":257,"column":13}},{"start":{"line":257,"column":17},"end":{"line":257,"column":19}}],"line":257},"35":{"loc":{"start":{"line":257,"column":57},"end":{"line":257,"column":69}},"type":"binary-expr","locations":[{"start":{"line":257,"column":57},"end":{"line":257,"column":63}},{"start":{"line":257,"column":67},"end":{"line":257,"column":69}}],"line":257},"36":{"loc":{"start":{"line":259,"column":4},"end":{"line":277,"column":null}},"type":"if","locations":[{"start":{"line":259,"column":4},"end":{"line":277,"column":null}},{"start":{"line":261,"column":11},"end":{"line":277,"column":null}}],"line":259},"37":{"loc":{"start":{"line":267,"column":10},"end":{"line":268,"column":48}},"type":"binary-expr","locations":[{"start":{"line":267,"column":10},"end":{"line":267,"column":63}},{"start":{"line":268,"column":10},"end":{"line":268,"column":48}}],"line":267},"38":{"loc":{"start":{"line":269,"column":8},"end":{"line":269,"column":null}},"type":"if","locations":[{"start":{"line":269,"column":8},"end":{"line":269,"column":null}},{"start":{},"end":{}}],"line":269},"39":{"loc":{"start":{"line":303,"column":4},"end":{"line":305,"column":null}},"type":"if","locations":[{"start":{"line":303,"column":4},"end":{"line":305,"column":null}},{"start":{},"end":{}}],"line":303},"40":{"loc":{"start":{"line":314,"column":4},"end":{"line":316,"column":null}},"type":"if","locations":[{"start":{"line":314,"column":4},"end":{"line":316,"column":null}},{"start":{},"end":{}}],"line":314},"41":{"loc":{"start":{"line":321,"column":4},"end":{"line":362,"column":null}},"type":"if","locations":[{"start":{"line":321,"column":4},"end":{"line":362,"column":null}},{"start":{"line":348,"column":11},"end":{"line":362,"column":null}}],"line":321},"42":{"loc":{"start":{"line":332,"column":6},"end":{"line":334,"column":null}},"type":"if","locations":[{"start":{"line":332,"column":6},"end":{"line":334,"column":null}},{"start":{},"end":{}}],"line":332},"43":{"loc":{"start":{"line":339,"column":22},"end":{"line":339,"column":65}},"type":"cond-expr","locations":[{"start":{"line":339,"column":41},"end":{"line":339,"column":52}},{"start":{"line":339,"column":55},"end":{"line":339,"column":65}}],"line":339},"44":{"loc":{"start":{"line":342,"column":8},"end":{"line":342,"column":41}},"type":"binary-expr","locations":[{"start":{"line":342,"column":8},"end":{"line":342,"column":32}},{"start":{"line":342,"column":36},"end":{"line":342,"column":41}}],"line":342},"45":{"loc":{"start":{"line":353,"column":6},"end":{"line":355,"column":null}},"type":"if","locations":[{"start":{"line":353,"column":6},"end":{"line":355,"column":null}},{"start":{},"end":{}}],"line":353},"46":{"loc":{"start":{"line":357,"column":8},"end":{"line":357,"column":41}},"type":"binary-expr","locations":[{"start":{"line":357,"column":8},"end":{"line":357,"column":32}},{"start":{"line":357,"column":36},"end":{"line":357,"column":41}}],"line":357},"47":{"loc":{"start":{"line":392,"column":4},"end":{"line":392,"column":null}},"type":"if","locations":[{"start":{"line":392,"column":4},"end":{"line":392,"column":null}},{"start":{},"end":{}}],"line":392},"48":{"loc":{"start":{"line":399,"column":4},"end":{"line":410,"column":null}},"type":"if","locations":[{"start":{"line":399,"column":4},"end":{"line":410,"column":null}},{"start":{},"end":{}}],"line":399},"49":{"loc":{"start":{"line":422,"column":4},"end":{"line":424,"column":null}},"type":"if","locations":[{"start":{"line":422,"column":4},"end":{"line":424,"column":null}},{"start":{},"end":{}}],"line":422},"50":{"loc":{"start":{"line":431,"column":4},"end":{"line":433,"column":null}},"type":"if","locations":[{"start":{"line":431,"column":4},"end":{"line":433,"column":null}},{"start":{},"end":{}}],"line":431},"51":{"loc":{"start":{"line":437,"column":4},"end":{"line":445,"column":null}},"type":"if","locations":[{"start":{"line":437,"column":4},"end":{"line":445,"column":null}},{"start":{},"end":{}}],"line":437},"52":{"loc":{"start":{"line":438,"column":26},"end":{"line":438,"column":40}},"type":"binary-expr","locations":[{"start":{"line":438,"column":26},"end":{"line":438,"column":32}},{"start":{"line":438,"column":36},"end":{"line":438,"column":40}}],"line":438},"53":{"loc":{"start":{"line":439,"column":6},"end":{"line":444,"column":null}},"type":"if","locations":[{"start":{"line":439,"column":6},"end":{"line":444,"column":null}},{"start":{"line":442,"column":13},"end":{"line":444,"column":null}}],"line":439},"54":{"loc":{"start":{"line":441,"column":8},"end":{"line":441,"column":null}},"type":"if","locations":[{"start":{"line":441,"column":8},"end":{"line":441,"column":null}},{"start":{},"end":{}}],"line":441},"55":{"loc":{"start":{"line":446,"column":4},"end":{"line":454,"column":null}},"type":"if","locations":[{"start":{"line":446,"column":4},"end":{"line":454,"column":null}},{"start":{},"end":{}}],"line":446},"56":{"loc":{"start":{"line":447,"column":25},"end":{"line":447,"column":45}},"type":"binary-expr","locations":[{"start":{"line":447,"column":25},"end":{"line":447,"column":40}},{"start":{"line":447,"column":44},"end":{"line":447,"column":45}}],"line":447},"57":{"loc":{"start":{"line":448,"column":6},"end":{"line":453,"column":null}},"type":"if","locations":[{"start":{"line":448,"column":6},"end":{"line":453,"column":null}},{"start":{"line":451,"column":13},"end":{"line":453,"column":null}}],"line":448},"58":{"loc":{"start":{"line":450,"column":8},"end":{"line":450,"column":null}},"type":"if","locations":[{"start":{"line":450,"column":8},"end":{"line":450,"column":null}},{"start":{},"end":{}}],"line":450},"59":{"loc":{"start":{"line":455,"column":4},"end":{"line":472,"column":null}},"type":"if","locations":[{"start":{"line":455,"column":4},"end":{"line":472,"column":null}},{"start":{},"end":{}}],"line":455},"60":{"loc":{"start":{"line":456,"column":31},"end":{"line":456,"column":57}},"type":"binary-expr","locations":[{"start":{"line":456,"column":31},"end":{"line":456,"column":52}},{"start":{"line":456,"column":56},"end":{"line":456,"column":57}}],"line":456},"61":{"loc":{"start":{"line":457,"column":6},"end":{"line":465,"column":null}},"type":"if","locations":[{"start":{"line":457,"column":6},"end":{"line":465,"column":null}},{"start":{"line":463,"column":13},"end":{"line":465,"column":null}}],"line":457},"62":{"loc":{"start":{"line":462,"column":8},"end":{"line":462,"column":null}},"type":"if","locations":[{"start":{"line":462,"column":8},"end":{"line":462,"column":null}},{"start":{},"end":{}}],"line":462},"63":{"loc":{"start":{"line":471,"column":6},"end":{"line":471,"column":null}},"type":"if","locations":[{"start":{"line":471,"column":6},"end":{"line":471,"column":null}},{"start":{},"end":{}}],"line":471},"64":{"loc":{"start":{"line":481,"column":4},"end":{"line":481,"column":null}},"type":"if","locations":[{"start":{"line":481,"column":4},"end":{"line":481,"column":null}},{"start":{},"end":{}}],"line":481},"65":{"loc":{"start":{"line":502,"column":4},"end":{"line":504,"column":null}},"type":"if","locations":[{"start":{"line":502,"column":4},"end":{"line":504,"column":null}},{"start":{},"end":{}}],"line":502},"66":{"loc":{"start":{"line":511,"column":8},"end":{"line":514,"column":null}},"type":"if","locations":[{"start":{"line":511,"column":8},"end":{"line":514,"column":null}},{"start":{},"end":{}}],"line":511},"67":{"loc":{"start":{"line":512,"column":10},"end":{"line":513,"column":null}},"type":"if","locations":[{"start":{"line":512,"column":10},"end":{"line":513,"column":null}},{"start":{"line":513,"column":15},"end":{"line":513,"column":null}}],"line":512},"68":{"loc":{"start":{"line":515,"column":8},"end":{"line":519,"column":null}},"type":"if","locations":[{"start":{"line":515,"column":8},"end":{"line":519,"column":null}},{"start":{},"end":{}}],"line":515},"69":{"loc":{"start":{"line":516,"column":10},"end":{"line":518,"column":null}},"type":"if","locations":[{"start":{"line":516,"column":10},"end":{"line":518,"column":null}},{"start":{"line":518,"column":15},"end":{"line":518,"column":null}}],"line":516},"70":{"loc":{"start":{"line":547,"column":4},"end":{"line":549,"column":null}},"type":"if","locations":[{"start":{"line":547,"column":4},"end":{"line":549,"column":null}},{"start":{},"end":{}}],"line":547},"71":{"loc":{"start":{"line":569,"column":8},"end":{"line":575,"column":null}},"type":"if","locations":[{"start":{"line":569,"column":8},"end":{"line":575,"column":null}},{"start":{"line":573,"column":15},"end":{"line":575,"column":null}}],"line":569},"72":{"loc":{"start":{"line":569,"column":12},"end":{"line":569,"column":31}},"type":"binary-expr","locations":[{"start":{"line":569,"column":12},"end":{"line":569,"column":19}},{"start":{"line":569,"column":23},"end":{"line":569,"column":31}}],"line":569},"73":{"loc":{"start":{"line":599,"column":4},"end":{"line":600,"column":null}},"type":"if","locations":[{"start":{"line":599,"column":4},"end":{"line":600,"column":null}},{"start":{},"end":{}}],"line":599},"74":{"loc":{"start":{"line":607,"column":4},"end":{"line":607,"column":null}},"type":"if","locations":[{"start":{"line":607,"column":4},"end":{"line":607,"column":null}},{"start":{},"end":{}}],"line":607},"75":{"loc":{"start":{"line":633,"column":18},"end":{"line":633,"column":57}},"type":"cond-expr","locations":[{"start":{"line":633,"column":35},"end":{"line":633,"column":52}},{"start":{"line":633,"column":55},"end":{"line":633,"column":57}}],"line":633},"76":{"loc":{"start":{"line":634,"column":19},"end":{"line":634,"column":58}},"type":"cond-expr","locations":[{"start":{"line":634,"column":36},"end":{"line":634,"column":54}},{"start":{"line":634,"column":57},"end":{"line":634,"column":58}}],"line":634},"77":{"loc":{"start":{"line":658,"column":4},"end":{"line":658,"column":null}},"type":"if","locations":[{"start":{"line":658,"column":4},"end":{"line":658,"column":null}},{"start":{},"end":{}}],"line":658},"78":{"loc":{"start":{"line":682,"column":4},"end":{"line":682,"column":null}},"type":"if","locations":[{"start":{"line":682,"column":4},"end":{"line":682,"column":null}},{"start":{},"end":{}}],"line":682},"79":{"loc":{"start":{"line":690,"column":6},"end":{"line":692,"column":null}},"type":"if","locations":[{"start":{"line":690,"column":6},"end":{"line":692,"column":null}},{"start":{},"end":{}}],"line":690}},"s":{"0":1,"1":1,"2":1,"3":1,"4":1,"5":1,"6":1,"7":1,"8":1,"9":1,"10":1,"11":1,"12":1,"13":1,"14":1,"15":1,"16":0,"17":0,"18":0,"19":1,"20":0,"21":0,"22":0,"23":1,"24":0,"25":0,"26":0,"27":0,"28":0,"29":0,"30":0,"31":0,"32":0,"33":0,"34":1,"35":0,"36":0,"37":0,"38":0,"39":0,"40":0,"41":0,"42":0,"43":0,"44":1,"45":0,"46":0,"47":0,"48":0,"49":0,"50":0,"51":1,"52":0,"53":0,"54":0,"55":0,"56":0,"57":0,"58":0,"59":0,"60":0,"61":0,"62":0,"63":0,"64":0,"65":0,"66":0,"67":0,"68":0,"69":0,"70":0,"71":0,"72":0,"73":0,"74":0,"75":0,"76":0,"77":0,"78":0,"79":0,"80":0,"81":0,"82":0,"83":0,"84":0,"85":0,"86":0,"87":0,"88":1,"89":0,"90":0,"91":0,"92":0,"93":0,"94":0,"95":0,"96":0,"97":0,"98":0,"99":0,"100":0,"101":0,"102":0,"103":1,"104":0,"105":0,"106":0,"107":0,"108":0,"109":0,"110":0,"111":0,"112":0,"113":0,"114":0,"115":0,"116":0,"117":0,"118":0,"119":0,"120":0,"121":0,"122":0,"123":0,"124":0,"125":0,"126":0,"127":0,"128":0,"129":0,"130":0,"131":1,"132":0,"133":0,"134":0,"135":0,"136":0,"137":0,"138":0,"139":0,"140":0,"141":0,"142":0,"143":0,"144":0,"145":0,"146":0,"147":0,"148":0,"149":0,"150":0,"151":0,"152":0,"153":0,"154":0,"155":0,"156":0,"157":0,"158":0,"159":0,"160":0,"161":1,"162":0,"163":0,"164":0,"165":0,"166":0,"167":0,"168":0,"169":0,"170":0,"171":0,"172":1,"173":0,"174":0,"175":0,"176":0,"177":0,"178":0,"179":0,"180":0,"181":0,"182":0,"183":0,"184":0,"185":0,"186":0,"187":0,"188":0,"189":0,"190":0,"191":0,"192":0,"193":0,"194":0,"195":0,"196":0,"197":0,"198":0,"199":0,"200":0,"201":0,"202":0,"203":0,"204":0,"205":0,"206":0,"207":0,"208":0,"209":0,"210":0,"211":0,"212":0,"213":1,"214":0,"215":0,"216":0,"217":0,"218":0,"219":0,"220":0,"221":0,"222":0,"223":0,"224":0,"225":0,"226":0,"227":0,"228":0,"229":0,"230":0,"231":0,"232":0,"233":0,"234":0,"235":0,"236":1,"237":0,"238":0,"239":0,"240":0,"241":0,"242":0,"243":0,"244":0,"245":0,"246":0,"247":0,"248":0,"249":0,"250":0,"251":0,"252":0,"253":0,"254":0,"255":1,"256":0,"257":0,"258":0,"259":0,"260":0,"261":0,"262":0,"263":0,"264":0,"265":0,"266":1,"267":0,"268":0,"269":0,"270":0,"271":0,"272":1,"273":1,"274":0,"275":0,"276":0,"277":0,"278":0,"279":0,"280":0,"281":1,"282":0,"283":0,"284":0,"285":0,"286":0,"287":0,"288":0,"289":0,"290":0,"291":0,"292":0,"293":1,"294":0},"f":{"0":0,"1":0,"2":0,"3":0,"4":0,"5":0,"6":0,"7":0,"8":0,"9":0,"10":0,"11":0,"12":0,"13":0,"14":0,"15":0,"16":0,"17":0,"18":0,"19":0,"20":0,"21":0,"22":0,"23":0,"24":0,"25":0,"26":0,"27":0,"28":0,"29":0,"30":0,"31":0,"32":0,"33":0,"34":0,"35":0,"36":0,"37":0},"b":{"0":[0,0],"1":[0,0],"2":[0,0],"3":[0,0],"4":[0,0],"5":[0,0],"6":[0,0],"7":[0,0],"8":[0,0],"9":[0,0],"10":[0,0],"11":[0,0],"12":[0,0],"13":[0,0],"14":[0,0],"15":[0,0],"16":[0,0],"17":[0,0,0],"18":[0,0],"19":[0,0],"20":[0,0],"21":[0,0],"22":[0,0],"23":[0,0],"24":[0,0],"25":[0,0],"26":[0,0],"27":[0,0],"28":[0,0],"29":[0,0],"30":[0,0],"31":[0,0],"32":[0,0],"33":[0,0],"34":[0,0],"35":[0,0],"36":[0,0],"37":[0,0],"38":[0,0],"39":[0,0],"40":[0,0],"41":[0,0],"42":[0,0],"43":[0,0],"44":[0,0],"45":[0,0],"46":[0,0],"47":[0,0],"48":[0,0],"49":[0,0],"50":[0,0],"51":[0,0],"52":[0,0],"53":[0,0],"54":[0,0],"55":[0,0],"56":[0,0],"57":[0,0],"58":[0,0],"59":[0,0],"60":[0,0],"61":[0,0],"62":[0,0],"63":[0,0],"64":[0,0],"65":[0,0],"66":[0,0],"67":[0,0],"68":[0,0],"69":[0,0],"70":[0,0],"71":[0,0],"72":[0,0],"73":[0,0],"74":[0,0],"75":[0,0],"76":[0,0],"77":[0,0],"78":[0,0],"79":[0,0]},"meta":{"lastBranch":80,"lastFunction":38,"lastStatement":295,"seen":{"s:1:16:1:34":0,"s:2:15:2:31":1,"s:3:13:3:28":2,"s:4:19:4:41":3,"s:5:23:5:42":4,"s:6:26:6:48":5,"s:16:4:16:34":6,"s:17:33:17:62":7,"s:18:60:18:88":8,"s:19:64:19:93":9,"s:20:26:20:55":10,"s:21:21:21:49":11,"s:22:12:22:41":12,"s:23:35:23:61":13,"s:24:24:24:42":14,"s:27:0:31:Infinity":15,"f:27:26:27:27":0,"b:28:2:29:Infinity:undefined:undefined:undefined:undefined":0,"s:28:2:29:Infinity":16,"s:29:4:29:Infinity":17,"s:30:2:30:Infinity":18,"s:32:0:36:Infinity":19,"f:32:21:32:22":1,"b:33:2:34:Infinity:undefined:undefined:undefined:undefined":1,"s:33:2:34:Infinity":20,"s:34:4:34:Infinity":21,"s:35:2:35:Infinity":22,"s:40:0:54:In
[...]
mn":97}},"line":102},"22":{"name":"(anonymous_22)","decl":{"start":{"line":105,"column":2},"end":{"line":105,"column":14}},"loc":{"start":{"line":105,"column":23},"end":{"line":137,"column":null}},"line":105},"23":{"name":"(anonymous_23)","decl":{"start":{"line":106,"column":25},"end":{"line":106,"column":26}},"loc":{"start":{"line":106,"column":52},"end":{"line":136,"column":5}},"line":106},"24":{"name":"(anonymous_24)","decl":{"start":{"line":126,"column":58},"end":{"line":126,"column":59}},"loc":{"start":{"line":127,"column":10},"end":{"line":127,"column":null}},"line":127},"25":{"name":"(anonymous_25)","decl":{"start":{"line":130,"column":60},"end":{"line":130,"column":61}},"loc":{"start":{"line":131,"column":10},"end":{"line":131,"column":null}},"line":131},"26":{"name":"(anonymous_26)","decl":{"start":{"line":139,"column":2},"end":{"line":139,"column":16}},"loc":{"start":{"line":139,"column":19},"end":{"line":149,"column":null}},"line":139},"27":{"name":"(anonymous_27)","decl":{"start":{"line":140,"column":34},"end":{"line":140,"column":35}},"loc":{"start":{"line":140,"column":40},"end":{"line":148,"column":5}},"line":140},"28":{"name":"(anonymous_28)","decl":{"start":{"line":141,"column":45},"end":{"line":141,"column":46}},"loc":{"start":{"line":141,"column":54},"end":{"line":147,"column":7}},"line":141},"29":{"name":"(anonymous_29)","decl":{"start":{"line":142,"column":28},"end":{"line":142,"column":29}},"loc":{"start":{"line":142,"column":36},"end":{"line":146,"column":9}},"line":142},"30":{"name":"(anonymous_30)","decl":{"start":{"line":151,"column":2},"end":{"line":151,"column":16}},"loc":{"start":{"line":151,"column":19},"end":{"line":164,"column":null}},"line":151},"31":{"name":"(anonymous_31)","decl":{"start":{"line":152,"column":41},"end":{"line":152,"column":46}},"loc":{"start":{"line":152,"column":53},"end":{"line":163,"column":5}},"line":152},"32":{"name":"(anonymous_32)","decl":{"start":{"line":156,"column":41},"end":{"line":156,"column":42}},"loc":{"start":{"line":156,"column":48},"end":{"line":156,"column":58}},"line":156},"33":{"name":"(anonymous_33)","decl":{"start":{"line":156,"column":64},"end":{"line":156,"column":65}},"loc":{"start":{"line":156,"column":71},"end":{"line":156,"column":82}},"line":156},"34":{"name":"(anonymous_34)","decl":{"start":{"line":158,"column":10},"end":{"line":158,"column":11}},"loc":{"start":{"line":158,"column":17},"end":{"line":158,"column":null}},"line":158},"35":{"name":"(anonymous_35)","decl":{"start":{"line":166,"column":2},"end":{"line":166,"column":10}},"loc":{"start":{"line":166,"column":13},"end":{"line":171,"column":null}},"line":166}},"branchMap":{"0":{"loc":{"start":{"line":28,"column":27},"end":{"line":28,"column":60}},"type":"binary-expr","locations":[{"start":{"line":28,"column":27},"end":{"line":28,"column":51}},{"start":{"line":28,"column":55},"end":{"line":28,"column":60}}],"line":28},"1":{"loc":{"start":{"line":35,"column":6},"end":{"line":52,"column":null}},"type":"if","locations":[{"start":{"line":35,"column":6},"end":{"line":52,"column":null}},{"start":{},"end":{}}],"line":35},"2":{"loc":{"start":{"line":38,"column":10},"end":{"line":41,"column":null}},"type":"if","locations":[{"start":{"line":38,"column":10},"end":{"line":41,"column":null}},{"start":{},"end":{}}],"line":38},"3":{"loc":{"start":{"line":44,"column":10},"end":{"line":47,"column":null}},"type":"if","locations":[{"start":{"line":44,"column":10},"end":{"line":47,"column":null}},{"start":{},"end":{}}],"line":44},"4":{"loc":{"start":{"line":54,"column":6},"end":{"line":97,"column":null}},"type":"if","locations":[{"start":{"line":54,"column":6},"end":{"line":97,"column":null}},{"start":{},"end":{}}],"line":54},"5":{"loc":{"start":{"line":58,"column":8},"end":{"line":95,"column":null}},"type":"if","locations":[{"start":{"line":58,"column":8},"end":{"line":95,"column":null}},{"start":{"line":74,"column":15},"end":{"line":95,"column":null}}],"line":58},"6":{"loc":{"start":{"line":61,"column":12},"end":{"line":61,"column":null}},"type":"if","locations":[{"start":{"line":61,"column":12},"end":{"line":61,"column":null}},{"start":{},"end":{}}],"line":61},"7":{"loc":{"start":{"line":75,"column":10},"end":{"line":76,"column":null}},"type":"if","locations":[{"start":{"line":75,"column":10},"end":{"line":76,"column":null}},{"start":{},"end":{}}],"line":75},"8":{"loc":{"start":{"line":78,"column":12},"end":{"line":81,"column":null}},"type":"if","locations":[{"start":{"line":78,"column":12},"end":{"line":81,"column":null}},{"start":{},"end":{}}],"line":78},"9":{"loc":{"start":{"line":91,"column":12},"end":{"line":91,"column":null}},"type":"if","locations":[{"start":{"line":91,"column":12},"end":{"line":91,"column":null}},{"start":{},"end":{}}],"line":91},"10":{"loc":{"start":{"line":91,"column":16},"end":{"line":91,"column":33}},"type":"binary-expr","locations":[{"start":{"line":91,"column":16},"end":{"line":91,"column":23}},{"start":{"line":91,"column":27},"end":{"line":91,"column":33}}],"line":91},"11":{"loc":{"start":{"line":109,"column":8},"end":{"line":110,"column":74}},"type":"binary-expr","locations":[{"start":{"line":109,"column":8},"end":{"line":109,"column":38}},{"start":{"line":110,"column":8},"end":{"line":110,"column":74}}],"line":109},"12":{"loc":{"start":{"line":112,"column":6},"end":{"line":116,"column":null}},"type":"if","locations":[{"start":{"line":112,"column":6},"end":{"line":116,"column":null}},{"start":{},"end":{}}],"line":112},"13":{"loc":{"start":{"line":125,"column":6},"end":{"line":135,"column":null}},"type":"if","locations":[{"start":{"line":125,"column":6},"end":{"line":135,"column":null}},{"start":{"line":129,"column":13},"end":{"line":135,"column":null}}],"line":125},"14":{"loc":{"start":{"line":129,"column":13},"end":{"line":135,"column":null}},"type":"if","locations":[{"start":{"line":129,"column":13},"end":{"line":135,"column":null}},{"start":{"line":133,"column":13},"end":{"line":135,"column":null}}],"line":129},"15":{"loc":{"start":{"line":143,"column":10},"end":{"line":143,"column":null}},"type":"if","locations":[{"start":{"line":143,"column":10},"end":{"line":143,"column":null}},{"start":{},"end":{}}],"line":143},"16":{"loc":{"start":{"line":153,"column":6},"end":{"line":153,"column":null}},"type":"if","locations":[{"start":{"line":153,"column":6},"end":{"line":153,"column":null}},{"start":{},"end":{}}],"line":153},"17":{"loc":{"start":{"line":158,"column":17},"end":{"line":158,"column":null}},"type":"binary-expr","locations":[{"start":{"line":158,"column":17},"end":{"line":158,"column":35}},{"start":{"line":158,"column":39},"end":{"line":158,"column":null}}],"line":158}},"s":{"0":1,"1":1,"2":1,"3":1,"4":1,"5":1,"6":1,"7":1,"8":1,"9":1,"10":1,"11":1,"12":1,"13":1,"14":1,"15":1,"16":1,"17":0,"18":0,"19":0,"20":0,"21":0,"22":0,"23":0,"24":0,"25":0,"26":0,"27":0,"28":0,"29":0,"30":0,"31":0,"32":0,"33":0,"34":0,"35":0,"36":0,"37":0,"38":0,"39":0,"40":0,"41":0,"42":0,"43":0,"44":0,"45":0,"46":0,"47":0,"48":0,"49":0,"50":0,"51":0,"52":0,"53":0,"54":0,"55":0,"56":0,"57":0,"58":0,"59":0,"60":0,"61":0,"62":0,"63":0,"64":0,"65":0,"66":0,"67":0,"68":0,"69":0,"70":0,"71":0,"72":0,"73":0,"74":0,"75":0,"76":0,"77":1,"78":0,"79":1,"80":0,"81":1,"82":0,"83":0,"84":0,"85":0,"86":0,"87":0,"88":0,"89":0,"90":0,"91":0,"92":0,"93":0,"94":0,"95":0,"96":0,"97":0,"98":0,"99":0,"100":2,"101":0,"102":0,"103":0,"104":0,"105":0,"106":0,"107":2,"108":0,"109":0,"110":0,"111":0,"112":0,"113":0,"114":0,"115":0,"116":0,"117":0,"118":0,"119":0,"120":0,"121":0,"122":1},"f":{"0":1,"1":1,"2":1,"3":0,"4":0,"5":0,"6":0,"7":0,"8":0,"9":0,"10":0,"11":0,"12":0,"13":0,"14":0,"15":0,"16":0,"17":0,"18":0,"19":0,"20":0,"21":0,"22":1,"23":0,"24":0,"25":0,"26":2,"27":0,"28":0,"29":0,"30":2,"31":0,"32":0,"33":0,"34":0,"35":0},"b":{"0":[0,0],"1":[0,0],"2":[0,0],"3":[0,0],"4":[0,0],"5":[0,0],"6":[0,0],"7":[0,0],"8":[0,0],"9":[0,0],"10":[0,0],"11":[0,0],"12":[0,0],"13":[0,0],"14":[0,0],"15":[0,0],"16":[0,0],"17":[0,0]},"meta":{"lastBranch":18,"lastFunction":36,"lastStatement":123,"seen":{"s:1:28:1:41":0,"s:2:12:2:26":1,"s:3:12:3:35":2,"s:4:18:4:42":3,"s:5:23:5:36":4,"s:6:12:6:31":5,"s:7:30:7:49":6,"f:10:2:10:13":0,"s:11:4:11:Infinity":7,"s:12:4:12:Infinity":8,"s:13:4:13:Infinity":9,"s:14:4:14:Infinity":10,"f:17:2:17:6":1,"s:18:4:18:Infinity":11,"s:19:4:19:Infinity":12,"s:20:4:20:Infinity":13,"s:21:4:21:Infinity":14,"s:22:4:22:Infinity":15,"f:25:2:25:15":2,"s:26:4:99:Infinity":16,"f:26:34:26:35":3,"s:27:19:27:62":17,"s:28:27:28:60":18,"b:28:27:28:51:28:55:28:60":0,"s:30:6:30:Infinity":19,"s:31:6:33:Infinity":20,"f:31:20:31:21":4,"s:32:8:32:Infinity":21,"b:35:6:52:Infinity:undefined:undefined:undefined:undefined":1,"s:35:6:52:Infinity":22,"s:36:23:36:24":23,"s:37:25:48:16":24,"f:37:37:37:38":5,"b:38:10:41:Infinity:undefined:undefined:undefined:undefined":2,"s:38:10:41:Infinity":25,"s:39:12:39:Infinity":26,"s:40:12:40:Infinity":27,"s:42:26:42:49":28,"s:43:29:43:52":29,"b:44:10:47:Infinity:undefined:undefined:undefined:undefined":3,"s:44:10:47:Infinity":30,"s:45:12:45:Infinity":31,"s:46:12:46:Infinity":32,"f:46:31:46:32":6,"s:46:38:46:64":33,"s:49:8:49:Infinity":34,"f:49:23:49:24":7,"s:49:29:49:52":35,"s:50:8:50:Infinity":36,"f:50:23:50:24":8,"s:50:29:50:52":37,"s:51:8:51:Infinity":38,"b:54:6:97:Infinity:undefined:undefined:undefined:undefined":4,"s:54:6:97:Infinity":39,"s:55:30:55:70":40,"s:56:24:56:64":41,"f:56:43:56:44":9,"s:56:50:56:63":42,"b:58:8:95:Infinity:74:15:95:Infinity":5,"s:58:8:95:Infinity":43,"s:59:23:59:65":44,"s:60:10:62:Infinity":45,"f:60:33:60:34":10,"b:61:12:61:Infinity:undefined:undefined:undefined:undefined":6,"s:61:12:61:Infinity":46,"s:61:43:61:Infinity":47,"s:63:26:69:11":48,"f:63:26:63:27":11,"s:64:12:68:Infinity":49,"s:65:14:65:Infinity":50,"s:70:10:70:Infinity":51,"s:71:10:73:Infinity":52,"f:71:25:71:26":12,"s:72:12:72:Infinity":53,"b:75:10:76:Infinity:undefined:undefined:undefined:undefined":7,"s:75:10:76:Infinity":54,"s:76:12:76:Infinity":55,"s:77:27:92:18":56,"f:77:39:77:44":13,"b:78:12:81:Infinity:undefined:undefined:undefined:undefined":8,"s:78:12:81:Infinity":57,"s:79:14:79:Infinity":58,"s:80:14:80:Infinity":59,"s:82:40:90:14":60,"f:82:58:82:59":14,"s:83:24:83:59":61,"s:84:24:84:26":62,"s:85:14:87:Infinity":63,"f:85:34:85:35":15,"s:86:16:86:Infinity":64,"s:88:14:88:Infinity":65,"f:88:28:88:29":16,"s:88:38:88:83":66,"s:89:14:89:Infinity":67,"f:89:28:89:29":17,"s:89:34:89:73":68,"b:91:12:91:Infinity:undefined:undefined:undefined:undefined":9,"s:91:12:91:Infinity":69,"b:91:16:91:23:91:27:91:33":10,"s:91:35:91:Infinity":70,"s:93:10:93:Infinity":71,"f:93:25:93:26":18,"s:93:31:93:54":72,"s:94:10:94:Infinity":73,"f:94:25:94:26":19,"s:94:31:94:54":74,"s:96:8:96:Infinity":75,"s:98:6:98:Infinity":76,"s:101:4:101:Infinity":77,"f:101:29:101:30":20,"s:101:38:101:93":78,"s:102:4:102:Infinity":79,"f:102:31:102:32":21,"s:102:40:102:97":80,"f:105:2:105:14":22,"s:106:4:136:Infinity":81,"f:106:25:106:26":23,"s:107:23:107:54":82,"s:109:8:110:74":83,"b:109:8:109:38:110:8:110:74":11,"b:112:6:116:Infinity:undefined:undefined:undefined:undefined":12,"s:112:6:116:Infinity":84,"s:113:8:113:Infinity":85,"s:114:8:114:Infinity":86,"s:115:8:115:Infinity":87,"s:117:6:123:Infinity":88,"s:118:8:118:Infinity":89,"s:120:8:120:Infinity":90,"s:121:8:121:Infinity":91,"s:122:8:122:Infinity":92,"b:125:6:135:Infinity:129:13:135:Infinity":13,"s:125:6:135:Infinity":93,"s:126:8:128:Infinity":94,"f:126:58:126:59":24,"s:127:10:127:Infinity":95,"b:129:13:135:Infinity:133:13:135:Infinity":14,"s:129:13:135:Infinity":96,"s:130:8:132:Infinity":97,"f:130:60:130:61":25,"s:131:10:131:Infinity":98,"s:134:8:134:Infinity":99,"f:139:2:139:16":26,"s:140:4:148:Infinity":100,"f:140:34:140:35":27,"s:141:6:147:Infinity":101,"f:141:45:141:46":28,"s:142:8:146:Infinity":102,"f:142:28:142:29":29,"b:143:10:143:Infinity:undefined:undefined:undefined:undefined":15,"s:143:10:143:Infinity":103,"s:143:36:143:Infinity":104,"s:144:10:144:Infinity":105,"s:145:10:145:Infinity":106,"f:151:2:151:16":30,"s:152:4:163:Infinity":107,"f:152:41:152:46":31,"b:153:6:153:Infinity:undefined:undefined:undefined:undefined":16,"s:153:6:153:Infinity":108,"s:153:45:153:Infinity":109,"s:154:6:162:Infinity":110,"s:155:22:155:47":111,"s:156:28:156:83":112,"f:156:41:156:42":32,"s:156:48:156:58":113,"f:156:64:156:65":33,"s:156:71:156:82":114,"s:157:8:159:Infinity":115,"f:158:10:158:11":34,"s:158:17:158:Infinity":116,"b:158:17:158:35:158:39:158:Infinity":17,"s:161:8:161:Infinity":117,"f:166:2:166:10":35,"s:167:4:167:Infinity":118,"s:168:4:168:Infinity":119,"s:169:4:169:Infinity":120,"s:170:4:170:Infinity":121,"s:174:0:174:Infinity":122}}}
,"/home/faleryo/wg-fux/api-service/src/utils/errors.js": {"path":"/home/faleryo/wg-fux/api-service/src/utils/errors.js","statementMap":{"0":{"start":{"line":5,"column":20},"end":{"line":46,"column":1}},"1":{"start":{"line":6,"column":16},"end":{"line":6,"column":20}},"2":{"start":{"line":9,"column":2},"end":{"line":22,"column":null}},"3":{"start":{"line":10,"column":4},"end":{"line":10,"column":null}},"4":{"start":{"line":11,"column":19},"end":{"line":15,"column":12}},"5":{"start":{"line":17,"column":4},"end":{"line":20,"column":null}},"6":{"start":{"line":17,"column":33},"end":{"line":20,"column":5}},"7":{"start":{"line":21,"column":4},"end":{"line":21,"column":null}},"8":{"start":{"line":24,"column":20},"end":{"line":31,"column":3}},"9":{"start":{"line":33,"column":21},"end":{"line":33,"column":43}},"10":{"start":{"line":35,"column":2},"end":{"line":45,"column":null}},"11":{"start":{"line":52,"column":18},"end":{"line":54,"column":1}},"12":{"start":{"line":52,"column":26},"end":{"line":54,"column":1}},"13":{"start":{"line":53,"column":2},"end":{"line":53,"column":null}},"14":{"start":{"line":56,"column":0},"end":{"line":59,"column":null}}},"fnMap":{"0":{"name":"(anonymous_0)","decl":{"start":{"line":5,"column":20},"end":{"line":5,"column":21}},"loc":{"start":{"line":5,"column":78},"end":{"line":46,"column":1}},"line":5},"1":{"name":"(anonymous_1)","decl":{"start":{"line":17,"column":25},"end":{"line":17,"column":26}},"loc":{"start":{"line":17,"column":33},"end":{"line":20,"column":5}},"line":17},"2":{"name":"(anonymous_2)","decl":{"start":{"line":52,"column":18},"end":{"line":52,"column":19}},"loc":{"start":{"line":52,"column":26},"end":{"line":54,"column":1}},"line":52},"3":{"name":"(anonymous_3)","decl":{"start":{"line":52,"column":26},"end":{"line":52,"column":27}},"loc":{"start":{"line":52,"column":46},"end":{"line":54,"column":1}},"line":52}},"branchMap":{"0":{"loc":{"start":{"line":5,"column":37},"end":{"line":5,"column":60}},"type":"default-arg","locations":[{"start":{"line":5,"column":44},"end":{"line":5,"column":60}}],"line":5},"1":{"loc":{"start":{"line":5,"column":62},"end":{"line":5,"column":73}},"type":"default-arg","locations":[{"start":{"line":5,"column":69},"end":{"line":5,"column":73}}],"line":5},"2":{"loc":{"start":{"line":9,"column":2},"end":{"line":22,"column":null}},"type":"if","locations":[{"start":{"line":9,"column":2},"end":{"line":22,"column":null}},{"start":{},"end":{}}],"line":9},"3":{"loc":{"start":{"line":9,"column":6},"end":{"line":9,"column":69}},"type":"binary-expr","locations":[{"start":{"line":9,"column":6},"end":{"line":9,"column":11}},{"start":{"line":9,"column":15},"end":{"line":9,"column":40}},{"start":{"line":9,"column":44},"end":{"line":9,"column":69}}],"line":9},"4":{"loc":{"start":{"line":11,"column":19},"end":{"line":15,"column":12}},"type":"cond-expr","locations":[{"start":{"line":12,"column":8},"end":{"line":12,"column":20}},{"start":{"line":13,"column":8},"end":{"line":15,"column":12}}],"line":11},"5":{"loc":{"start":{"line":13,"column":8},"end":{"line":15,"column":12}},"type":"cond-expr","locations":[{"start":{"line":14,"column":10},"end":{"line":14,"column":22}},{"start":{"line":15,"column":10},"end":{"line":15,"column":12}}],"line":13},"6":{"loc":{"start":{"line":18,"column":12},"end":{"line":18,"column":57}},"type":"cond-expr","locations":[{"start":{"line":18,"column":36},"end":{"line":18,"column":52}},{"start":{"line":18,"column":55},"end":{"line":18,"column":57}}],"line":18},"7":{"loc":{"start":{"line":19,"column":15},"end":{"line":19,"column":46}},"type":"binary-expr","locations":[{"start":{"line":19,"column":15},"end":{"line":19,"column":24}},{"start":{"line":19,"column":28},"end":{"line":19,"column":46}}],"line":19},"8":{"loc":{"start":{"line":21,"column":14},"end":{"line":21,"column":44}},"type":"binary-expr","locations":[{"start":{"line":21,"column":14},"end":{"line":21,"column":21}},{"start":{"line":21,"column":25},"end":{"line":21,"column":44}}],"line":21},"9":{"loc":{"start":{"line":33,"column":21},"end":{"line":33,"column":43}},"type":"binary-expr","locations":[{"start":{"line":33,"column":21},"end":{"line":33,"column":36}},{"start":{"line":33,"column":40},"end":{"line":33,"column":43}}],"line":33},"10":{"loc":{"start":{"line":38,"column":11},"end":{"line":38,"column":80}},"type":"cond-expr","locations":[{"start":{"line":38,"column":39},"end":{"line":38,"column":44}},{"start":{"line":38,"column":47},"end":{"line":38,"column":80}}],"line":38},"11":{"loc":{"start":{"line":38,"column":47},"end":{"line":38,"column":80}},"type":"binary-expr","locations":[{"start":{"line":38,"column":47},"end":{"line":38,"column":61}},{"start":{"line":38,"column":65},"end":{"line":38,"column":80}}],"line":38},"12":{"loc":{"start":{"line":40,"column":6},"end":{"line":40,"column":97}},"type":"binary-expr","locations":[{"start":{"line":40,"column":6},"end":{"line":40,"column":13}},{"start":{"line":40,"column":18},"end":{"line":40,"column":68}},{"start":{"line":40,"column":73},"end":{"line":40,"column":97}}],"line":40},"13":{"loc":{"start":{"line":41,"column":10},"end":{"line":41,"column":29}},"type":"binary-expr","locations":[{"start":{"line":41,"column":10},"end":{"line":41,"column":21}},{"start":{"line":41,"column":25},"end":{"line":41,"column":29}}],"line":41},"14":{"loc":{"start":{"line":42,"column":10},"end":{"line":42,"column":22}},"type":"binary-expr","locations":[{"start":{"line":42,"column":10},"end":{"line":42,"column":14}},{"start":{"line":42,"column":18},"end":{"line":42,"column":22}}],"line":42}},"s":{"0":1,"1":2,"2":2,"3":1,"4":1,"5":1,"6":1,"7":1,"8":2,"9":2,"10":2,"11":1,"12":65,"13":1,"14":1},"f":{"0":2,"1":1,"2":65,"3":1},"b":{"0":[2],"1":[2],"2":[1,1],"3":[2,2,1],"4":[0,1],"5":[1,0],"6":[1,0],"7":[1,0],"8":[1,0],"9":[2,1],"10":[1,1],"11":[1,0],"12":[2,0,0],"13":[2,2],"14":[2,1]},"meta":{"lastBranch":15,"lastFunction":4,"lastStatement":15,"seen":{"s:5:20:46:1":0,"f:5:20:5:21":0,"b:5:44:5:60":0,"b:5:69:5:73":1,"s:6:16:6:20":1,"b:9:2:22:Infinity:undefined:undefined:undefined:undefined":2,"s:9:2:22:Infinity":2,"b:9:6:9:11:9:15:9:40:9:44:9:69":3,"s:10:4:10:Infinity":3,"s:11:19:15:12":4,"b:12:8:12:20:13:8:15:12":4,"b:14:10:14:22:15:10:15:12":5,"s:17:4:20:Infinity":5,"f:17:25:17:26":1,"s:17:33:20:5":6,"b:18:36:18:52:18:55:18:57":6,"b:19:15:19:24:19:28:19:46":7,"s:21:4:21:Infinity":7,"b:21:14:21:21:21:25:21:44":8,"s:24:20:31:3":8,"s:33:21:33:43":9,"b:33:21:33:36:33:40:33:43":9,"s:35:2:45:Infinity":10,"b:38:39:38:44:38:47:38:80":10,"b:38:47:38:61:38:65:38:80":11,"b:40:6:40:13:40:18:40:68:40:73:40:97":12,"b:41:10:41:21:41:25:41:29":13,"b:42:10:42:14:42:18:42:22":14,"s:52:18:54:1":11,"f:52:18:52:19":2,"s:52:26:54:1":12,"f:52:26:52:27":3,"s:53:2:53:Infinity":13,"s:56:0:59:Infinity":14}}}
,"/home/faleryo/wg-fux/api-service/src/utils/validation.js": {"path":"/home/faleryo/wg-fux/api-service/src/utils/validation.js","statementMap":{"0":{"start":{"line":1,"column":14},"end":{"line":1,"column":28}},"1":{"start":{"line":3,"column":25},"end":{"line":7,"column":2}},"2":{"start":{"line":9,"column":21},"end":{"line":13,"column":2}},"3":{"start":{"line":15,"column":0},"end":{"line":18,"column":null}}},"fnMap":{},"branchMap":{},"s":{"0":1,"1":1,"2":1,"3":1},"f":{},"b":{},"meta":{"lastBranch":0,"lastFunction":0,"lastStatement":4,"seen":{"s:1:14:1:28":0,"s:3:25:7:2":1,"s:9:21:13:2":2,"s:15:0:18:Infinity":3}}}
}
